<?xml version="1.0" encoding="UTF-8"?>
<robot generator="Robot 7.5 (Python 3.12.14 on linux)" generated="2026-09-22T13:13:52.829550" rpa="false" schemaversion="5">
<suite id="s1" name="API Serverrest" source="/home/runner/work/api-automation-serverest/api-automation-serverest/Tests/API_Serverrest.robot">
<kw name="Criar Sessão" owner="usuario" type="SETUP">
<kw name="Create Session" owner="RequestsLibrary">
<msg time="2026-09-22T13:13:52.960054" level="INFO">Creating Session using : alias=api, url=https://serverest.dev, headers={},                     cookies={}, auth=None, timeout=None, proxies=None, verify=False,                     debug=0 </msg>
<arg>alias=api</arg>
<arg>url=${url}</arg>
<doc>Create Session: create a HTTP session to a server</doc>
<status status="PASS" start="2026-09-22T13:13:52.959874" elapsed="0.000350"/>
</kw>
<arg>https://serverest.dev</arg>
<status status="PASS" start="2026-09-22T13:13:52.959247" elapsed="0.001058"/>
</kw>
<test id="s1-t1" name="CT-001 CRUD Usuario - Fluxo Completo" line="24">
<kw name="Gerar Email">
<kw name="Evaluate" owner="BuiltIn">
<msg time="2026-09-22T13:13:52.961454" level="INFO">${ts} = 1790082832961387105</msg>
<var>${ts}</var>
<arg>__import__('time').time_ns()</arg>
<doc>Evaluates the given expression in Python and returns the result.</doc>
<status status="PASS" start="2026-09-22T13:13:52.961048" elapsed="0.000435"/>
</kw>
<kw name="Set Variable" owner="BuiltIn">
<msg time="2026-09-22T13:13:52.961910" level="INFO">${email} = ct001_1790082832961387105@test.com</msg>
<var>${email}</var>
<arg>${prefixo}_${ts}@test.com</arg>
<doc>Returns the given values which can then be assigned to a variable.</doc>
<status status="PASS" start="2026-09-22T13:13:52.961593" elapsed="0.000341"/>
</kw>
<return>
<value>${email}</value>
<status status="PASS" start="2026-09-22T13:13:52.961982" elapsed="0.000044"/>
</return>
<msg time="2026-09-22T13:13:52.962130" level="INFO">${email} = ct001_1790082832961387105@test.com</msg>
<var>${email}</var>
<arg>ct001</arg>
<status status="PASS" start="2026-09-22T13:13:52.960787" elapsed="0.001363"/>
</kw>
<kw name="Cadastrar Usuario" owner="usuario">
<kw name="Create Dictionary" owner="BuiltIn">
<msg time="2026-09-22T13:13:52.962949" level="INFO">${header} = {'Content-Type': 'application/json'}</msg>
<var>${header}</var>
<arg>Content-Type=application/json</arg>
<doc>Creates and returns a dictionary based on the given `items`.</doc>
<status status="PASS" start="2026-09-22T13:13:52.962572" elapsed="0.000401"/>
</kw>
<kw name="Set Variable" owner="BuiltIn">
<msg time="2026-09-22T13:13:52.963333" level="INFO">${body} = {"nome":"Usuário Teste","email":"ct001_1790082832961387105@test.com","password":"123456","administrador":"true"}</msg>
<var>${body}</var>
<arg>{"nome":"Usuário Teste","email":"${email}","password":"${password}","administrador":"true"}</arg>
<doc>Returns the given values which can then be assigned to a variable.</doc>
<status status="PASS" start="2026-09-22T13:13:52.963075" elapsed="0.000282"/>
</kw>
<kw name="POST On Session" owner="RequestsLibrary">
<msg time="2026-09-22T13:13:53.173888" level="INFO">POST Request : url=https://serverest.dev/usuarios 
 path_url=/usuarios 
 headers={'User-Agent': 'python-requests/2.34.2', 'Accept-Encoding': 'gzip, deflate', 'Accept': '*/*', 'Connection': 'keep-alive', 'Content-Type': 'application/json', 'Content-Length': '113'} 
 body={"nome":"Usuário Teste","email":"ct001_1790082832961387105@test.com","password":"123456","administrador":"true"} 
 </msg>
<msg time="2026-09-22T13:13:53.174001" level="INFO">POST Response : url=https://serverest.dev/usuarios 
 status=201, reason=Created 
 headers={'access-control-allow-origin': '*', 'x-dns-prefetch-control': 'off', 'x-frame-options': 'SAMEORIGIN', 'strict-transport-security': 'max-age=15552000; includeSubDomains', 'x-download-options': 'noopen', 'x-content-type-options': 'nosniff', 'x-xss-protection': '1; mode=block', 'content-type': 'application/json; charset=utf-8', 'x-cloud-trace-context': '484476ef584f4ab0cc29368eea4e14a1', 'date': 'Tue, 22 Sep 2026 13:13:53 GMT', 'server': 'Google Frontend', 'Content-Length': '82'} 
 body={
    "message": "Cadastro realizado com sucesso",
    "_id": "1E9DwfqBqiSaYC2V"
} 
 </msg>
<msg time="2026-09-22T13:13:53.174084" level="INFO">/opt/hostedtoolcache/Python/3.12.14/x64/lib/python3.12/site-packages/urllib3/connectionpool.py:1129: InsecureRequestWarning: Unverified HTTPS request is being made to host 'serverest.dev'. Adding certificate verification is strongly advised. See: https://urllib3.readthedocs.io/en/latest/advanced-usage.html#tls-warnings
  warnings.warn(</msg>
<msg time="2026-09-22T13:13:53.174275" level="INFO">${response} = &lt;Response [201]&gt;</msg>
<var>${response}</var>
<arg>alias=api</arg>
<arg>url=/usuarios</arg>
<arg>headers=${header}</arg>
<arg>data=${body}</arg>
<arg>expected_status=201</arg>
<doc>Sends a POST request on a previously created HTTP Session.</doc>
<status status="PASS" start="2026-09-22T13:13:52.963462" elapsed="0.210845"/>
</kw>
<kw name="Set Variable" owner="BuiltIn">
<msg time="2026-09-22T13:13:53.174998" level="INFO">${id} = 1E9DwfqBqiSaYC2V</msg>
<var>${id}</var>
<arg>${response.json()['_id']}</arg>
<doc>Returns the given values which can then be assigned to a variable.</doc>
<status status="PASS" start="2026-09-22T13:13:53.174495" elapsed="0.000527"/>
</kw>
<kw name="Should Be Equal As Strings" owner="BuiltIn">
<arg>${response.json()['message']}</arg>
<arg>Cadastro realizado com sucesso</arg>
<doc>Fails if objects are unequal after converting them to strings.</doc>
<status status="PASS" start="2026-09-22T13:13:53.175140" elapsed="0.000347"/>
</kw>
<return>
<value>${id}</value>
<status status="PASS" start="2026-09-22T13:13:53.175540" elapsed="0.000049"/>
</return>
<msg time="2026-09-22T13:13:53.175738" level="INFO">${id} = 1E9DwfqBqiSaYC2V</msg>
<var>${id}</var>
<arg>${email}</arg>
<arg>${PASSWORD}</arg>
<status status="PASS" start="2026-09-22T13:13:52.962290" elapsed="0.213471"/>
</kw>
<kw name="Login do Usuario" owner="usuario">
<kw name="Create Dictionary" owner="BuiltIn">
<msg time="2026-09-22T13:13:53.176551" level="INFO">${header} = {'Content-Type': 'application/json'}</msg>
<var>${header}</var>
<arg>Content-Type=application/json</arg>
<doc>Creates and returns a dictionary based on the given `items`.</doc>
<status status="PASS" start="2026-09-22T13:13:53.176253" elapsed="0.000321"/>
</kw>
<kw name="POST On Session" owner="RequestsLibrary">
<msg time="2026-09-22T13:13:53.251197" level="INFO">POST Request : url=https://serverest.dev/login 
 path_url=/login 
 headers={'User-Agent': 'python-requests/2.34.2', 'Accept-Encoding': 'gzip, deflate', 'Accept': '*/*', 'Connection': 'keep-alive', 'Content-Type': 'application/json', 'Content-Length': '66'} 
 body={"email":"ct001_1790082832961387105@test.com","password":"123456"} 
 </msg>
<msg time="2026-09-22T13:13:53.251266" level="INFO">POST Response : url=https://serverest.dev/login 
 status=200, reason=OK 
 headers={'access-control-allow-origin': '*', 'x-dns-prefetch-control': 'off', 'x-frame-options': 'SAMEORIGIN', 'strict-transport-security': 'max-age=15552000; includeSubDomains', 'x-download-options': 'noopen', 'x-content-type-options': 'nosniff', 'x-xss-protection': '1; mode=block', 'content-type': 'application/json; charset=utf-8', 'x-cloud-trace-context': 'f8fccd00dfa16129cc29368eea4e194a', 'date': 'Tue, 22 Sep 2026 13:13:53 GMT', 'server': 'Google Frontend', 'Content-Length': '295'} 
 body={
    "message": "Login realizado com sucesso",
    "authorization": "Bearer eyJhbGciOiJIUzI1NiIsInR5cCI6IkpXVCJ9.eyJlbWFpbCI6ImN0MDAxXzE3OTAwODI4MzI5NjEzODcxMDVAdGVzdC5jb20iLCJwYXNzd29yZCI6IjEyMzQ1NiIsImlhdCI6MTc5MDA4MjgzMywiZXhwIjoxNzkwMDgzNDMzfQ.6iFXHRis7DEKEmbBYGcdQo9pf_aliG3Sx9NSdGt0P1c"
} 
 </msg>
<msg time="2026-09-22T13:13:53.251333" level="INFO">/opt/hostedtoolcache/Python/3.12.14/x64/lib/python3.12/site-packages/urllib3/connectionpool.py:1129: InsecureRequestWarning: Unverified HTTPS request is being made to host 'serverest.dev'. Adding certificate verification is strongly advised. See: https://urllib3.readthedocs.io/en/latest/advanced-usage.html#tls-warnings
  warnings.warn(</msg>
<msg time="2026-09-22T13:13:53.251527" level="INFO">${response} = &lt;Response [200]&gt;</msg>
<var>${response}</var>
<arg>alias=api</arg>
<arg>url=/login</arg>
<arg>headers=${header}</arg>
<arg>data={"email":"${email}","password":"${password}"}</arg>
<arg>expected_status=200</arg>
<doc>Sends a POST request on a previously created HTTP Session.</doc>
<status status="PASS" start="2026-09-22T13:13:53.176702" elapsed="0.074871"/>
</kw>
<kw name="Set Variable" owner="BuiltIn">
<msg time="2026-09-22T13:13:53.252097" level="INFO">${token} = Bearer eyJhbGciOiJIUzI1NiIsInR5cCI6IkpXVCJ9.eyJlbWFpbCI6ImN0MDAxXzE3OTAwODI4MzI5NjEzODcxMDVAdGVzdC5jb20iLCJwYXNzd29yZCI6IjEyMzQ1NiIsImlhdCI6MTc5MDA4MjgzMywiZXhwIjoxNzkwMDgzNDMzfQ.6iFXHRis7DEKEmbBYGcdQ...</msg>
<var>${token}</var>
<arg>${response.json()['authorization']}</arg>
<doc>Returns the given values which can then be assigned to a variable.</doc>
<status status="PASS" start="2026-09-22T13:13:53.251750" elapsed="0.000373"/>
</kw>
<kw name="Should Be Equal As Strings" owner="BuiltIn">
<arg>${response.json()['message']}</arg>
<arg>Login realizado com sucesso</arg>
<doc>Fails if objects are unequal after converting them to strings.</doc>
<status status="PASS" start="2026-09-22T13:13:53.252234" elapsed="0.000318"/>
</kw>
<return>
<value>${token}</value>
<status status="PASS" start="2026-09-22T13:13:53.252599" elapsed="0.000056"/>
</return>
<msg time="2026-09-22T13:13:53.252761" level="INFO">${token} = Bearer eyJhbGciOiJIUzI1NiIsInR5cCI6IkpXVCJ9.eyJlbWFpbCI6ImN0MDAxXzE3OTAwODI4MzI5NjEzODcxMDVAdGVzdC5jb20iLCJwYXNzd29yZCI6IjEyMzQ1NiIsImlhdCI6MTc5MDA4MjgzMywiZXhwIjoxNzkwMDgzNDMzfQ.6iFXHRis7DEKEmbBYGcdQ...</msg>
<var>${token}</var>
<arg>${email}</arg>
<arg>${PASSWORD}</arg>
<status status="PASS" start="2026-09-22T13:13:53.175932" elapsed="0.076852"/>
</kw>
<kw name="Consultar Usuario Lista" owner="usuario">
<kw name="Create Dictionary" owner="BuiltIn">
<msg time="2026-09-22T13:13:53.253436" level="INFO">${header} = {'Content-Type': 'application/json'}</msg>
<var>${header}</var>
<arg>Content-Type=application/json</arg>
<doc>Creates and returns a dictionary based on the given `items`.</doc>
<status status="PASS" start="2026-09-22T13:13:53.253170" elapsed="0.000288"/>
</kw>
<kw name="GET On Session" owner="RequestsLibrary">
<msg time="2026-09-22T13:13:53.358344" level="INFO">GET Request : url=https://serverest.dev/usuarios 
 path_url=/usuarios 
 headers={'User-Agent': 'python-requests/2.34.2', 'Accept-Encoding': 'gzip, deflate', 'Accept': '*/*', 'Connection': 'keep-alive', 'Content-Type': 'application/json'} 
 body=None 
 </msg>
<msg time="2026-09-22T13:13:53.358469" level="INFO">GET Response : url=https://serverest.dev/usuarios 
 status=200, reason=OK 
 headers={'access-control-allow-origin': '*', 'x-dns-prefetch-control': 'off', 'x-frame-options': 'SAMEORIGIN', 'strict-transport-security': 'max-age=15552000; includeSubDomains', 'x-download-options': 'noopen', 'x-content-type-options': 'nosniff', 'x-xss-protection': '1; mode=block', 'content-type': 'application/json; charset=utf-8', 'x-cloud-trace-context': '13083942de18f81ecc29368eea4e1675', 'date': 'Tue, 22 Sep 2026 13:13:53 GMT', 'server': 'Google Frontend', 'Content-Length': '58822'} 
 body={
    "quantidade": 262,
    "usuarios": [
        {
            "email": "argentina.brown@hotmail.com",
            "password": "teste",
            "nome": "Luis Klocko III",
            "administrador": "true",
            "_id": "02sNpRuXKPm5nGBi"
        },
        {
            "nome": "Grace Kassulke",
            "email": "Kaylee.Runolfsdottir@hotmail.com",
            "password": "7QPH7gp5",
            "administrador": "true",
            "_id": "0CGMUiUiQuk0aWTy"
        },
        {
            "nome": "Luciana",
            "email": "Daryl68@gmail.com",
            "password": "teste",
            "administrador": "true",
            "_id": "0fXs8jdC0DEeH8vh"
        },
        {
            "email": "evan.block@yahoo.com",
            "password": "teste",
            "nome": "Miss Renea Ankunding",
            "administrador": "true",
            "_id": "0uV2urtRkX2LZBv0"
        },
        {
            "nome": "Fulano da Silva",
            "email": "fulano@qa.com",
            "password": "teste",
            "administrador": "true",
            "_id": "0uxuPY0cbmQhpEz1"
        },
        {
            "email": "kourtney.cummerata@hotmail.com",
            "password": "teste",
            "nome": "Mrs. Desiree Beer",
            "administrador": "true",
            "_id": "14em5Sz2U01iKnO4"
        },
        {
            "nome": "Usuário Teste",
            "email": "ct001_1790082832961387105@test.com",
            "password": "123456",
            "administrador": "true",
            "_id": "1E9DwfqBqiSaYC2V"
        },
        {
            "nome": "Alex Marks",
            "email": "Hassan95@gmail.com",
            "password": "vd51k8Do",
            "administrador": "true",
            "_id": "1FJT9mACJjWIKWJO"
        },
        {
            "email": "delisa.durgan@yahoo.com",
            "password": "teste",
            "nome": "Mr. Peter Spinka",
            "administrador": "true",
            "_id": "1YGWrdAedBycawUB"
        },
        {
            "nome": "QA User",
            "password": "testpassword",
            "administrador": "false",
            "email": "qa.1790074696142.6443@test.com",
            "_id": "1gN3lZ40yEEuBKgE"
        },
        {
            "email": "justin.runolfsson@gmail.com",
            "password": "teste",
            "nome": "Louis Luettgen",
            "administrador": "true",
            "_id": "2UK9G5fjm46OU9UO"
        },
        {
            "email": "harris.rogahn@yahoo.com",
            "password": "teste",
            "nome": "Emil Upton",
            "administrador": "true",
            "_id": "2UjpUYEOQaMfrIUv"
        },
        {
            "email": "lilli.tremblay@gmail.com",
            "password": "teste",
            "nome": "Carita Howe",
            "administrador": "true",
            "_id": "2ne4LZCVS8Vq6aVn"
        },
        {
            "email": "maricruz.wolf@yahoo.com",
            "password": "teste",
            "nome": "Martin Flatley",
            "administrador": "true",
            "_id": "3Byc07OcLQWVB3GB"
        },
        {
            "email": "paige.mueller@gmail.com",
            "password": "teste",
            "nome": "Cesar Muller",
            "administrador": "true",
            "_id": "3CsUGT1LTARDMpw3"
        },
        {
            "nome": "Josephine Von",
            "email": "Elta50@yahoo.com",
            "password": "npN6OIPP",
            "administrador": "true",
            "_id": "3mVATv9KNs2ujhhO"
        },
        {
            "nome": "Mrs. Andrea Kuphal",
            "email": "Derrick_Conroy62@gmail.com",
            "password": "SKQ4GjPH",
            "administrador": "true",
            "_id": "410T6mFhdk0vUFlE"
        },
        {
            "nome": "QA Automation 1790078703604-8990",
            "email": "qa.automation.1790078703604-8990@example.com",
            "password": "Teste@12345",
            "administrador": "true",
            "_id": "44A5ObGBxN5GXbSr"
        },
        {
            "email": "evelyne.mosciski@yahoo.com",
            "password": "teste",
            "nome": "Thanh Kihn",
            "administrador": "true",
            "_id": "4KrxumVVBltZsIH1"
        },
        {
            "email": "onie.schmeler@hotmail.com",
            "password": "teste",
            "nome": "Myrta Reichel",
            "administrador": "true",
            "_id": "4Prmefk8eRpGWSqV"
        },
        {
            "email": "belkis.torphy@gmail.com",
            "password": "teste",
            "nome": "Deangelo Dicki",
            "administrador": "true",
            "_id": "4dRtiNnKUDJeR8Xv"
        },
        {
            "email": "chelsea.sawayn@hotmail.com",
            "password": "teste",
            "nome": "Karissa Swift",
            "administrador": "true",
            "_id": "4oArSfZar6NrD1EJ"
        },
        {
            "email": "edgar.leffler@hotmail.com",
            "password": "teste",
            "nome": "Denis Buckridge",
            "administrador": "true",
            "_id": "5TyBIq0ZYtKCEquw"
        },
        {
            "email": "delicia.marquardt@gmail.com",
            "password": "teste",
            "nome": "Sabina Bahringer",
            "administrador": "false",
            "_id": "5XhwwUMohDhim8sm"
        },
        {
            "nome": "Mamie Bayer",
            "email": "Aliyah_Raynor90@hotmail.com",
            "password": "iQs0DAYb",
            "administrador": "true",
            "_id": "5eGHhLzAgbiCbRJo"
        },
        {
            "email": "jerold.cassin@gmail.com",
            "password": "teste",
            "nome": "Haywood Hoeger",
            "administrador": "true",
            "_id": "5m33lzcaiGcc9QGq"
        },
        {
            "email": "marilynn.prohaska@hotmail.com",
            "password": "teste",
            "nome": "Dr. Pete Will",
            "administrador": "true",
            "_id": "5vZc03Su3ir00Yxk"
        },
        {
            "nome": "QA Automation 1790077507810-8712",
            "email": "qa.automation.1790077507810-8712@example.com",
            "password": "Teste@12345",
            "administrador": "true",
            "_id": "67NzeJ1qjGzxdNcI"
        },
        {
            "email": "nohemi.brown@yahoo.com",
            "password": "teste",
            "nome": "Virgilio Ebert",
            "administrador": "true",
            "_id": "6E4XGeImsnEGNQsb"
        },
        {
            "email": "kenia.rohan@yahoo.com",
            "password": "teste",
            "nome": "Kirby Moen III",
            "administrador": "true",
            "_id": "6arYpp1VDBuq44wL"
        },
        {
            "nome": "Fulano da Silva",
            "email": "beltrano@qa.com.br",
            "password": "teste",
            "administrador": "true",
            "_id": "71X3GRi0mWadzYqA"
        },
        {
            "nome": "QA Automation 1790078814009-3170",
            "email": "qa.automation.1790078814009-3170@example.com",
            "password": "Teste@12345",
            "administrador": "true",
            "_id": "72ecl3Q4GiF90PJb"
        },
        {
            "nome": "Misty Nitzsche",
            "email": "Brain_Heaney@yahoo.com",
            "password": "megyWBwF",
            "administrador": "true",
            "_id": "739NCHW2TliEYzSL"
        },
        {
            "email": "randell.steuber@gmail.com",
            "password": "teste",
            "nome": "Robbie Thiel IV",
            "administrador": "false",
            "_id": "7XMwk2PkmMQ7sJZL"
        },
        {
            "nome": "Beterraba",
            "email": "beterraba@qa.com.br",
            "password": "testeBeterraba",
            "administrador": "true",
            "_id": "7fAZEiUJ4Vz3JJgJ"
        },
        {
            "email": "eldon.haag@hotmail.com",
            "password": "teste",
            "nome": "Benita Shanahan",
            "administrador": "true",
            "_id": "85qHtSLLAeI418u4"
        },
        {
            "email": "melodi.bernhard@hotmail.com",
            "password": "teste",
            "nome": "Lawanda Cassin PhD",
            "administrador": "true",
            "_id": "85rsT9ncC2Hm4WrE"
        },
        {
            "nome": "QA Automation 1790079153730-9037",
            "email": "qa.automation.1790079153730-9037@example.com",
            "password": "Teste@12345",
            "administrador": "true",
            "_id": "8S3DhBAxKDLZSseT"
        },
        {
            "nome": "Ron Sipes",
            "email": "Glenna_Gislason@hotmail.com",
            "password": "asYIBhRD",
            "administrador": "true",
            "_id": "8goeriDu9oxyYbaj"
        },
        {
            "email": "flor.huel@yahoo.com",
            "password": "teste",
            "nome": "Annita Stiedemann",
            "administrador": "true",
            "_id": "8xXLwbDAHUoYYct3"
        },
        {
            "email": "jackson.thompson@yahoo.com",
            "password": "teste",
            "nome": "Giuseppe McDermott",
            "administrador": "true",
            "_id": "97atlI9hhHaP5oY8"
        },
        {
            "email": "larae.shields@yahoo.com",
            "password": "teste",
            "nome": "Mrs. Emiko Balistreri",
            "administrador": "true",
            "_id": "9D1b9e1FpyoTbA7D"
        },
        {
            "nome": "Delia Cummings-Ebert",
            "email": "Bennie15@yahoo.com",
            "password": "r45GfilE",
            "administrador": "true",
            "_id": "9WCVphSED9IupaCh"
        },
        {
            "nome": "QA Automation 1790077116828-1786",
            "email": "qa.automation.1790077116828-1786@example.com",
            "password": "Teste@12345",
            "administrador": "true",
            "_id": "9X8lqfIG21okTDBK"
        },
        {
            "email": "idalia.kulas@gmail.com",
            "password": "teste",
            "nome": "Rebbeca Keebler V",
            "administrador": "true",
            "_id": "9dLvKaRGmbloP... (set the log level to DEBUG or TRACE to see the full content) 
 </msg>
<msg time="2026-09-22T13:13:53.358644" level="INFO">/opt/hostedtoolcache/Python/3.12.14/x64/lib/python3.12/site-packages/urllib3/connectionpool.py:1129: InsecureRequestWarning: Unverified HTTPS request is being made to host 'serverest.dev'. Adding certificate verification is strongly advised. See: https://urllib3.readthedocs.io/en/latest/advanced-usage.html#tls-warnings
  warnings.warn(</msg>
<msg time="2026-09-22T13:13:53.358786" level="INFO">${response} = &lt;Response [200]&gt;</msg>
<var>${response}</var>
<arg>alias=api</arg>
<arg>url=/usuarios</arg>
<arg>headers=${header}</arg>
<arg>expected_status=200</arg>
<doc>Sends a GET request on a previously created HTTP Session.</doc>
<status status="PASS" start="2026-09-22T13:13:53.253558" elapsed="0.105274"/>
</kw>
<status status="PASS" start="2026-09-22T13:13:53.252918" elapsed="0.106031"/>
</kw>
<kw name="Consultar Usuario ID" owner="usuario">
<kw name="Create Dictionary" owner="BuiltIn">
<msg time="2026-09-22T13:13:53.359851" level="INFO">${header} = {'Content-Type': 'application/json'}</msg>
<var>${header}</var>
<arg>Content-Type=application/json</arg>
<doc>Creates and returns a dictionary based on the given `items`.</doc>
<status status="PASS" start="2026-09-22T13:13:53.359510" elapsed="0.000365"/>
</kw>
<kw name="GET On Session" owner="RequestsLibrary">
<msg time="2026-09-22T13:13:53.434723" level="INFO">GET Request : url=https://serverest.dev/usuarios/1E9DwfqBqiSaYC2V 
 path_url=/usuarios/1E9DwfqBqiSaYC2V 
 headers={'User-Agent': 'python-requests/2.34.2', 'Accept-Encoding': 'gzip, deflate', 'Accept': '*/*', 'Connection': 'keep-alive', 'Content-Type': 'application/json'} 
 body=None 
 </msg>
<msg time="2026-09-22T13:13:53.434813" level="INFO">GET Response : url=https://serverest.dev/usuarios/1E9DwfqBqiSaYC2V 
 status=200, reason=OK 
 headers={'access-control-allow-origin': '*', 'x-dns-prefetch-control': 'off', 'x-frame-options': 'SAMEORIGIN', 'strict-transport-security': 'max-age=15552000; includeSubDomains', 'x-download-options': 'noopen', 'x-content-type-options': 'nosniff', 'x-xss-protection': '1; mode=block', 'content-type': 'application/json; charset=utf-8', 'x-cloud-trace-context': '3a95f6cbb48e34f1cc29368eea4e1fc7', 'date': 'Tue, 22 Sep 2026 13:13:53 GMT', 'server': 'Google Frontend', 'Content-Length': '169'} 
 body={
    "nome": "Usuário Teste",
    "email": "ct001_1790082832961387105@test.com",
    "password": "123456",
    "administrador": "true",
    "_id": "1E9DwfqBqiSaYC2V"
} 
 </msg>
<msg time="2026-09-22T13:13:53.434877" level="INFO">/opt/hostedtoolcache/Python/3.12.14/x64/lib/python3.12/site-packages/urllib3/connectionpool.py:1129: InsecureRequestWarning: Unverified HTTPS request is being made to host 'serverest.dev'. Adding certificate verification is strongly advised. See: https://urllib3.readthedocs.io/en/latest/advanced-usage.html#tls-warnings
  warnings.warn(</msg>
<msg time="2026-09-22T13:13:53.435041" level="INFO">${response} = &lt;Response [200]&gt;</msg>
<var>${response}</var>
<arg>alias=api</arg>
<arg>url=/usuarios/${id}</arg>
<arg>headers=${header}</arg>
<arg>expected_status=200</arg>
<doc>Sends a GET request on a previously created HTTP Session.</doc>
<status status="PASS" start="2026-09-22T13:13:53.359983" elapsed="0.075100"/>
</kw>
<arg>${id}</arg>
<status status="PASS" start="2026-09-22T13:13:53.359167" elapsed="0.076003"/>
</kw>
<kw name="Atualizar Usuario" owner="usuario">
<kw name="Get File" owner="OperatingSystem">
<msg time="2026-09-22T13:13:53.435861" level="INFO" html="true">Getting file '&lt;a href="file:///home/runner/work/api-automation-serverest/api-automation-serverest/Json/atlz_usuario.json"&gt;/home/runner/work/api-automation-serverest/api-automation-serverest/Json/atlz_usuario.json&lt;/a&gt;'.</msg>
<msg time="2026-09-22T13:13:53.436018" level="INFO">${body} = {
  "nome": "Usuário Teste Atualizado",
  "email": "user_updated_123456@test.com",
  "password": "123456",
  "administrador": "true"
}
</msg>
<var>${body}</var>
<arg>path=${EXECDIR}/Json/atlz_usuario.json</arg>
<doc>Returns the contents of a specified file.</doc>
<status status="PASS" start="2026-09-22T13:13:53.435695" elapsed="0.000347"/>
</kw>
<kw name="Create Dictionary" owner="BuiltIn">
<msg time="2026-09-22T13:13:53.436727" level="INFO">${header} = {'Content-Type': 'application/json'}</msg>
<var>${header}</var>
<arg>Content-Type=application/json</arg>
<doc>Creates and returns a dictionary based on the given `items`.</doc>
<status status="PASS" start="2026-09-22T13:13:53.436179" elapsed="0.000574"/>
</kw>
<kw name="PUT On Session" owner="RequestsLibrary">
<msg time="2026-09-22T13:13:53.505166" level="INFO">PUT Request : url=https://serverest.dev/usuarios/1E9DwfqBqiSaYC2V 
 path_url=/usuarios/1E9DwfqBqiSaYC2V 
 headers={'User-Agent': 'python-requests/2.34.2', 'Accept-Encoding': 'gzip, deflate', 'Accept': '*/*', 'Connection': 'keep-alive', 'Content-Type': 'application/json', 'Content-Length': '136'} 
 body={
  "nome": "Usuário Teste Atualizado",
  "email": "user_updated_123456@test.com",
  "password": "123456",
  "administrador": "true"
}
 
 </msg>
<msg time="2026-09-22T13:13:53.505239" level="INFO">PUT Response : url=https://serverest.dev/usuarios/1E9DwfqBqiSaYC2V 
 status=200, reason=OK 
 headers={'access-control-allow-origin': '*', 'x-dns-prefetch-control': 'off', 'x-frame-options': 'SAMEORIGIN', 'strict-transport-security': 'max-age=15552000; includeSubDomains', 'x-download-options': 'noopen', 'x-content-type-options': 'nosniff', 'x-xss-protection': '1; mode=block', 'content-type': 'application/json; charset=utf-8', 'x-cloud-trace-context': '34042295451b01f5cc29368eea4e1540', 'date': 'Tue, 22 Sep 2026 13:13:53 GMT', 'server': 'Google Frontend', 'Content-Length': '50'} 
 body={
    "message": "Registro alterado com sucesso"
} 
 </msg>
<msg time="2026-09-22T13:13:53.505311" level="INFO">/opt/hostedtoolcache/Python/3.12.14/x64/lib/python3.12/site-packages/urllib3/connectionpool.py:1129: InsecureRequestWarning: Unverified HTTPS request is being made to host 'serverest.dev'. Adding certificate verification is strongly advised. See: https://urllib3.readthedocs.io/en/latest/advanced-usage.html#tls-warnings
  warnings.warn(</msg>
<msg time="2026-09-22T13:13:53.505460" level="INFO">${response} = &lt;Response [200]&gt;</msg>
<var>${response}</var>
<arg>alias=api</arg>
<arg>url=/usuarios/${id}</arg>
<arg>headers=${header}</arg>
<arg>data=${body}</arg>
<arg>expected_status=200</arg>
<doc>Sends a PUT request on a previously created HTTP Session.</doc>
<status status="PASS" start="2026-09-22T13:13:53.436860" elapsed="0.068653"/>
</kw>
<kw name="Should Be Equal As Strings" owner="BuiltIn">
<arg>${response.json()['message']}</arg>
<arg>Registro alterado com sucesso</arg>
<doc>Fails if objects are unequal after converting them to strings.</doc>
<status status="PASS" start="2026-09-22T13:13:53.505748" elapsed="0.000390"/>
</kw>
<arg>${id}</arg>
<status status="PASS" start="2026-09-22T13:13:53.435350" elapsed="0.070847"/>
</kw>
<kw name="Deletar Usuario" owner="usuario">
<kw name="Create Dictionary" owner="BuiltIn">
<msg time="2026-09-22T13:13:53.506926" level="INFO">${header} = {'Content-Type': 'application/json'}</msg>
<var>${header}</var>
<arg>Content-Type=application/json</arg>
<doc>Creates and returns a dictionary based on the given `items`.</doc>
<status status="PASS" start="2026-09-22T13:13:53.506654" elapsed="0.000295"/>
</kw>
<kw name="DELETE On Session" owner="RequestsLibrary">
<msg time="2026-09-22T13:13:53.581083" level="INFO">DELETE Request : url=https://serverest.dev/usuarios/1E9DwfqBqiSaYC2V 
 path_url=/usuarios/1E9DwfqBqiSaYC2V 
 headers={'User-Agent': 'python-requests/2.34.2', 'Accept-Encoding': 'gzip, deflate', 'Accept': '*/*', 'Connection': 'keep-alive', 'Content-Type': 'application/json', 'Content-Length': '0'} 
 body=None 
 </msg>
<msg time="2026-09-22T13:13:53.581175" level="INFO">DELETE Response : url=https://serverest.dev/usuarios/1E9DwfqBqiSaYC2V 
 status=200, reason=OK 
 headers={'access-control-allow-origin': '*', 'x-dns-prefetch-control': 'off', 'x-frame-options': 'SAMEORIGIN', 'strict-transport-security': 'max-age=15552000; includeSubDomains', 'x-download-options': 'noopen', 'x-content-type-options': 'nosniff', 'x-xss-protection': '1; mode=block', 'content-type': 'application/json; charset=utf-8', 'x-cloud-trace-context': '4b46ea29d16db263cc29368eea4e1a85', 'date': 'Tue, 22 Sep 2026 13:13:53 GMT', 'server': 'Google Frontend', 'Content-Length': '51'} 
 body={
    "message": "Registro excluído com sucesso"
} 
 </msg>
<msg time="2026-09-22T13:13:53.581304" level="INFO">/opt/hostedtoolcache/Python/3.12.14/x64/lib/python3.12/site-packages/urllib3/connectionpool.py:1129: InsecureRequestWarning: Unverified HTTPS request is being made to host 'serverest.dev'. Adding certificate verification is strongly advised. See: https://urllib3.readthedocs.io/en/latest/advanced-usage.html#tls-warnings
  warnings.warn(</msg>
<msg time="2026-09-22T13:13:53.581436" level="INFO">${response} = &lt;Response [200]&gt;</msg>
<var>${response}</var>
<arg>alias=api</arg>
<arg>url=/usuarios/${id}</arg>
<arg>headers=${header}</arg>
<arg>expected_status=200</arg>
<doc>Sends a DELETE request on a previously created HTTP Session.</doc>
<status status="PASS" start="2026-09-22T13:13:53.507049" elapsed="0.074421"/>
</kw>
<kw name="Should Be Equal As Strings" owner="BuiltIn">
<arg>${response.json()['message']}</arg>
<arg>Registro excluído com sucesso</arg>
<doc>Fails if objects are unequal after converting them to strings.</doc>
<status status="PASS" start="2026-09-22T13:13:53.581690" elapsed="0.000515"/>
</kw>
<arg>${id}</arg>
<status status="PASS" start="2026-09-22T13:13:53.506337" elapsed="0.075955"/>
</kw>
<tag>crud</tag>
<tag>regressao</tag>
<tag>usuario</tag>
<status status="PASS" start="2026-09-22T13:13:52.960373" elapsed="0.622068"/>
</test>
<test id="s1-t2" name="CT-002 Erro - Cadastrar Usuario com Email Duplicado" line="34">
<kw name="Gerar Email">
<kw name="Evaluate" owner="BuiltIn">
<msg time="2026-09-22T13:13:53.584358" level="INFO">${ts} = 1790082833584273634</msg>
<var>${ts}</var>
<arg>__import__('time').time_ns()</arg>
<doc>Evaluates the given expression in Python and returns the result.</doc>
<status status="PASS" start="2026-09-22T13:13:53.583861" elapsed="0.000540"/>
</kw>
<kw name="Set Variable" owner="BuiltIn">
<msg time="2026-09-22T13:13:53.585016" level="INFO">${email} = ct002_1790082833584273634@test.com</msg>
<var>${email}</var>
<arg>${prefixo}_${ts}@test.com</arg>
<doc>Returns the given values which can then be assigned to a variable.</doc>
<status status="PASS" start="2026-09-22T13:13:53.584582" elapsed="0.000471"/>
</kw>
<return>
<value>${email}</value>
<status status="PASS" start="2026-09-22T13:13:53.585116" elapsed="0.000052"/>
</return>
<msg time="2026-09-22T13:13:53.585320" level="INFO">${email} = ct002_1790082833584273634@test.com</msg>
<var>${email}</var>
<arg>ct002</arg>
<status status="PASS" start="2026-09-22T13:13:53.583433" elapsed="0.001921"/>
</kw>
<kw name="Cadastrar Usuario" owner="usuario">
<kw name="Create Dictionary" owner="BuiltIn">
<msg time="2026-09-22T13:13:53.586546" level="INFO">${header} = {'Content-Type': 'application/json'}</msg>
<var>${header}</var>
<arg>Content-Type=application/json</arg>
<doc>Creates and returns a dictionary based on the given `items`.</doc>
<status status="PASS" start="2026-09-22T13:13:53.586101" elapsed="0.000480"/>
</kw>
<kw name="Set Variable" owner="BuiltIn">
<msg time="2026-09-22T13:13:53.587209" level="INFO">${body} = {"nome":"Usuário Teste","email":"ct002_1790082833584273634@test.com","password":"123456","administrador":"true"}</msg>
<var>${body}</var>
<arg>{"nome":"Usuário Teste","email":"${email}","password":"${password}","administrador":"true"}</arg>
<doc>Returns the given values which can then be assigned to a variable.</doc>
<status status="PASS" start="2026-09-22T13:13:53.586789" elapsed="0.000459"/>
</kw>
<kw name="POST On Session" owner="RequestsLibrary">
<msg time="2026-09-22T13:13:53.657908" level="INFO">POST Request : url=https://serverest.dev/usuarios 
 path_url=/usuarios 
 headers={'User-Agent': 'python-requests/2.34.2', 'Accept-Encoding': 'gzip, deflate', 'Accept': '*/*', 'Connection': 'keep-alive', 'Content-Type': 'application/json', 'Content-Length': '113'} 
 body={"nome":"Usuário Teste","email":"ct002_1790082833584273634@test.com","password":"123456","administrador":"true"} 
 </msg>
<msg time="2026-09-22T13:13:53.657989" level="INFO">POST Response : url=https://serverest.dev/usuarios 
 status=201, reason=Created 
 headers={'access-control-allow-origin': '*', 'x-dns-prefetch-control': 'off', 'x-frame-options': 'SAMEORIGIN', 'strict-transport-security': 'max-age=15552000; includeSubDomains', 'x-download-options': 'noopen', 'x-content-type-options': 'nosniff', 'x-xss-protection': '1; mode=block', 'content-type': 'application/json; charset=utf-8', 'x-cloud-trace-context': '87ccf100fd850fd8cc29368eea4e140b', 'date': 'Tue, 22 Sep 2026 13:13:53 GMT', 'server': 'Google Frontend', 'Content-Length': '82'} 
 body={
    "message": "Cadastro realizado com sucesso",
    "_id": "fzMGm28LKj6rBdtv"
} 
 </msg>
<msg time="2026-09-22T13:13:53.658055" level="INFO">/opt/hostedtoolcache/Python/3.12.14/x64/lib/python3.12/site-packages/urllib3/connectionpool.py:1129: InsecureRequestWarning: Unverified HTTPS request is being made to host 'serverest.dev'. Adding certificate verification is strongly advised. See: https://urllib3.readthedocs.io/en/latest/advanced-usage.html#tls-warnings
  warnings.warn(</msg>
<msg time="2026-09-22T13:13:53.658193" level="INFO">${response} = &lt;Response [201]&gt;</msg>
<var>${response}</var>
<arg>alias=api</arg>
<arg>url=/usuarios</arg>
<arg>headers=${header}</arg>
<arg>data=${body}</arg>
<arg>expected_status=201</arg>
<doc>Sends a POST request on a previously created HTTP Session.</doc>
<status status="PASS" start="2026-09-22T13:13:53.587446" elapsed="0.070786"/>
</kw>
<kw name="Set Variable" owner="BuiltIn">
<msg time="2026-09-22T13:13:53.658815" level="INFO">${id} = fzMGm28LKj6rBdtv</msg>
<var>${id}</var>
<arg>${response.json()['_id']}</arg>
<doc>Returns the given values which can then be assigned to a variable.</doc>
<status status="PASS" start="2026-09-22T13:13:53.658408" elapsed="0.000432"/>
</kw>
<kw name="Should Be Equal As Strings" owner="BuiltIn">
<arg>${response.json()['message']}</arg>
<arg>Cadastro realizado com sucesso</arg>
<doc>Fails if objects are unequal after converting them to strings.</doc>
<status status="PASS" start="2026-09-22T13:13:53.658960" elapsed="0.000330"/>
</kw>
<return>
<value>${id}</value>
<status status="PASS" start="2026-09-22T13:13:53.659340" elapsed="0.000035"/>
</return>
<msg time="2026-09-22T13:13:53.659489" level="INFO">${id} = fzMGm28LKj6rBdtv</msg>
<var>${id}</var>
<arg>${email}</arg>
<arg>${PASSWORD}</arg>
<status status="PASS" start="2026-09-22T13:13:53.585583" elapsed="0.073928"/>
</kw>
<kw name="ERRO - Cadastrar Usuario Duplicado" owner="usuario">
<kw name="Create Dictionary" owner="BuiltIn">
<msg time="2026-09-22T13:13:53.660264" level="INFO">${header} = {'Content-Type': 'application/json'}</msg>
<var>${header}</var>
<arg>Content-Type=application/json</arg>
<doc>Creates and returns a dictionary based on the given `items`.</doc>
<status status="PASS" start="2026-09-22T13:13:53.659992" elapsed="0.000295"/>
</kw>
<kw name="Set Variable" owner="BuiltIn">
<msg time="2026-09-22T13:13:53.660663" level="INFO">${body} = {"nome":"Usuário Teste","email":"ct002_1790082833584273634@test.com","password":"123456","administrador":"true"}</msg>
<var>${body}</var>
<arg>{"nome":"Usuário Teste","email":"${email}","password":"${password}","administrador":"true"}</arg>
<doc>Returns the given values which can then be assigned to a variable.</doc>
<status status="PASS" start="2026-09-22T13:13:53.660389" elapsed="0.000298"/>
</kw>
<kw name="POST On Session" owner="RequestsLibrary">
<msg time="2026-09-22T13:13:53.728483" level="INFO">POST Request : url=https://serverest.dev/usuarios 
 path_url=/usuarios 
 headers={'User-Agent': 'python-requests/2.34.2', 'Accept-Encoding': 'gzip, deflate', 'Accept': '*/*', 'Connection': 'keep-alive', 'Content-Type': 'application/json', 'Content-Length': '113'} 
 body={"nome":"Usuário Teste","email":"ct002_1790082833584273634@test.com","password":"123456","administrador":"true"} 
 </msg>
<msg time="2026-09-22T13:13:53.728573" level="INFO">POST Response : url=https://serverest.dev/usuarios 
 status=400, reason=Bad Request 
 headers={'access-control-allow-origin': '*', 'x-dns-prefetch-control': 'off', 'x-frame-options': 'SAMEORIGIN', 'strict-transport-security': 'max-age=15552000; includeSubDomains', 'x-download-options': 'noopen', 'x-content-type-options': 'nosniff', 'x-xss-protection': '1; mode=block', 'content-type': 'application/json; charset=utf-8', 'x-cloud-trace-context': '578091de67de59f6cc29368eea4e1543', 'date': 'Tue, 22 Sep 2026 13:13:53 GMT', 'server': 'Google Frontend', 'Content-Length': '53'} 
 body={
    "message": "Este email já está sendo usado"
} 
 </msg>
<msg time="2026-09-22T13:13:53.728732" level="INFO">/opt/hostedtoolcache/Python/3.12.14/x64/lib/python3.12/site-packages/urllib3/connectionpool.py:1129: InsecureRequestWarning: Unverified HTTPS request is being made to host 'serverest.dev'. Adding certificate verification is strongly advised. See: https://urllib3.readthedocs.io/en/latest/advanced-usage.html#tls-warnings
  warnings.warn(</msg>
<msg time="2026-09-22T13:13:53.728887" level="INFO">${response} = &lt;Response [400]&gt;</msg>
<var>${response}</var>
<arg>alias=api</arg>
<arg>url=/usuarios</arg>
<arg>headers=${header}</arg>
<arg>data=${body}</arg>
<arg>expected_status=400</arg>
<doc>Sends a POST request on a previously created HTTP Session.</doc>
<status status="PASS" start="2026-09-22T13:13:53.660790" elapsed="0.068143"/>
</kw>
<kw name="Should Be Equal As Strings" owner="BuiltIn">
<arg>${response.json()['message']}</arg>
<arg>Este email já está sendo usado</arg>
<doc>Fails if objects are unequal after converting them to strings.</doc>
<status status="PASS" start="2026-09-22T13:13:53.729212" elapsed="0.000536"/>
</kw>
<arg>${email}</arg>
<arg>${PASSWORD}</arg>
<status status="PASS" start="2026-09-22T13:13:53.659683" elapsed="0.070128"/>
</kw>
<kw name="Deletar Usuario" owner="usuario">
<kw name="Create Dictionary" owner="BuiltIn">
<msg time="2026-09-22T13:13:53.730751" level="INFO">${header} = {'Content-Type': 'application/json'}</msg>
<var>${header}</var>
<arg>Content-Type=application/json</arg>
<doc>Creates and returns a dictionary based on the given `items`.</doc>
<status status="PASS" start="2026-09-22T13:13:53.730458" elapsed="0.000317"/>
</kw>
<kw name="DELETE On Session" owner="RequestsLibrary">
<msg time="2026-09-22T13:13:53.805300" level="INFO">DELETE Request : url=https://serverest.dev/usuarios/fzMGm28LKj6rBdtv 
 path_url=/usuarios/fzMGm28LKj6rBdtv 
 headers={'User-Agent': 'python-requests/2.34.2', 'Accept-Encoding': 'gzip, deflate', 'Accept': '*/*', 'Connection': 'keep-alive', 'Content-Type': 'application/json', 'Content-Length': '0'} 
 body=None 
 </msg>
<msg time="2026-09-22T13:13:53.805383" level="INFO">DELETE Response : url=https://serverest.dev/usuarios/fzMGm28LKj6rBdtv 
 status=200, reason=OK 
 headers={'access-control-allow-origin': '*', 'x-dns-prefetch-control': 'off', 'x-frame-options': 'SAMEORIGIN', 'strict-transport-security': 'max-age=15552000; includeSubDomains', 'x-download-options': 'noopen', 'x-content-type-options': 'nosniff', 'x-xss-protection': '1; mode=block', 'content-type': 'application/json; charset=utf-8', 'x-cloud-trace-context': 'ab9c69c572163bf5cc29368eea4e123a', 'date': 'Tue, 22 Sep 2026 13:13:53 GMT', 'server': 'Google Frontend', 'Content-Length': '51'} 
 body={
    "message": "Registro excluído com sucesso"
} 
 </msg>
<msg time="2026-09-22T13:13:53.805463" level="INFO">/opt/hostedtoolcache/Python/3.12.14/x64/lib/python3.12/site-packages/urllib3/connectionpool.py:1129: InsecureRequestWarning: Unverified HTTPS request is being made to host 'serverest.dev'. Adding certificate verification is strongly advised. See: https://urllib3.readthedocs.io/en/latest/advanced-usage.html#tls-warnings
  warnings.warn(</msg>
<msg time="2026-09-22T13:13:53.805572" level="INFO">${response} = &lt;Response [200]&gt;</msg>
<var>${response}</var>
<arg>alias=api</arg>
<arg>url=/usuarios/${id}</arg>
<arg>headers=${header}</arg>
<arg>expected_status=200</arg>
<doc>Sends a DELETE request on a previously created HTTP Session.</doc>
<status status="PASS" start="2026-09-22T13:13:53.730875" elapsed="0.074756"/>
</kw>
<kw name="Should Be Equal As Strings" owner="BuiltIn">
<arg>${response.json()['message']}</arg>
<arg>Registro excluído com sucesso</arg>
<doc>Fails if objects are unequal after converting them to strings.</doc>
<status status="PASS" start="2026-09-22T13:13:53.805832" elapsed="0.000398"/>
</kw>
<arg>${id}</arg>
<status status="PASS" start="2026-09-22T13:13:53.729957" elapsed="0.076334"/>
</kw>
<tag>negativo</tag>
<tag>usuario</tag>
<status status="PASS" start="2026-09-22T13:13:53.582813" elapsed="0.223580"/>
</test>
<test id="s1-t3" name="CT-003 Erro - Login com Senha Invalida" line="41">
<kw name="Gerar Email">
<kw name="Evaluate" owner="BuiltIn">
<msg time="2026-09-22T13:13:53.807551" level="INFO">${ts} = 1790082833807500391</msg>
<var>${ts}</var>
<arg>__import__('time').time_ns()</arg>
<doc>Evaluates the given expression in Python and returns the result.</doc>
<status status="PASS" start="2026-09-22T13:13:53.807264" elapsed="0.000310"/>
</kw>
<kw name="Set Variable" owner="BuiltIn">
<msg time="2026-09-22T13:13:53.807954" level="INFO">${email} = ct003_1790082833807500391@test.com</msg>
<var>${email}</var>
<arg>${prefixo}_${ts}@test.com</arg>
<doc>Returns the given values which can then be assigned to a variable.</doc>
<status status="PASS" start="2026-09-22T13:13:53.807705" elapsed="0.000272"/>
</kw>
<return>
<value>${email}</value>
<status status="PASS" start="2026-09-22T13:13:53.808017" elapsed="0.000042"/>
</return>
<msg time="2026-09-22T13:13:53.808154" level="INFO">${email} = ct003_1790082833807500391@test.com</msg>
<var>${email}</var>
<arg>ct003</arg>
<status status="PASS" start="2026-09-22T13:13:53.807018" elapsed="0.001155"/>
</kw>
<kw name="ERRO - Login com Senha Invalida" owner="usuario">
<kw name="Create Dictionary" owner="BuiltIn">
<msg time="2026-09-22T13:13:53.808847" level="INFO">${header} = {'Content-Type': 'application/json'}</msg>
<var>${header}</var>
<arg>Content-Type=application/json</arg>
<doc>Creates and returns a dictionary based on the given `items`.</doc>
<status status="PASS" start="2026-09-22T13:13:53.808563" elapsed="0.000307"/>
</kw>
<kw name="POST On Session" owner="RequestsLibrary">
<msg time="2026-09-22T13:13:53.885974" level="INFO">POST Request : url=https://serverest.dev/login 
 path_url=/login 
 headers={'User-Agent': 'python-requests/2.34.2', 'Accept-Encoding': 'gzip, deflate', 'Accept': '*/*', 'Connection': 'keep-alive', 'Content-Type': 'application/json', 'Content-Length': '72'} 
 body={"email":"ct003_1790082833807500391@test.com","password":"senha_errada"} 
 </msg>
<msg time="2026-09-22T13:13:53.886069" level="INFO">POST Response : url=https://serverest.dev/login 
 status=401, reason=Unauthorized 
 headers={'access-control-allow-origin': '*', 'x-dns-prefetch-control': 'off', 'x-frame-options': 'SAMEORIGIN', 'strict-transport-security': 'max-age=15552000; includeSubDomains', 'x-download-options': 'noopen', 'x-content-type-options': 'nosniff', 'x-xss-protection': '1; mode=block', 'content-type': 'application/json; charset=utf-8', 'x-cloud-trace-context': '6fb275b071a60bcbcc29368eea4e140e', 'date': 'Tue, 22 Sep 2026 13:13:53 GMT', 'server': 'Google Frontend', 'Content-Length': '48'} 
 body={
    "message": "Email e/ou senha inválidos"
} 
 </msg>
<msg time="2026-09-22T13:13:53.886158" level="INFO">/opt/hostedtoolcache/Python/3.12.14/x64/lib/python3.12/site-packages/urllib3/connectionpool.py:1129: InsecureRequestWarning: Unverified HTTPS request is being made to host 'serverest.dev'. Adding certificate verification is strongly advised. See: https://urllib3.readthedocs.io/en/latest/advanced-usage.html#tls-warnings
  warnings.warn(</msg>
<msg time="2026-09-22T13:13:53.886304" level="INFO">${response} = &lt;Response [401]&gt;</msg>
<var>${response}</var>
<arg>alias=api</arg>
<arg>url=/login</arg>
<arg>headers=${header}</arg>
<arg>data={"email":"${email}","password":"senha_errada"}</arg>
<arg>expected_status=401</arg>
<doc>Sends a POST request on a previously created HTTP Session.</doc>
<status status="PASS" start="2026-09-22T13:13:53.808971" elapsed="0.077371"/>
</kw>
<kw name="Should Be Equal As Strings" owner="BuiltIn">
<arg>${response.json()['message']}</arg>
<arg>Email e/ou senha inválidos</arg>
<doc>Fails if objects are unequal after converting them to strings.</doc>
<status status="PASS" start="2026-09-22T13:13:53.886565" elapsed="0.000598"/>
</kw>
<arg>${email}</arg>
<status status="PASS" start="2026-09-22T13:13:53.808294" elapsed="0.078965"/>
</kw>
<tag>negativo</tag>
<tag>usuario</tag>
<status status="PASS" start="2026-09-22T13:13:53.806656" elapsed="0.080742"/>
</test>
<test id="s1-t4" name="CT-004 Erro - Consultar Usuario Inexistente" line="46">
<kw name="ERRO - Consultar Usuario Inexistente" owner="usuario">
<kw name="Create Dictionary" owner="BuiltIn">
<msg time="2026-09-22T13:13:53.889154" level="INFO">${header} = {'Content-Type': 'application/json'}</msg>
<var>${header}</var>
<arg>Content-Type=application/json</arg>
<doc>Creates and returns a dictionary based on the given `items`.</doc>
<status status="PASS" start="2026-09-22T13:13:53.888694" elapsed="0.000499"/>
</kw>
<kw name="GET On Session" owner="RequestsLibrary">
<msg time="2026-09-22T13:13:53.958355" level="INFO">GET Request : url=https://serverest.dev/usuarios/id_invalido_000 
 path_url=/usuarios/id_invalido_000 
 headers={'User-Agent': 'python-requests/2.34.2', 'Accept-Encoding': 'gzip, deflate', 'Accept': '*/*', 'Connection': 'keep-alive', 'Content-Type': 'application/json'} 
 body=None 
 </msg>
<msg time="2026-09-22T13:13:53.958424" level="INFO">GET Response : url=https://serverest.dev/usuarios/id_invalido_000 
 status=400, reason=Bad Request 
 headers={'access-control-allow-origin': '*', 'x-dns-prefetch-control': 'off', 'x-frame-options': 'SAMEORIGIN', 'strict-transport-security': 'max-age=15552000; includeSubDomains', 'x-download-options': 'noopen', 'x-content-type-options': 'nosniff', 'x-xss-protection': '1; mode=block', 'content-type': 'application/json; charset=utf-8', 'x-cloud-trace-context': '300472de3438121dcc29368eea4e11d5', 'date': 'Tue, 22 Sep 2026 13:13:53 GMT', 'server': 'Google Frontend', 'Content-Length': '67'} 
 body={
    "id": "id deve ter exatamente 16 caracteres alfanuméricos"
} 
 </msg>
<msg time="2026-09-22T13:13:53.958484" level="INFO">/opt/hostedtoolcache/Python/3.12.14/x64/lib/python3.12/site-packages/urllib3/connectionpool.py:1129: InsecureRequestWarning: Unverified HTTPS request is being made to host 'serverest.dev'. Adding certificate verification is strongly advised. See: https://urllib3.readthedocs.io/en/latest/advanced-usage.html#tls-warnings
  warnings.warn(</msg>
<msg time="2026-09-22T13:13:53.958595" level="INFO">${response} = &lt;Response [400]&gt;</msg>
<var>${response}</var>
<arg>alias=api</arg>
<arg>url=/usuarios/id_invalido_000</arg>
<arg>headers=${header}</arg>
<arg>expected_status=400</arg>
<doc>Sends a GET request on a previously created HTTP Session.</doc>
<status status="PASS" start="2026-09-22T13:13:53.889390" elapsed="0.069291"/>
</kw>
<kw name="Should Not Be Empty" owner="BuiltIn">
<msg time="2026-09-22T13:13:53.959337" level="INFO">Length is 1.</msg>
<arg>${response.json()}</arg>
<doc>Verifies that the given item is not empty.</doc>
<status status="PASS" start="2026-09-22T13:13:53.958852" elapsed="0.000530"/>
</kw>
<status status="PASS" start="2026-09-22T13:13:53.888246" elapsed="0.071191"/>
</kw>
<tag>negativo</tag>
<tag>usuario</tag>
<status status="PASS" start="2026-09-22T13:13:53.887703" elapsed="0.071815"/>
</test>
<test id="s1-t5" name="CT-005 CRUD Produto - Fluxo Completo" line="52">
<kw name="Gerar Email">
<kw name="Evaluate" owner="BuiltIn">
<msg time="2026-09-22T13:13:53.960689" level="INFO">${ts} = 1790082833960632337</msg>
<var>${ts}</var>
<arg>__import__('time').time_ns()</arg>
<doc>Evaluates the given expression in Python and returns the result.</doc>
<status status="PASS" start="2026-09-22T13:13:53.960362" elapsed="0.000352"/>
</kw>
<kw name="Set Variable" owner="BuiltIn">
<msg time="2026-09-22T13:13:53.962184" level="INFO">${email} = ct005_1790082833960632337@test.com</msg>
<var>${email}</var>
<arg>${prefixo}_${ts}@test.com</arg>
<doc>Returns the given values which can then be assigned to a variable.</doc>
<status status="PASS" start="2026-09-22T13:13:53.960822" elapsed="0.001387"/>
</kw>
<return>
<value>${email}</value>
<status status="PASS" start="2026-09-22T13:13:53.962253" elapsed="0.000035"/>
</return>
<msg time="2026-09-22T13:13:53.962385" level="INFO">${email} = ct005_1790082833960632337@test.com</msg>
<var>${email}</var>
<arg>ct005</arg>
<status status="PASS" start="2026-09-22T13:13:53.960107" elapsed="0.002298"/>
</kw>
<kw name="Cadastrar Usuario" owner="usuario">
<kw name="Create Dictionary" owner="BuiltIn">
<msg time="2026-09-22T13:13:53.963120" level="INFO">${header} = {'Content-Type': 'application/json'}</msg>
<var>${header}</var>
<arg>Content-Type=application/json</arg>
<doc>Creates and returns a dictionary based on the given `items`.</doc>
<status status="PASS" start="2026-09-22T13:13:53.962859" elapsed="0.000285"/>
</kw>
<kw name="Set Variable" owner="BuiltIn">
<msg time="2026-09-22T13:13:53.963505" level="INFO">${body} = {"nome":"Usuário Teste","email":"ct005_1790082833960632337@test.com","password":"123456","administrador":"true"}</msg>
<var>${body}</var>
<arg>{"nome":"Usuário Teste","email":"${email}","password":"${password}","administrador":"true"}</arg>
<doc>Returns the given values which can then be assigned to a variable.</doc>
<status status="PASS" start="2026-09-22T13:13:53.963256" elapsed="0.000273"/>
</kw>
<kw name="POST On Session" owner="RequestsLibrary">
<msg time="2026-09-22T13:13:54.038017" level="INFO">POST Request : url=https://serverest.dev/usuarios 
 path_url=/usuarios 
 headers={'User-Agent': 'python-requests/2.34.2', 'Accept-Encoding': 'gzip, deflate', 'Accept': '*/*', 'Connection': 'keep-alive', 'Content-Type': 'application/json', 'Content-Length': '113'} 
 body={"nome":"Usuário Teste","email":"ct005_1790082833960632337@test.com","password":"123456","administrador":"true"} 
 </msg>
<msg time="2026-09-22T13:13:54.038090" level="INFO">POST Response : url=https://serverest.dev/usuarios 
 status=201, reason=Created 
 headers={'access-control-allow-origin': '*', 'x-dns-prefetch-control': 'off', 'x-frame-options': 'SAMEORIGIN', 'strict-transport-security': 'max-age=15552000; includeSubDomains', 'x-download-options': 'noopen', 'x-content-type-options': 'nosniff', 'x-xss-protection': '1; mode=block', 'content-type': 'application/json; charset=utf-8', 'x-cloud-trace-context': '62b582ada4e530a5cc29368eea4e13a9', 'date': 'Tue, 22 Sep 2026 13:13:54 GMT', 'server': 'Google Frontend', 'Content-Length': '82'} 
 body={
    "message": "Cadastro realizado com sucesso",
    "_id": "uwnGeMxeqLdhuSRV"
} 
 </msg>
<msg time="2026-09-22T13:13:54.038165" level="INFO">/opt/hostedtoolcache/Python/3.12.14/x64/lib/python3.12/site-packages/urllib3/connectionpool.py:1129: InsecureRequestWarning: Unverified HTTPS request is being made to host 'serverest.dev'. Adding certificate verification is strongly advised. See: https://urllib3.readthedocs.io/en/latest/advanced-usage.html#tls-warnings
  warnings.warn(</msg>
<msg time="2026-09-22T13:13:54.038300" level="INFO">${response} = &lt;Response [201]&gt;</msg>
<var>${response}</var>
<arg>alias=api</arg>
<arg>url=/usuarios</arg>
<arg>headers=${header}</arg>
<arg>data=${body}</arg>
<arg>expected_status=201</arg>
<doc>Sends a POST request on a previously created HTTP Session.</doc>
<status status="PASS" start="2026-09-22T13:13:53.963649" elapsed="0.074699"/>
</kw>
<kw name="Set Variable" owner="BuiltIn">
<msg time="2026-09-22T13:13:54.039175" level="INFO">${id} = uwnGeMxeqLdhuSRV</msg>
<var>${id}</var>
<arg>${response.json()['_id']}</arg>
<doc>Returns the given values which can then be assigned to a variable.</doc>
<status status="PASS" start="2026-09-22T13:13:54.038594" elapsed="0.000607"/>
</kw>
<kw name="Should Be Equal As Strings" owner="BuiltIn">
<arg>${response.json()['message']}</arg>
<arg>Cadastro realizado com sucesso</arg>
<doc>Fails if objects are unequal after converting them to strings.</doc>
<status status="PASS" start="2026-09-22T13:13:54.039321" elapsed="0.000344"/>
</kw>
<return>
<value>${id}</value>
<status status="PASS" start="2026-09-22T13:13:54.039713" elapsed="0.000032"/>
</return>
<msg time="2026-09-22T13:13:54.039874" level="INFO">${id} = uwnGeMxeqLdhuSRV</msg>
<var>${id}</var>
<arg>${email}</arg>
<arg>${PASSWORD}</arg>
<status status="PASS" start="2026-09-22T13:13:53.962545" elapsed="0.077353"/>
</kw>
<kw name="Login do Usuario" owner="usuario">
<kw name="Create Dictionary" owner="BuiltIn">
<msg time="2026-09-22T13:13:54.040596" level="INFO">${header} = {'Content-Type': 'application/json'}</msg>
<var>${header}</var>
<arg>Content-Type=application/json</arg>
<doc>Creates and returns a dictionary based on the given `items`.</doc>
<status status="PASS" start="2026-09-22T13:13:54.040332" elapsed="0.000308"/>
</kw>
<kw name="POST On Session" owner="RequestsLibrary">
<msg time="2026-09-22T13:13:54.116111" level="INFO">POST Request : url=https://serverest.dev/login 
 path_url=/login 
 headers={'User-Agent': 'python-requests/2.34.2', 'Accept-Encoding': 'gzip, deflate', 'Accept': '*/*', 'Connection': 'keep-alive', 'Content-Type': 'application/json', 'Content-Length': '66'} 
 body={"email":"ct005_1790082833960632337@test.com","password":"123456"} 
 </msg>
<msg time="2026-09-22T13:13:54.116193" level="INFO">POST Response : url=https://serverest.dev/login 
 status=200, reason=OK 
 headers={'access-control-allow-origin': '*', 'x-dns-prefetch-control': 'off', 'x-frame-options': 'SAMEORIGIN', 'strict-transport-security': 'max-age=15552000; includeSubDomains', 'x-download-options': 'noopen', 'x-content-type-options': 'nosniff', 'x-xss-protection': '1; mode=block', 'content-type': 'application/json; charset=utf-8', 'x-cloud-trace-context': '7e0ea07b058911fbcc29368eea4e1515', 'date': 'Tue, 22 Sep 2026 13:13:54 GMT', 'server': 'Google Frontend', 'Content-Length': '295'} 
 body={
    "message": "Login realizado com sucesso",
    "authorization": "Bearer eyJhbGciOiJIUzI1NiIsInR5cCI6IkpXVCJ9.eyJlbWFpbCI6ImN0MDA1XzE3OTAwODI4MzM5NjA2MzIzMzdAdGVzdC5jb20iLCJwYXNzd29yZCI6IjEyMzQ1NiIsImlhdCI6MTc5MDA4MjgzNCwiZXhwIjoxNzkwMDgzNDM0fQ.BgIwfPWekQbUVNMbL6ZXnucYZ7h22GilkKnvEvrpARI"
} 
 </msg>
<msg time="2026-09-22T13:13:54.116256" level="INFO">/opt/hostedtoolcache/Python/3.12.14/x64/lib/python3.12/site-packages/urllib3/connectionpool.py:1129: InsecureRequestWarning: Unverified HTTPS request is being made to host 'serverest.dev'. Adding certificate verification is strongly advised. See: https://urllib3.readthedocs.io/en/latest/advanced-usage.html#tls-warnings
  warnings.warn(</msg>
<msg time="2026-09-22T13:13:54.116398" level="INFO">${response} = &lt;Response [200]&gt;</msg>
<var>${response}</var>
<arg>alias=api</arg>
<arg>url=/login</arg>
<arg>headers=${header}</arg>
<arg>data={"email":"${email}","password":"${password}"}</arg>
<arg>expected_status=200</arg>
<doc>Sends a POST request on a previously created HTTP Session.</doc>
<status status="PASS" start="2026-09-22T13:13:54.040779" elapsed="0.075659"/>
</kw>
<kw name="Set Variable" owner="BuiltIn">
<msg time="2026-09-22T13:13:54.117229" level="INFO">${token} = Bearer eyJhbGciOiJIUzI1NiIsInR5cCI6IkpXVCJ9.eyJlbWFpbCI6ImN0MDA1XzE3OTAwODI4MzM5NjA2MzIzMzdAdGVzdC5jb20iLCJwYXNzd29yZCI6IjEyMzQ1NiIsImlhdCI6MTc5MDA4MjgzNCwiZXhwIjoxNzkwMDgzNDM0fQ.BgIwfPWekQbUVNMbL6ZXn...</msg>
<var>${token}</var>
<arg>${response.json()['authorization']}</arg>
<doc>Returns the given values which can then be assigned to a variable.</doc>
<status status="PASS" start="2026-09-22T13:13:54.116711" elapsed="0.000544"/>
</kw>
<kw name="Should Be Equal As Strings" owner="BuiltIn">
<arg>${response.json()['message']}</arg>
<arg>Login realizado com sucesso</arg>
<doc>Fails if objects are unequal after converting them to strings.</doc>
<status status="PASS" start="2026-09-22T13:13:54.117366" elapsed="0.000345"/>
</kw>
<return>
<value>${token}</value>
<status status="PASS" start="2026-09-22T13:13:54.117763" elapsed="0.000039"/>
</return>
<msg time="2026-09-22T13:13:54.117913" level="INFO">${token} = Bearer eyJhbGciOiJIUzI1NiIsInR5cCI6IkpXVCJ9.eyJlbWFpbCI6ImN0MDA1XzE3OTAwODI4MzM5NjA2MzIzMzdAdGVzdC5jb20iLCJwYXNzd29yZCI6IjEyMzQ1NiIsImlhdCI6MTc5MDA4MjgzNCwiZXhwIjoxNzkwMDgzNDM0fQ.BgIwfPWekQbUVNMbL6ZXn...</msg>
<var>${token}</var>
<arg>${email}</arg>
<arg>${PASSWORD}</arg>
<status status="PASS" start="2026-09-22T13:13:54.040044" elapsed="0.077893"/>
</kw>
<kw name="Cadastrar Produto" owner="produto">
<kw name="Evaluate" owner="BuiltIn">
<msg time="2026-09-22T13:13:54.118704" level="INFO">${ts} = 1790082834118649553</msg>
<var>${ts}</var>
<arg>__import__('time').time_ns()</arg>
<doc>Evaluates the given expression in Python and returns the result.</doc>
<status status="PASS" start="2026-09-22T13:13:54.118391" elapsed="0.000338"/>
</kw>
<kw name="Set Variable" owner="BuiltIn">
<msg time="2026-09-22T13:13:54.119075" level="INFO">${body} = {"nome":"Curso RobotFramework 1790082834118649553","preco":500,"descricao":"Robot","quantidade":200}</msg>
<var>${body}</var>
<arg>{"nome":"Curso RobotFramework ${ts}","preco":500,"descricao":"Robot","quantidade":200}</arg>
<doc>Returns the given values which can then be assigned to a variable.</doc>
<status status="PASS" start="2026-09-22T13:13:54.118835" elapsed="0.000263"/>
</kw>
<kw name="Create Dictionary" owner="BuiltIn">
<msg time="2026-09-22T13:13:54.119520" level="INFO">${header} = {'Content-Type': 'application/json', 'Authorization': 'Bearer eyJhbGciOiJIUzI1NiIsInR5cCI6IkpXVCJ9.eyJlbWFpbCI6ImN0MDA1XzE3OTAwODI4MzM5NjA2MzIzMzdAdGVzdC5jb20iLCJwYXNzd29yZCI6IjEyMzQ1NiIsImlhdCI6MTc5M...</msg>
<var>${header}</var>
<arg>Content-Type=application/json</arg>
<arg>Authorization=${token}</arg>
<doc>Creates and returns a dictionary based on the given `items`.</doc>
<status status="PASS" start="2026-09-22T13:13:54.119225" elapsed="0.000318"/>
</kw>
<kw name="POST On Session" owner="RequestsLibrary">
<msg time="2026-09-22T13:13:54.191579" level="INFO">POST Request : url=https://serverest.dev/produtos 
 path_url=/produtos 
 headers={'User-Agent': 'python-requests/2.34.2', 'Accept-Encoding': 'gzip, deflate', 'Accept': '*/*', 'Connection': 'keep-alive', 'Content-Type': 'application/json', 'Authorization': 'Bearer eyJhbGciOiJIUzI1NiIsInR5cCI6IkpXVCJ9.eyJlbWFpbCI6ImN0MDA1XzE3OTAwODI4MzM5NjA2MzIzMzdAdGVzdC5jb20iLCJwYXNzd29yZCI6IjEyMzQ1NiIsImlhdCI6MTc5MDA4MjgzNCwiZXhwIjoxNzkwMDgzNDM0fQ.BgIwfPWekQbUVNMbL6ZXnucYZ7h22GilkKnvEvrpARI', 'Content-Length': '100'} 
 body={"nome":"Curso RobotFramework 1790082834118649553","preco":500,"descricao":"Robot","quantidade":200} 
 </msg>
<msg time="2026-09-22T13:13:54.191692" level="INFO">POST Response : url=https://serverest.dev/produtos 
 status=201, reason=Created 
 headers={'access-control-allow-origin': '*', 'x-dns-prefetch-control': 'off', 'x-frame-options': 'SAMEORIGIN', 'strict-transport-security': 'max-age=15552000; includeSubDomains', 'x-download-options': 'noopen', 'x-content-type-options': 'nosniff', 'x-xss-protection': '1; mode=block', 'content-type': 'application/json; charset=utf-8', 'x-cloud-trace-context': '8fe610e5ca6b8049cc29368eea4e1e67', 'date': 'Tue, 22 Sep 2026 13:13:54 GMT', 'server': 'Google Frontend', 'Content-Length': '82'} 
 body={
    "message": "Cadastro realizado com sucesso",
    "_id": "RUNkNY9lotWCouT8"
} 
 </msg>
<msg time="2026-09-22T13:13:54.191753" level="INFO">/opt/hostedtoolcache/Python/3.12.14/x64/lib/python3.12/site-packages/urllib3/connectionpool.py:1129: InsecureRequestWarning: Unverified HTTPS request is being made to host 'serverest.dev'. Adding certificate verification is strongly advised. See: https://urllib3.readthedocs.io/en/latest/advanced-usage.html#tls-warnings
  warnings.warn(</msg>
<msg time="2026-09-22T13:13:54.191871" level="INFO">${response} = &lt;Response [201]&gt;</msg>
<var>${response}</var>
<arg>alias=api</arg>
<arg>url=/produtos</arg>
<arg>headers=${header}</arg>
<arg>data=${body}</arg>
<arg>expected_status=201</arg>
<doc>Sends a POST request on a previously created HTTP Session.</doc>
<status status="PASS" start="2026-09-22T13:13:54.119666" elapsed="0.072252"/>
</kw>
<kw name="Set Variable" owner="BuiltIn">
<msg time="2026-09-22T13:13:54.192587" level="INFO">${idp} = RUNkNY9lotWCouT8</msg>
<var>${idp}</var>
<arg>${response.json()['_id']}</arg>
<doc>Returns the given values which can then be assigned to a variable.</doc>
<status status="PASS" start="2026-09-22T13:13:54.192135" elapsed="0.000510"/>
</kw>
<kw name="Should Be Equal As Strings" owner="BuiltIn">
<arg>${response.json()['message']}</arg>
<arg>Cadastro realizado com sucesso</arg>
<doc>Fails if objects are unequal after converting them to strings.</doc>
<status status="PASS" start="2026-09-22T13:13:54.192781" elapsed="0.000314"/>
</kw>
<return>
<value>${idp}</value>
<status status="PASS" start="2026-09-22T13:13:54.193141" elapsed="0.000031"/>
</return>
<msg time="2026-09-22T13:13:54.193270" level="INFO">${idp} = RUNkNY9lotWCouT8</msg>
<var>${idp}</var>
<arg>${token}</arg>
<status status="PASS" start="2026-09-22T13:13:54.118112" elapsed="0.075215"/>
</kw>
<kw name="Consultar Produto Lista" owner="produto">
<kw name="Create Dictionary" owner="BuiltIn">
<msg time="2026-09-22T13:13:54.193985" level="INFO">${header} = {'Content-Type': 'application/json'}</msg>
<var>${header}</var>
<arg>Content-Type=application/json</arg>
<doc>Creates and returns a dictionary based on the given `items`.</doc>
<status status="PASS" start="2026-09-22T13:13:54.193723" elapsed="0.000285"/>
</kw>
<kw name="GET On Session" owner="RequestsLibrary">
<msg time="2026-09-22T13:13:54.268837" level="INFO">GET Request : url=https://serverest.dev/produtos 
 path_url=/produtos 
 headers={'User-Agent': 'python-requests/2.34.2', 'Accept-Encoding': 'gzip, deflate', 'Accept': '*/*', 'Connection': 'keep-alive', 'Content-Type': 'application/json'} 
 body=None 
 </msg>
<msg time="2026-09-22T13:13:54.268918" level="INFO">GET Response : url=https://serverest.dev/produtos 
 status=200, reason=OK 
 headers={'access-control-allow-origin': '*', 'x-dns-prefetch-control': 'off', 'x-frame-options': 'SAMEORIGIN', 'strict-transport-security': 'max-age=15552000; includeSubDomains', 'x-download-options': 'noopen', 'x-content-type-options': 'nosniff', 'x-xss-protection': '1; mode=block', 'content-type': 'application/json; charset=utf-8', 'x-cloud-trace-context': '632b1af32bf9ded1cc29368eea4e1751', 'date': 'Tue, 22 Sep 2026 13:13:54 GMT', 'server': 'Google Frontend', 'Content-Length': '52112'} 
 body={
    "quantidade": 262,
    "produtos": [
        {
            "nome": "Evia Prohaska II",
            "descricao": "0.2.4",
            "preco": 100,
            "quantidade": 3,
            "_id": "15JeinbsJSlnxg0t"
        },
        {
            "nome": "Julianna Carroll",
            "descricao": "7.21",
            "preco": 100,
            "quantidade": 3,
            "_id": "17qvpUSLDTDdYAiR"
        },
        {
            "nome": "Awesome Concrete Soap 1790073509718",
            "preco": 932,
            "descricao": "The Nagasaki Lander is the trademarked name of several series of Nagasaki sport bikes, that started with the 1984 ABC800J",
            "quantidade": 71,
            "_id": "1YRYtDSx1D5Li5gn"
        },
        {
            "nome": "Dee Littel",
            "descricao": "9.7.3",
            "preco": 100,
            "quantidade": 3,
            "_id": "1dhadTgZbyBhHVEO"
        },
        {
            "nome": "Notebook Gamer 1790078687194",
            "preco": 5000,
            "descricao": "Mouse",
            "quantidade": 10,
            "_id": "2Id4F6kKu4zQw2ZU"
        },
        {
            "nome": "Chloe Runolfsson",
            "descricao": "0.75",
            "preco": 100,
            "quantidade": 3,
            "_id": "3jZ1DeECyORBwJUL"
        },
        {
            "nome": "Ms. Doug Schmitt",
            "descricao": "0.4.5",
            "preco": 100,
            "quantidade": 3,
            "_id": "3jmA5pHINjP8Pqji"
        },
        {
            "nome": "Ivory Wilderman",
            "descricao": "0.1.7",
            "preco": 100,
            "quantidade": 3,
            "_id": "57jBvfW2lwIqZ55U"
        },
        {
            "nome": "Dr. Duane Rippin",
            "descricao": "1.3",
            "preco": 100,
            "quantidade": 3,
            "_id": "5OZ9MHEOHuF2sLGt"
        },
        {
            "nome": "Omega Collins",
            "descricao": "0.2.8",
            "preco": 100,
            "quantidade": 3,
            "_id": "5WzUIJzKYKvmbG2b"
        },
        {
            "nome": "Kelley Walsh",
            "descricao": "0.48",
            "preco": 100,
            "quantidade": 3,
            "_id": "5fnC0zRkJFzB2zxf"
        },
        {
            "nome": "Daren Towne IV",
            "descricao": "0.7.2",
            "preco": 100,
            "quantidade": 3,
            "_id": "5nzG2teJdW4rKfhu"
        },
        {
            "nome": "Produto QA Automation 1790077116827-4150 Updated",
            "preco": 299,
            "descricao": "Produto criado pela suíte automatizada 1790077116827-4150",
            "quantidade": 10,
            "_id": "5uidH0sAVROLqQYx"
        },
        {
            "nome": "Len Heidenreich",
            "descricao": "3.72",
            "preco": 100,
            "quantidade": 3,
            "_id": "5zGIdPJRj2vT8QAj"
        },
        {
            "nome": "Ms. Joey Boyer",
            "descricao": "0.9.2",
            "preco": 100,
            "quantidade": 3,
            "_id": "61DoGpjBJa0vFMxV"
        },
        {
            "nome": "Earlean Denesik",
            "descricao": "1.4",
            "preco": 100,
            "quantidade": 3,
            "_id": "6XFLW84QuVtUDqYB"
        },
        {
            "nome": "Arline Deckow",
            "descricao": "6.2.2",
            "preco": 100,
            "quantidade": 3,
            "_id": "6nxzTn7zV9UTLpy7"
        },
        {
            "nome": "Stanton Conroy",
            "descricao": "9.6",
            "preco": 100,
            "quantidade": 3,
            "_id": "78GnV0fLYKL8V3Na"
        },
        {
            "nome": "Dennis Becker DDS",
            "descricao": "0.1.3",
            "preco": 100,
            "quantidade": 3,
            "_id": "7JZE7cnVOsXZvfKW"
        },
        {
            "nome": "Sleek Plastic Gloves 1790073505102",
            "preco": 720,
            "descricao": "Ergonomic executive chair upholstered in bonded black leather and PVC padded seat and back for all-day comfort and support",
            "quantidade": 0,
            "_id": "7d7c2YDTB47b9XuU"
        },
        {
            "nome": "Gorgeous Frozen Shoes 1790073601152",
            "preco": 50,
            "descricao": "The automobile layout consists of a front-engine design, with transaxle-type transmissions mounted at the rear of the engine and four wheel drive",
            "quantidade": 27,
            "_id": "7wzGdcngHf196P3n"
        },
        {
            "nome": "Jamie Stehr",
            "descricao": "0.79",
            "preco": 100,
            "quantidade": 2,
            "_id": "85Mfd2iBNVx2zeRX"
        },
        {
            "nome": "Heath Mante",
            "descricao": "0.33",
            "preco": 100,
            "quantidade": 3,
            "_id": "8hGdiJD5GwowCBTz"
        },
        {
            "nome": "Na Brown",
            "descricao": "6.1.6",
            "preco": 100,
            "quantidade": 3,
            "_id": "908NFZZuxiB3gHgq"
        },
        {
            "nome": "Gudrun McDermott V",
            "descricao": "7.3",
            "preco": 100,
            "quantidade": 3,
            "_id": "9w3j1ZJWv2tDDd3M"
        },
        {
            "nome": "Aleta Paucek",
            "descricao": "0.1.5",
            "preco": 100,
            "quantidade": 3,
            "_id": "A3D9BguoOxXL8kmi"
        },
        {
            "nome": "Ria Jones MD",
            "descricao": "5.8.7",
            "preco": 100,
            "quantidade": 2,
            "_id": "AQLJ5NLZMtDu7UM3"
        },
        {
            "nome": "Jesica Kutch",
            "descricao": "0.38",
            "preco": 100,
            "quantidade": 3,
            "_id": "ARQotbC0NVMEfbRb"
        },
        {
            "nome": "Logitech MX Vertical",
            "preco": 470,
            "descricao": "Mouse",
            "quantidade": 382,
            "_id": "BeeJh5lz3k6kSIzA"
        },
        {
            "nome": "Anjelica Connelly",
            "descricao": "0.8.9",
            "preco": 100,
            "quantidade": 3,
            "_id": "Bmhtjgyp2vmXSxum"
        },
        {
            "nome": "Bruno Russel V",
            "descricao": "5.72",
            "preco": 100,
            "quantidade": 3,
            "_id": "Cpr59luJ94backVm"
        },
        {
            "nome": "Dr. Jannette Barrows",
            "descricao": "2.66",
            "preco": 100,
            "quantidade": 3,
            "_id": "DBHOh4wJ7Slb34xS"
        },
        {
            "nome": "Mathew Cronin",
            "descricao": "7.0.5",
            "preco": 100,
            "quantidade": 3,
            "_id": "DcgSd5Gy4Z533X6P"
        },
        {
            "nome": "Alexandra Bashirian",
            "descricao": "4.60",
            "preco": 100,
            "quantidade": 3,
            "_id": "DoB2xlQGycI7XBCy"
        },
        {
            "nome": "Ms. Arron Hagenes",
            "descricao": "0.00",
            "preco": 100,
            "quantidade": 3,
            "_id": "DsTANDJLXy92ofoZ"
        },
        {
            "nome": "Carri Klein",
            "descricao": "0.73",
            "preco": 100,
            "quantidade": 3,
            "_id": "DtNq15NJHyiX88eq"
        },
        {
            "nome": "Produto QA Automation 1790077115904-5844",
            "preco": 199,
            "descricao": "Produto criado pela suíte automatizada 1790077115904-5844",
            "quantidade": 10,
            "_id": "DvINZybthzWyCR6h"
        },
        {
            "nome": "Ms. Gilberto Yundt",
            "descricao": "0.9.9",
            "preco": 100,
            "quantidade": 3,
            "_id": "E3b7TyFzUppWblbw"
        },
        {
            "nome": "Glenn Ziemann",
            "descricao": "3.1",
            "preco": 100,
            "quantidade": 3,
            "_id": "ECKCJkQIwwkksuso"
        },
        {
            "nome": "Handmade Frozen Computer 1790073599461",
            "preco": 346,
            "descricao": "The Nagasaki Lander is the trademarked name of several series of Nagasaki sport bikes, that started with the 1984 ABC800J",
            "quantidade": 53,
            "_id": "EKM4nVfgFwwQlSrv"
        },
        {
            "nome": "Bruno Abbott",
            "descricao": "1.28",
            "preco": 100,
            "quantidade": 3,
            "_id": "EOaPVEQdsyXdDD7i"
        },
        {
            "nome": "Veta Aufderhar",
            "descricao": "6.1",
            "preco": 100,
            "quantidade": 3,
            "_id": "EUfUFa21gyFB9NcP"
        },
        {
            "nome": "Beterraba",
            "preco": 470,
            "descricao": "Mouse",
            "quantidade": 381,
            "_id": "F3kjyrvUQV5Ry7sl"
        },
        {
            "nome": "Marcos O'Hara",
            "descricao": "0.4.8",
            "preco": 100,
            "quantidade": 2,
            "_id": "F5OJlinx4AlaAQOD"
        },
        {
            "nome": "Avelina Satterfield",
            "descricao": "2.1.1",
            "preco": 100,
            "quantidade": 2,
            "_id": "G5bgd6iNfTo5CCKI"
        },
        {
            "nome": "Kathern Turcotte",
            "descricao": "3.4",
            "preco": 100,
            "quantidade": 2,
            "_id": "G8bocr1MNNefq9Bm"
        },
        {
            "nome": "Mr. Tom Kautzer",
            "descricao": "0.8.6",
            "preco": 100,
            "quantidade": 3,
            "_id": "GXih2rbXGbvtbyc9"
        },
        {
            "nome": "Jessie Littel",
            "descricao": "2.4.2",
            "preco": 100,
            "quantidade": 2,
            "_id": "GiI5BZSXSgHxT6QR"
        },
        {
            "nome": "Consuelo Watsica",
            "descricao": "0.72",
            "preco": 100,
            "quantidade": 3,
            "_id": "Go6v7gpkTstPLj1U"
        },
        {
            "nome": "Rhona Kunze DDS",
            "descricao": "0.4.8",
        ... (set the log level to DEBUG or TRACE to see the full content) 
 </msg>
<msg time="2026-09-22T13:13:54.269057" level="INFO">/opt/hostedtoolcache/Python/3.12.14/x64/lib/python3.12/site-packages/urllib3/connectionpool.py:1129: InsecureRequestWarning: Unverified HTTPS request is being made to host 'serverest.dev'. Adding certificate verification is strongly advised. See: https://urllib3.readthedocs.io/en/latest/advanced-usage.html#tls-warnings
  warnings.warn(</msg>
<msg time="2026-09-22T13:13:54.269166" level="INFO">${response} = &lt;Response [200]&gt;</msg>
<var>${response}</var>
<arg>alias=api</arg>
<arg>url=/produtos</arg>
<arg>headers=${header}</arg>
<arg>expected_status=200</arg>
<doc>Sends a GET request on a previously created HTTP Session.</doc>
<status status="PASS" start="2026-09-22T13:13:54.194112" elapsed="0.075091"/>
</kw>
<status status="PASS" start="2026-09-22T13:13:54.193457" elapsed="0.075831"/>
</kw>
<kw name="Consultar Produto ID" owner="produto">
<kw name="Create Dictionary" owner="BuiltIn">
<msg time="2026-09-22T13:13:54.270383" level="INFO">${header} = {'Content-Type': 'application/json'}</msg>
<var>${header}</var>
<arg>Content-Type=application/json</arg>
<doc>Creates and returns a dictionary based on the given `items`.</doc>
<status status="PASS" start="2026-09-22T13:13:54.269894" elapsed="0.000513"/>
</kw>
<kw name="GET On Session" owner="RequestsLibrary">
<msg time="2026-09-22T13:13:54.338607" level="INFO">GET Request : url=https://serverest.dev/produtos/RUNkNY9lotWCouT8 
 path_url=/produtos/RUNkNY9lotWCouT8 
 headers={'User-Agent': 'python-requests/2.34.2', 'Accept-Encoding': 'gzip, deflate', 'Accept': '*/*', 'Connection': 'keep-alive', 'Content-Type': 'application/json'} 
 body=None 
 </msg>
<msg time="2026-09-22T13:13:54.338720" level="INFO">GET Response : url=https://serverest.dev/produtos/RUNkNY9lotWCouT8 
 status=200, reason=OK 
 headers={'access-control-allow-origin': '*', 'x-dns-prefetch-control': 'off', 'x-frame-options': 'SAMEORIGIN', 'strict-transport-security': 'max-age=15552000; includeSubDomains', 'x-download-options': 'noopen', 'x-content-type-options': 'nosniff', 'x-xss-protection': '1; mode=block', 'content-type': 'application/json; charset=utf-8', 'x-cloud-trace-context': '1531ff8a5ddb6858cc29368eea4e1173', 'date': 'Tue, 22 Sep 2026 13:13:54 GMT', 'server': 'Google Frontend', 'Content-Length': '156'} 
 body={
    "nome": "Curso RobotFramework 1790082834118649553",
    "preco": 500,
    "descricao": "Robot",
    "quantidade": 200,
    "_id": "RUNkNY9lotWCouT8"
} 
 </msg>
<msg time="2026-09-22T13:13:54.338794" level="INFO">/opt/hostedtoolcache/Python/3.12.14/x64/lib/python3.12/site-packages/urllib3/connectionpool.py:1129: InsecureRequestWarning: Unverified HTTPS request is being made to host 'serverest.dev'. Adding certificate verification is strongly advised. See: https://urllib3.readthedocs.io/en/latest/advanced-usage.html#tls-warnings
  warnings.warn(</msg>
<msg time="2026-09-22T13:13:54.338914" level="INFO">${response} = &lt;Response [200]&gt;</msg>
<var>${response}</var>
<arg>alias=api</arg>
<arg>url=/produtos/${idp}</arg>
<arg>headers=${header}</arg>
<arg>expected_status=200</arg>
<doc>Sends a GET request on a previously created HTTP Session.</doc>
<status status="PASS" start="2026-09-22T13:13:54.270514" elapsed="0.068447"/>
</kw>
<arg>${idp}</arg>
<status status="PASS" start="2026-09-22T13:13:54.269453" elapsed="0.069621"/>
</kw>
<kw name="Atualizar Produto" owner="produto">
<kw name="Get File" owner="OperatingSystem">
<msg time="2026-09-22T13:13:54.339958" level="INFO" html="true">Getting file '&lt;a href="file:///home/runner/work/api-automation-serverest/api-automation-serverest/Json/atlz_produto.json"&gt;/home/runner/work/api-automation-serverest/api-automation-serverest/Json/atlz_produto.json&lt;/a&gt;'.</msg>
<msg time="2026-09-22T13:13:54.340098" level="INFO">${body} = {
  "nome": "Curso RobotFramework API",
  "preco": 500,
  "descricao": "Robot API",
  "quantidade": 200
}</msg>
<var>${body}</var>
<arg>path=${EXECDIR}/Json/atlz_produto.json</arg>
<doc>Returns the contents of a specified file.</doc>
<status status="PASS" start="2026-09-22T13:13:54.339805" elapsed="0.000317"/>
</kw>
<kw name="Create Dictionary" owner="BuiltIn">
<msg time="2026-09-22T13:13:54.340569" level="INFO">${header} = {'Content-Type': 'application/json', 'Authorization': 'Bearer eyJhbGciOiJIUzI1NiIsInR5cCI6IkpXVCJ9.eyJlbWFpbCI6ImN0MDA1XzE3OTAwODI4MzM5NjA2MzIzMzdAdGVzdC5jb20iLCJwYXNzd29yZCI6IjEyMzQ1NiIsImlhdCI6MTc5M...</msg>
<var>${header}</var>
<arg>Content-Type=application/json</arg>
<arg>Authorization=${token}</arg>
<doc>Creates and returns a dictionary based on the given `items`.</doc>
<status status="PASS" start="2026-09-22T13:13:54.340260" elapsed="0.000332"/>
</kw>
<kw name="PUT On Session" owner="RequestsLibrary">
<msg time="2026-09-22T13:13:54.412968" level="INFO">PUT Request : url=https://serverest.dev/produtos/RUNkNY9lotWCouT8 
 path_url=/produtos/RUNkNY9lotWCouT8 
[...]
 body={
    "message": "Cadastro realizado com sucesso",
    "_id": "yqhlmVuTxAFcKB6D"
} 
 </msg>
<msg time="2026-09-22T13:13:55.732936" level="INFO">/opt/hostedtoolcache/Python/3.12.14/x64/lib/python3.12/site-packages/urllib3/connectionpool.py:1129: InsecureRequestWarning: Unverified HTTPS request is being made to host 'serverest.dev'. Adding certificate verification is strongly advised. See: https://urllib3.readthedocs.io/en/latest/advanced-usage.html#tls-warnings
  warnings.warn(</msg>
<msg time="2026-09-22T13:13:55.733053" level="INFO">${response} = &lt;Response [201]&gt;</msg>
<var>${response}</var>
<arg>alias=api</arg>
<arg>url=/carrinhos</arg>
<arg>headers=${header}</arg>
<arg>data=${body}</arg>
<arg>expected_status=201</arg>
<doc>Sends a POST request on a previously created HTTP Session.</doc>
<status status="PASS" start="2026-09-22T13:13:55.651304" elapsed="0.081797"/>
</kw>
<kw name="Set Variable" owner="BuiltIn">
<msg time="2026-09-22T13:13:55.733779" level="INFO">${idc} = yqhlmVuTxAFcKB6D</msg>
<var>${idc}</var>
<arg>${response.json()['_id']}</arg>
<doc>Returns the given values which can then be assigned to a variable.</doc>
<status status="PASS" start="2026-09-22T13:13:55.733287" elapsed="0.000525"/>
</kw>
<kw name="Should Be Equal As Strings" owner="BuiltIn">
<arg>${response.json()['message']}</arg>
<arg>Cadastro realizado com sucesso</arg>
<doc>Fails if objects are unequal after converting them to strings.</doc>
<status status="PASS" start="2026-09-22T13:13:55.733942" elapsed="0.000312"/>
</kw>
<return>
<value>${idc}</value>
<status status="PASS" start="2026-09-22T13:13:55.734299" elapsed="0.000027"/>
</return>
<msg time="2026-09-22T13:13:55.734421" level="INFO">${idc} = yqhlmVuTxAFcKB6D</msg>
<var>${idc}</var>
<arg>${token}</arg>
<arg>${idp}</arg>
<status status="PASS" start="2026-09-22T13:13:55.649821" elapsed="0.084620"/>
</kw>
<kw name="Consultar Carrinho Lista" owner="carrinho">
<kw name="Create Dictionary" owner="BuiltIn">
<msg time="2026-09-22T13:13:55.735098" level="INFO">${header} = {'Content-Type': 'application/json'}</msg>
<var>${header}</var>
<arg>Content-Type=application/json</arg>
<doc>Creates and returns a dictionary based on the given `items`.</doc>
<status status="PASS" start="2026-09-22T13:13:55.734833" elapsed="0.000287"/>
</kw>
<kw name="GET On Session" owner="RequestsLibrary">
<msg time="2026-09-22T13:13:55.806167" level="INFO">GET Request : url=https://serverest.dev/carrinhos 
 path_url=/carrinhos 
 headers={'User-Agent': 'python-requests/2.34.2', 'Accept-Encoding': 'gzip, deflate', 'Accept': '*/*', 'Connection': 'keep-alive', 'Content-Type': 'application/json'} 
 body=None 
 </msg>
<msg time="2026-09-22T13:13:55.806245" level="INFO">GET Response : url=https://serverest.dev/carrinhos 
 status=200, reason=OK 
 headers={'access-control-allow-origin': '*', 'x-dns-prefetch-control': 'off', 'x-frame-options': 'SAMEORIGIN', 'strict-transport-security': 'max-age=15552000; includeSubDomains', 'x-download-options': 'noopen', 'x-content-type-options': 'nosniff', 'x-xss-protection': '1; mode=block', 'content-type': 'application/json; charset=utf-8', 'x-cloud-trace-context': '2028cc7224a5016981a0cef82130ee08', 'date': 'Tue, 22 Sep 2026 13:13:55 GMT', 'server': 'Google Frontend', 'Content-Length': '2480'} 
 body={
    "quantidade": 6,
    "carrinhos": [
        {
            "produtos": [
                {
                    "idProduto": "YvwoPORbozPc0u1u",
                    "quantidade": 1,
                    "precoUnitario": 3804
                }
            ],
            "precoTotal": 3804,
            "quantidadeTotal": 1,
            "idUsuario": "tNL0Ggl9Px2h4N8c",
            "_id": "G4TgkjFxR5jYWPWu"
        },
        {
            "produtos": [
                {
                    "idProduto": "Ze3rMewhfPlf2KcP",
                    "quantidade": 1,
                    "precoUnitario": 54
                }
            ],
            "precoTotal": 54,
            "quantidadeTotal": 1,
            "idUsuario": "j6p05WGojcujxGMw",
            "_id": "RbP3eTEuNObxMHoV"
        },
        {
            "produtos": [
                {
                    "idProduto": "en121DmDaVEBrs01",
                    "quantidade": 1,
                    "precoUnitario": 100
                }
            ],
            "precoTotal": 100,
            "quantidadeTotal": 1,
            "idUsuario": "F6OgMJs2jotpcuE4",
            "_id": "orpnj5BCZDdiKvaX"
        },
        {
            "produtos": [
                {
                    "idProduto": "BeeJh5lz3k6kSIzA",
                    "quantidade": 2,
                    "precoUnitario": 470
                },
                {
                    "idProduto": "K6leHdftCeOJj8BJ",
                    "quantidade": 1,
                    "precoUnitario": 5240
                }
            ],
            "precoTotal": 6180,
            "quantidadeTotal": 3,
            "idUsuario": "0uxuPY0cbmQhpEz1",
            "_id": "qbMqntef4iTOwWfg"
        },
        {
            "produtos": [
                {
                    "idProduto": "lByImneOnzbRVjoP",
                    "quantidade": 1,
                    "precoUnitario": 750
                }
            ],
            "precoTotal": 750,
            "quantidadeTotal": 1,
            "idUsuario": "8goeriDu9oxyYbaj",
            "_id": "tiM7q1fq74H8Zp8h"
        },
        {
            "produtos": [
                {
                    "idProduto": "WxlVh5fCXPc16pVc",
                    "quantidade": 1,
                    "precoUnitario": 500
                }
            ],
            "precoTotal": 500,
            "quantidadeTotal": 1,
            "idUsuario": "TT2lzZGIKucSv6e0",
            "_id": "yqhlmVuTxAFcKB6D"
        }
    ]
} 
 </msg>
<msg time="2026-09-22T13:13:55.806356" level="INFO">/opt/hostedtoolcache/Python/3.12.14/x64/lib/python3.12/site-packages/urllib3/connectionpool.py:1129: InsecureRequestWarning: Unverified HTTPS request is being made to host 'serverest.dev'. Adding certificate verification is strongly advised. See: https://urllib3.readthedocs.io/en/latest/advanced-usage.html#tls-warnings
  warnings.warn(</msg>
<msg time="2026-09-22T13:13:55.806473" level="INFO">${response} = &lt;Response [200]&gt;</msg>
<var>${response}</var>
<arg>alias=api</arg>
<arg>url=/carrinhos</arg>
<arg>headers=${header}</arg>
<arg>expected_status=200</arg>
<doc>Sends a GET request on a previously created HTTP Session.</doc>
<status status="PASS" start="2026-09-22T13:13:55.735220" elapsed="0.071293"/>
</kw>
<status status="PASS" start="2026-09-22T13:13:55.734570" elapsed="0.072075"/>
</kw>
<kw name="Consultar Carrinho ID" owner="carrinho">
<kw name="Create Dictionary" owner="BuiltIn">
<msg time="2026-09-22T13:13:55.807561" level="INFO">${header} = {'Content-Type': 'application/json'}</msg>
<var>${header}</var>
<arg>Content-Type=application/json</arg>
<doc>Creates and returns a dictionary based on the given `items`.</doc>
<status status="PASS" start="2026-09-22T13:13:55.807265" elapsed="0.000320"/>
</kw>
<kw name="GET On Session" owner="RequestsLibrary">
<msg time="2026-09-22T13:13:55.884233" level="INFO">GET Request : url=https://serverest.dev/carrinhos/yqhlmVuTxAFcKB6D 
 path_url=/carrinhos/yqhlmVuTxAFcKB6D 
 headers={'User-Agent': 'python-requests/2.34.2', 'Accept-Encoding': 'gzip, deflate', 'Accept': '*/*', 'Connection': 'keep-alive', 'Content-Type': 'application/json'} 
 body=None 
 </msg>
<msg time="2026-09-22T13:13:55.884318" level="INFO">GET Response : url=https://serverest.dev/carrinhos/yqhlmVuTxAFcKB6D 
 status=200, reason=OK 
 headers={'access-control-allow-origin': '*', 'x-dns-prefetch-control': 'off', 'x-frame-options': 'SAMEORIGIN', 'strict-transport-security': 'max-age=15552000; includeSubDomains', 'x-download-options': 'noopen', 'x-content-type-options': 'nosniff', 'x-xss-protection': '1; mode=block', 'content-type': 'application/json; charset=utf-8', 'x-cloud-trace-context': '1d8117550dd1df6f81a0cef82130e234', 'date': 'Tue, 22 Sep 2026 13:13:55 GMT', 'server': 'Google Frontend', 'Content-Length': '271'} 
 body={
    "produtos": [
        {
            "idProduto": "WxlVh5fCXPc16pVc",
            "quantidade": 1,
            "precoUnitario": 500
        }
    ],
    "precoTotal": 500,
    "quantidadeTotal": 1,
    "idUsuario": "TT2lzZGIKucSv6e0",
    "_id": "yqhlmVuTxAFcKB6D"
} 
 </msg>
<msg time="2026-09-22T13:13:55.884383" level="INFO">/opt/hostedtoolcache/Python/3.12.14/x64/lib/python3.12/site-packages/urllib3/connectionpool.py:1129: InsecureRequestWarning: Unverified HTTPS request is being made to host 'serverest.dev'. Adding certificate verification is strongly advised. See: https://urllib3.readthedocs.io/en/latest/advanced-usage.html#tls-warnings
  warnings.warn(</msg>
<msg time="2026-09-22T13:13:55.884503" level="INFO">${response} = &lt;Response [200]&gt;</msg>
<var>${response}</var>
<arg>alias=api</arg>
<arg>url=/carrinhos/${idc}</arg>
<arg>headers=${header}</arg>
<arg>expected_status=200</arg>
<doc>Sends a GET request on a previously created HTTP Session.</doc>
<status status="PASS" start="2026-09-22T13:13:55.807719" elapsed="0.076823"/>
</kw>
<arg>${idc}</arg>
<status status="PASS" start="2026-09-22T13:13:55.806857" elapsed="0.077818"/>
</kw>
<kw name="Deletar Carrinho Cancelar Compra" owner="carrinho">
<kw name="Create Dictionary" owner="BuiltIn">
<msg time="2026-09-22T13:13:55.885687" level="INFO">${header} = {'Content-Type': 'application/json', 'Authorization': 'Bearer eyJhbGciOiJIUzI1NiIsInR5cCI6IkpXVCJ9.eyJlbWFpbCI6ImN0MDA5XzE3OTAwODI4MzU0MTgyNjM0NzBAdGVzdC5jb20iLCJwYXNzd29yZCI6IjEyMzQ1NiIsImlhdCI6MTc5M...</msg>
<var>${header}</var>
<arg>Content-Type=application/json</arg>
<arg>Authorization=${token}</arg>
<doc>Creates and returns a dictionary based on the given `items`.</doc>
<status status="PASS" start="2026-09-22T13:13:55.885306" elapsed="0.000412"/>
</kw>
<kw name="DELETE On Session" owner="RequestsLibrary">
<msg time="2026-09-22T13:13:55.959839" level="INFO">DELETE Request : url=https://serverest.dev/carrinhos/cancelar-compra 
 path_url=/carrinhos/cancelar-compra 
 headers={'User-Agent': 'python-requests/2.34.2', 'Accept-Encoding': 'gzip, deflate', 'Accept': '*/*', 'Connection': 'keep-alive', 'Content-Type': 'application/json', 'Authorization': 'Bearer eyJhbGciOiJIUzI1NiIsInR5cCI6IkpXVCJ9.eyJlbWFpbCI6ImN0MDA5XzE3OTAwODI4MzU0MTgyNjM0NzBAdGVzdC5jb20iLCJwYXNzd29yZCI6IjEyMzQ1NiIsImlhdCI6MTc5MDA4MjgzNSwiZXhwIjoxNzkwMDgzNDM1fQ.erjEEkwy74JwK79olGrQMLzHn0Vz2OIm4n8XC93PqK0', 'Content-Length': '0'} 
 body=None 
 </msg>
<msg time="2026-09-22T13:13:55.959922" level="INFO">DELETE Response : url=https://serverest.dev/carrinhos/cancelar-compra 
 status=200, reason=OK 
 headers={'access-control-allow-origin': '*', 'x-dns-prefetch-control': 'off', 'x-frame-options': 'SAMEORIGIN', 'strict-transport-security': 'max-age=15552000; includeSubDomains', 'x-download-options': 'noopen', 'x-content-type-options': 'nosniff', 'x-xss-protection': '1; mode=block', 'content-type': 'application/json; charset=utf-8', 'x-cloud-trace-context': 'f12a4184e68a764181a0cef82130e0cf', 'date': 'Tue, 22 Sep 2026 13:13:55 GMT', 'server': 'Google Frontend', 'Content-Length': '86'} 
 body={
    "message": "Registro excluído com sucesso. Estoque dos produtos reabastecido"
} 
 </msg>
<msg time="2026-09-22T13:13:55.960005" level="INFO">/opt/hostedtoolcache/Python/3.12.14/x64/lib/python3.12/site-packages/urllib3/connectionpool.py:1129: InsecureRequestWarning: Unverified HTTPS request is being made to host 'serverest.dev'. Adding certificate verification is strongly advised. See: https://urllib3.readthedocs.io/en/latest/advanced-usage.html#tls-warnings
  warnings.warn(</msg>
<msg time="2026-09-22T13:13:55.960154" level="INFO">${response} = &lt;Response [200]&gt;</msg>
<var>${response}</var>
<arg>alias=api</arg>
<arg>url=/carrinhos/cancelar-compra</arg>
<arg>headers=${header}</arg>
<arg>expected_status=200</arg>
<doc>Sends a DELETE request on a previously created HTTP Session.</doc>
<status status="PASS" start="2026-09-22T13:13:55.885823" elapsed="0.074375"/>
</kw>
<kw name="Should Be Equal As Strings" owner="BuiltIn">
<arg>${response.json()['message']}</arg>
<arg>Registro excluído com sucesso. Estoque dos produtos reabastecido</arg>
<doc>Fails if objects are unequal after converting them to strings.</doc>
<status status="PASS" start="2026-09-22T13:13:55.960451" elapsed="0.000574"/>
</kw>
<arg>${token}</arg>
<status status="PASS" start="2026-09-22T13:13:55.884907" elapsed="0.076181"/>
</kw>
<kw name="Deletar Produto" owner="produto">
<kw name="Create Dictionary" owner="BuiltIn">
<msg time="2026-09-22T13:13:55.961894" level="INFO">${header} = {'Content-Type': 'application/json', 'Authorization': 'Bearer eyJhbGciOiJIUzI1NiIsInR5cCI6IkpXVCJ9.eyJlbWFpbCI6ImN0MDA5XzE3OTAwODI4MzU0MTgyNjM0NzBAdGVzdC5jb20iLCJwYXNzd29yZCI6IjEyMzQ1NiIsImlhdCI6MTc5M...</msg>
<var>${header}</var>
<arg>Content-Type=application/json</arg>
<arg>Authorization=${token}</arg>
<doc>Creates and returns a dictionary based on the given `items`.</doc>
<status status="PASS" start="2026-09-22T13:13:55.961540" elapsed="0.000378"/>
</kw>
<kw name="DELETE On Session" owner="RequestsLibrary">
<msg time="2026-09-22T13:13:56.033512" level="INFO">DELETE Request : url=https://serverest.dev/produtos/WxlVh5fCXPc16pVc 
 path_url=/produtos/WxlVh5fCXPc16pVc 
 headers={'User-Agent': 'python-requests/2.34.2', 'Accept-Encoding': 'gzip, deflate', 'Accept': '*/*', 'Connection': 'keep-alive', 'Content-Type': 'application/json', 'Authorization': 'Bearer eyJhbGciOiJIUzI1NiIsInR5cCI6IkpXVCJ9.eyJlbWFpbCI6ImN0MDA5XzE3OTAwODI4MzU0MTgyNjM0NzBAdGVzdC5jb20iLCJwYXNzd29yZCI6IjEyMzQ1NiIsImlhdCI6MTc5MDA4MjgzNSwiZXhwIjoxNzkwMDgzNDM1fQ.erjEEkwy74JwK79olGrQMLzHn0Vz2OIm4n8XC93PqK0', 'Content-Length': '0'} 
 body=None 
 </msg>
<msg time="2026-09-22T13:13:56.033582" level="INFO">DELETE Response : url=https://serverest.dev/produtos/WxlVh5fCXPc16pVc 
 status=200, reason=OK 
 headers={'access-control-allow-origin': '*', 'x-dns-prefetch-control': 'off', 'x-frame-options': 'SAMEORIGIN', 'strict-transport-security': 'max-age=15552000; includeSubDomains', 'x-download-options': 'noopen', 'x-content-type-options': 'nosniff', 'x-xss-protection': '1; mode=block', 'content-type': 'application/json; charset=utf-8', 'x-cloud-trace-context': 'd304ff041a2808d181a0cef82130e9d9', 'date': 'Tue, 22 Sep 2026 13:13:56 GMT', 'server': 'Google Frontend', 'Content-Length': '51'} 
 body={
    "message": "Registro excluído com sucesso"
} 
 </msg>
<msg time="2026-09-22T13:13:56.033726" level="INFO">/opt/hostedtoolcache/Python/3.12.14/x64/lib/python3.12/site-packages/urllib3/connectionpool.py:1129: InsecureRequestWarning: Unverified HTTPS request is being made to host 'serverest.dev'. Adding certificate verification is strongly advised. See: https://urllib3.readthedocs.io/en/latest/advanced-usage.html#tls-warnings
  warnings.warn(</msg>
<msg time="2026-09-22T13:13:56.033825" level="INFO">${response} = &lt;Response [200]&gt;</msg>
<var>${response}</var>
<arg>alias=api</arg>
<arg>url=/produtos/${idp}</arg>
<arg>headers=${header}</arg>
<arg>expected_status=200</arg>
<doc>Sends a DELETE request on a previously created HTTP Session.</doc>
<status status="PASS" start="2026-09-22T13:13:55.962019" elapsed="0.071843"/>
</kw>
<kw name="Should Be Equal As Strings" owner="BuiltIn">
<arg>${response.json()['message']}</arg>
<arg>Registro excluído com sucesso</arg>
<doc>Fails if objects are unequal after converting them to strings.</doc>
<status status="PASS" start="2026-09-22T13:13:56.034059" elapsed="0.000481"/>
</kw>
<arg>${idp}</arg>
<arg>${token}</arg>
<status status="PASS" start="2026-09-22T13:13:55.961230" elapsed="0.073412"/>
</kw>
<kw name="Deletar Usuario" owner="usuario">
<kw name="Create Dictionary" owner="BuiltIn">
<msg time="2026-09-22T13:13:56.035326" level="INFO">${header} = {'Content-Type': 'application/json'}</msg>
<var>${header}</var>
<arg>Content-Type=application/json</arg>
<doc>Creates and returns a dictionary based on the given `items`.</doc>
<status status="PASS" start="2026-09-22T13:13:56.035063" elapsed="0.000287"/>
</kw>
<kw name="DELETE On Session" owner="RequestsLibrary">
<msg time="2026-09-22T13:13:56.110158" level="INFO">DELETE Request : url=https://serverest.dev/usuarios/TT2lzZGIKucSv6e0 
 path_url=/usuarios/TT2lzZGIKucSv6e0 
 headers={'User-Agent': 'python-requests/2.34.2', 'Accept-Encoding': 'gzip, deflate', 'Accept': '*/*', 'Connection': 'keep-alive', 'Content-Type': 'application/json', 'Content-Length': '0'} 
 body=None 
 </msg>
<msg time="2026-09-22T13:13:56.110243" level="INFO">DELETE Response : url=https://serverest.dev/usuarios/TT2lzZGIKucSv6e0 
 status=200, reason=OK 
 headers={'access-control-allow-origin': '*', 'x-dns-prefetch-control': 'off', 'x-frame-options': 'SAMEORIGIN', 'strict-transport-security': 'max-age=15552000; includeSubDomains', 'x-download-options': 'noopen', 'x-content-type-options': 'nosniff', 'x-xss-protection': '1; mode=block', 'content-type': 'application/json; charset=utf-8', 'x-cloud-trace-context': '2cf48b57de620d4381a0cef82130ea8a', 'date': 'Tue, 22 Sep 2026 13:13:56 GMT', 'server': 'Google Frontend', 'Content-Length': '51'} 
 body={
    "message": "Registro excluído com sucesso"
} 
 </msg>
<msg time="2026-09-22T13:13:56.110311" level="INFO">/opt/hostedtoolcache/Python/3.12.14/x64/lib/python3.12/site-packages/urllib3/connectionpool.py:1129: InsecureRequestWarning: Unverified HTTPS request is being made to host 'serverest.dev'. Adding certificate verification is strongly advised. See: https://urllib3.readthedocs.io/en/latest/advanced-usage.html#tls-warnings
  warnings.warn(</msg>
<msg time="2026-09-22T13:13:56.110469" level="INFO">${response} = &lt;Response [200]&gt;</msg>
<var>${response}</var>
<arg>alias=api</arg>
<arg>url=/usuarios/${id}</arg>
<arg>headers=${header}</arg>
<arg>expected_status=200</arg>
<doc>Sends a DELETE request on a previously created HTTP Session.</doc>
<status status="PASS" start="2026-09-22T13:13:56.035457" elapsed="0.075056"/>
</kw>
<kw name="Should Be Equal As Strings" owner="BuiltIn">
<arg>${response.json()['message']}</arg>
<arg>Registro excluído com sucesso</arg>
<doc>Fails if objects are unequal after converting them to strings.</doc>
<status status="PASS" start="2026-09-22T13:13:56.110806" elapsed="0.000489"/>
</kw>
<arg>${id}</arg>
<status status="PASS" start="2026-09-22T13:13:56.034800" elapsed="0.076557"/>
</kw>
<tag>carrinho</tag>
<tag>regressao</tag>
<status status="PASS" start="2026-09-22T13:13:55.417323" elapsed="0.694127"/>
</test>
<kw name="Encerrar Sessão" owner="usuario" type="TEARDOWN">
<kw name="Delete All Sessions" owner="RequestsLibrary">
<msg time="2026-09-22T13:13:56.112309" level="INFO">Deleting All Sessions</msg>
<doc>Removes all the session objects </doc>
<status status="PASS" start="2026-09-22T13:13:56.112247" elapsed="0.000132"/>
</kw>
<status status="PASS" start="2026-09-22T13:13:56.112087" elapsed="0.000339"/>
</kw>
<status status="PASS" start="2026-09-22T13:13:52.830556" elapsed="3.281891"/>
</suite>
<statistics>
<total>
<stat pass="9" fail="0" skip="0">All Tests</stat>
</total>
<tag>
<stat pass="2" fail="0" skip="0">carrinho</stat>
<stat pass="3" fail="0" skip="0">crud</stat>
<stat pass="5" fail="0" skip="0">negativo</stat>
<stat pass="3" fail="0" skip="0">produto</stat>
<stat pass="4" fail="0" skip="0">regressao</stat>
<stat pass="4" fail="0" skip="0">usuario</stat>
</tag>
<suite>
<stat name="API Serverrest" id="s1" pass="9" fail="0" skip="0">API Serverrest</stat>
</suite>
</statistics>
<errors>
</errors>
</robot>
