<?xml version="1.0" encoding="UTF-8"?>
<robot generator="Robot 7.4.2 (Python 3.12.13 on linux)" generated="2026-05-28T00:48:09.369260" rpa="false" schemaversion="5">
<suite id="s1" name="API Serverrest" source="/home/runner/work/api-automation-serverest/api-automation-serverest/Tests/API_Serverrest.robot">
<kw name="Criar Sessão" owner="usuario" type="SETUP">
<kw name="Create Session" owner="RequestsLibrary">
<msg time="2026-05-28T00:48:10.078130" level="INFO">Creating Session using : alias=api, url=https://serverest.dev, headers={},                     cookies={}, auth=None, timeout=None, proxies=None, verify=False,                     debug=0 </msg>
<arg>alias=api</arg>
<arg>url=${url}</arg>
<doc>Create Session: create a HTTP session to a server</doc>
<status status="PASS" start="2026-05-28T00:48:10.077802" elapsed="0.000619"/>
</kw>
<arg>https://serverest.dev</arg>
<status status="PASS" start="2026-05-28T00:48:10.076666" elapsed="0.001886"/>
</kw>
<test id="s1-t1" name="CT-001 CRUD Usuario - Fluxo Completo" line="24">
<kw name="Gerar Email">
<kw name="Evaluate" owner="BuiltIn">
<msg time="2026-05-28T00:48:10.080223" level="INFO">${ts} = 1779929290080127607</msg>
<var>${ts}</var>
<arg>__import__('time').time_ns()</arg>
<doc>Evaluates the given expression in Python and returns the result.</doc>
<status status="PASS" start="2026-05-28T00:48:10.079645" elapsed="0.000621"/>
</kw>
<kw name="Set Variable" owner="BuiltIn">
<msg time="2026-05-28T00:48:10.080872" level="INFO">${email} = ct001_1779929290080127607@test.com</msg>
<var>${email}</var>
<arg>${prefixo}_${ts}@test.com</arg>
<doc>Returns the given values which can then be assigned to a variables.</doc>
<status status="PASS" start="2026-05-28T00:48:10.080423" elapsed="0.000484"/>
</kw>
<return>
<value>${email}</value>
<status status="PASS" start="2026-05-28T00:48:10.080979" elapsed="0.000068"/>
</return>
<msg time="2026-05-28T00:48:10.081242" level="INFO">${email} = ct001_1779929290080127607@test.com</msg>
<var>${email}</var>
<arg>ct001</arg>
<status status="PASS" start="2026-05-28T00:48:10.079275" elapsed="0.001999"/>
</kw>
<kw name="Cadastrar Usuario" owner="usuario">
<kw name="Create Dictionary" owner="BuiltIn">
<msg time="2026-05-28T00:48:10.082496" level="INFO">${header} = {'Content-Type': 'application/json'}</msg>
<var>${header}</var>
<arg>Content-Type=application/json</arg>
<doc>Creates and returns a dictionary based on the given ``items``.</doc>
<status status="PASS" start="2026-05-28T00:48:10.081914" elapsed="0.000620"/>
</kw>
<kw name="Set Variable" owner="BuiltIn">
<msg time="2026-05-28T00:48:10.083113" level="INFO">${body} = {"nome":"Usuário Teste","email":"ct001_1779929290080127607@test.com","password":"123456","administrador":"true"}</msg>
<var>${body}</var>
<arg>{"nome":"Usuário Teste","email":"${email}","password":"${password}","administrador":"true"}</arg>
<doc>Returns the given values which can then be assigned to a variables.</doc>
<status status="PASS" start="2026-05-28T00:48:10.082677" elapsed="0.000473"/>
</kw>
<kw name="POST On Session" owner="RequestsLibrary">
<msg time="2026-05-28T00:48:10.292947" level="INFO">POST Request : url=https://serverest.dev/usuarios 
 path_url=/usuarios 
 headers={'User-Agent': 'python-requests/2.34.2', 'Accept-Encoding': 'gzip, deflate', 'Accept': '*/*', 'Connection': 'keep-alive', 'Content-Type': 'application/json', 'Content-Length': '113'} 
 body={"nome":"Usuário Teste","email":"ct001_1779929290080127607@test.com","password":"123456","administrador":"true"} 
 </msg>
<msg time="2026-05-28T00:48:10.293048" level="INFO">POST Response : url=https://serverest.dev/usuarios 
 status=201, reason=Created 
 headers={'access-control-allow-origin': '*', 'x-dns-prefetch-control': 'off', 'x-frame-options': 'SAMEORIGIN', 'strict-transport-security': 'max-age=15552000; includeSubDomains', 'x-download-options': 'noopen', 'x-content-type-options': 'nosniff', 'x-xss-protection': '1; mode=block', 'content-type': 'application/json; charset=utf-8', 'x-cloud-trace-context': '3a18db31af826895ba5df7c96754783e', 'date': 'Thu, 28 May 2026 00:48:10 GMT', 'server': 'Google Frontend', 'Content-Length': '82'} 
 body={
    "message": "Cadastro realizado com sucesso",
    "_id": "gIAQYIqzVc0wcj5M"
} 
 </msg>
<msg time="2026-05-28T00:48:10.293146" level="INFO">/opt/hostedtoolcache/Python/3.12.13/x64/lib/python3.12/site-packages/urllib3/connectionpool.py:1110: InsecureRequestWarning: Unverified HTTPS request is being made to host 'serverest.dev'. Adding certificate verification is strongly advised. See: https://urllib3.readthedocs.io/en/latest/advanced-usage.html#tls-warnings
  warnings.warn(</msg>
<msg time="2026-05-28T00:48:10.293301" level="INFO">${response} = &lt;Response [201]&gt;</msg>
<var>${response}</var>
<arg>alias=api</arg>
<arg>url=/usuarios</arg>
<arg>headers=${header}</arg>
<arg>data=${body}</arg>
<arg>expected_status=201</arg>
<doc>Sends a POST request on a previously created HTTP Session.</doc>
<status status="PASS" start="2026-05-28T00:48:10.083293" elapsed="0.210055"/>
</kw>
<kw name="Set Variable" owner="BuiltIn">
<msg time="2026-05-28T00:48:10.295203" level="INFO">${id} = gIAQYIqzVc0wcj5M</msg>
<var>${id}</var>
<arg>${response.json()['_id']}</arg>
<doc>Returns the given values which can then be assigned to a variables.</doc>
<status status="PASS" start="2026-05-28T00:48:10.293539" elapsed="0.001692"/>
</kw>
<kw name="Should Be Equal As Strings" owner="BuiltIn">
<arg>${response.json()['message']}</arg>
<arg>Cadastro realizado com sucesso</arg>
<doc>Fails if objects are unequal after converting them to strings.</doc>
<status status="PASS" start="2026-05-28T00:48:10.295341" elapsed="0.000495"/>
</kw>
<return>
<value>${id}</value>
<status status="PASS" start="2026-05-28T00:48:10.295884" elapsed="0.000043"/>
</return>
<msg time="2026-05-28T00:48:10.296034" level="INFO">${id} = gIAQYIqzVc0wcj5M</msg>
<var>${id}</var>
<arg>${email}</arg>
<arg>${PASSWORD}</arg>
<status status="PASS" start="2026-05-28T00:48:10.081507" elapsed="0.214545"/>
</kw>
<kw name="Login do Usuario" owner="usuario">
<kw name="Create Dictionary" owner="BuiltIn">
<msg time="2026-05-28T00:48:10.296719" level="INFO">${header} = {'Content-Type': 'application/json'}</msg>
<var>${header}</var>
<arg>Content-Type=application/json</arg>
<doc>Creates and returns a dictionary based on the given ``items``.</doc>
<status status="PASS" start="2026-05-28T00:48:10.296474" elapsed="0.000264"/>
</kw>
<kw name="POST On Session" owner="RequestsLibrary">
<msg time="2026-05-28T00:48:10.346170" level="INFO">POST Request : url=https://serverest.dev/login 
 path_url=/login 
 headers={'User-Agent': 'python-requests/2.34.2', 'Accept-Encoding': 'gzip, deflate', 'Accept': '*/*', 'Connection': 'keep-alive', 'Content-Type': 'application/json', 'Content-Length': '66'} 
 body={"email":"ct001_1779929290080127607@test.com","password":"123456"} 
 </msg>
<msg time="2026-05-28T00:48:10.346248" level="INFO">POST Response : url=https://serverest.dev/login 
 status=200, reason=OK 
 headers={'access-control-allow-origin': '*', 'x-dns-prefetch-control': 'off', 'x-frame-options': 'SAMEORIGIN', 'strict-transport-security': 'max-age=15552000; includeSubDomains', 'x-download-options': 'noopen', 'x-content-type-options': 'nosniff', 'x-xss-protection': '1; mode=block', 'content-type': 'application/json; charset=utf-8', 'x-cloud-trace-context': 'b1fe6bbfeb771a90ba5df7c967547992', 'date': 'Thu, 28 May 2026 00:48:10 GMT', 'server': 'Google Frontend', 'Content-Length': '295'} 
 body={
    "message": "Login realizado com sucesso",
    "authorization": "Bearer eyJhbGciOiJIUzI1NiIsInR5cCI6IkpXVCJ9.eyJlbWFpbCI6ImN0MDAxXzE3Nzk5MjkyOTAwODAxMjc2MDdAdGVzdC5jb20iLCJwYXNzd29yZCI6IjEyMzQ1NiIsImlhdCI6MTc3OTkyOTI5MCwiZXhwIjoxNzc5OTI5ODkwfQ.sve0QxIU-OttZnEs3_jb2Ivy8HPpDNMrmZa329bif48"
} 
 </msg>
<msg time="2026-05-28T00:48:10.346314" level="INFO">/opt/hostedtoolcache/Python/3.12.13/x64/lib/python3.12/site-packages/urllib3/connectionpool.py:1110: InsecureRequestWarning: Unverified HTTPS request is being made to host 'serverest.dev'. Adding certificate verification is strongly advised. See: https://urllib3.readthedocs.io/en/latest/advanced-usage.html#tls-warnings
  warnings.warn(</msg>
<msg time="2026-05-28T00:48:10.346511" level="INFO">${response} = &lt;Response [200]&gt;</msg>
<var>${response}</var>
<arg>alias=api</arg>
<arg>url=/login</arg>
<arg>headers=${header}</arg>
<arg>data={"email":"${email}","password":"${password}"}</arg>
<arg>expected_status=200</arg>
<doc>Sends a POST request on a previously created HTTP Session.</doc>
<status status="PASS" start="2026-05-28T00:48:10.296831" elapsed="0.049715"/>
</kw>
<kw name="Set Variable" owner="BuiltIn">
<msg time="2026-05-28T00:48:10.347341" level="INFO">${token} = Bearer eyJhbGciOiJIUzI1NiIsInR5cCI6IkpXVCJ9.eyJlbWFpbCI6ImN0MDAxXzE3Nzk5MjkyOTAwODAxMjc2MDdAdGVzdC5jb20iLCJwYXNzd29yZCI6IjEyMzQ1NiIsImlhdCI6MTc3OTkyOTI5MCwiZXhwIjoxNzc5OTI5ODkwfQ.sve0QxIU-OttZnEs3_jb2...</msg>
<var>${token}</var>
<arg>${response.json()['authorization']}</arg>
<doc>Returns the given values which can then be assigned to a variables.</doc>
<status status="PASS" start="2026-05-28T00:48:10.346736" elapsed="0.000631"/>
</kw>
<kw name="Should Be Equal As Strings" owner="BuiltIn">
<arg>${response.json()['message']}</arg>
<arg>Login realizado com sucesso</arg>
<doc>Fails if objects are unequal after converting them to strings.</doc>
<status status="PASS" start="2026-05-28T00:48:10.347486" elapsed="0.000451"/>
</kw>
<return>
<value>${token}</value>
<status status="PASS" start="2026-05-28T00:48:10.347983" elapsed="0.000034"/>
</return>
<msg time="2026-05-28T00:48:10.348138" level="INFO">${token} = Bearer eyJhbGciOiJIUzI1NiIsInR5cCI6IkpXVCJ9.eyJlbWFpbCI6ImN0MDAxXzE3Nzk5MjkyOTAwODAxMjc2MDdAdGVzdC5jb20iLCJwYXNzd29yZCI6IjEyMzQ1NiIsImlhdCI6MTc3OTkyOTI5MCwiZXhwIjoxNzc5OTI5ODkwfQ.sve0QxIU-OttZnEs3_jb2...</msg>
<var>${token}</var>
<arg>${email}</arg>
<arg>${PASSWORD}</arg>
<status status="PASS" start="2026-05-28T00:48:10.296225" elapsed="0.051933"/>
</kw>
<kw name="Consultar Usuario Lista" owner="usuario">
<kw name="Create Dictionary" owner="BuiltIn">
<msg time="2026-05-28T00:48:10.348728" level="INFO">${header} = {'Content-Type': 'application/json'}</msg>
<var>${header}</var>
<arg>Content-Type=application/json</arg>
<doc>Creates and returns a dictionary based on the given ``items``.</doc>
<status status="PASS" start="2026-05-28T00:48:10.348492" elapsed="0.000255"/>
</kw>
<kw name="GET On Session" owner="RequestsLibrary">
<msg time="2026-05-28T00:48:10.403863" level="INFO">GET Request : url=https://serverest.dev/usuarios 
 path_url=/usuarios 
 headers={'User-Agent': 'python-requests/2.34.2', 'Accept-Encoding': 'gzip, deflate', 'Accept': '*/*', 'Connection': 'keep-alive', 'Content-Type': 'application/json'} 
 body=None 
 </msg>
<msg time="2026-05-28T00:48:10.403948" level="INFO">GET Response : url=https://serverest.dev/usuarios 
 status=200, reason=OK 
 headers={'access-control-allow-origin': '*', 'x-dns-prefetch-control': 'off', 'x-frame-options': 'SAMEORIGIN', 'strict-transport-security': 'max-age=15552000; includeSubDomains', 'x-download-options': 'noopen', 'x-content-type-options': 'nosniff', 'x-xss-protection': '1; mode=block', 'content-type': 'application/json; charset=utf-8', 'x-cloud-trace-context': '393179c55eddfa13ba5df7c967547d24', 'date': 'Thu, 28 May 2026 00:48:10 GMT', 'server': 'Google Frontend', 'Content-Length': '931'} 
 body={
    "quantidade": 4,
    "usuarios": [
        {
            "nome": "Fulano da Silva",
            "email": "fulano@qa.com",
            "password": "teste",
            "administrador": "true",
            "_id": "0uxuPY0cbmQhpEz1"
        },
        {
            "nome": "Usuário Teste",
            "email": "ct009_1779928972125246072@test.com",
            "password": "123456",
            "administrador": "true",
            "_id": "6OizevfvXKufgxxe"
        },
        {
            "nome": "Leonardo Lanes",
            "email": "leonardo91naressi@gmail.com.br",
            "password": "soeusei",
            "administrador": "true",
            "_id": "UZNwueoqmKgCapsr"
        },
        {
            "nome": "Usuário Teste",
            "email": "ct001_1779929290080127607@test.com",
            "password": "123456",
            "administrador": "true",
            "_id": "gIAQYIqzVc0wcj5M"
        }
    ]
} 
 </msg>
<msg time="2026-05-28T00:48:10.404011" level="INFO">/opt/hostedtoolcache/Python/3.12.13/x64/lib/python3.12/site-packages/urllib3/connectionpool.py:1110: InsecureRequestWarning: Unverified HTTPS request is being made to host 'serverest.dev'. Adding certificate verification is strongly advised. See: https://urllib3.readthedocs.io/en/latest/advanced-usage.html#tls-warnings
  warnings.warn(</msg>
<msg time="2026-05-28T00:48:10.404181" level="INFO">${response} = &lt;Response [200]&gt;</msg>
<var>${response}</var>
<arg>alias=api</arg>
<arg>url=/usuarios</arg>
<arg>headers=${header}</arg>
<arg>expected_status=200</arg>
<doc>Sends a GET request on a previously created HTTP Session.</doc>
<status status="PASS" start="2026-05-28T00:48:10.348823" elapsed="0.055398"/>
</kw>
<status status="PASS" start="2026-05-28T00:48:10.348297" elapsed="0.056016"/>
</kw>
<kw name="Consultar Usuario ID" owner="usuario">
<kw name="Create Dictionary" owner="BuiltIn">
<msg time="2026-05-28T00:48:10.405072" level="INFO">${header} = {'Content-Type': 'application/json'}</msg>
<var>${header}</var>
<arg>Content-Type=application/json</arg>
<doc>Creates and returns a dictionary based on the given ``items``.</doc>
<status status="PASS" start="2026-05-28T00:48:10.404786" elapsed="0.000305"/>
</kw>
<kw name="GET On Session" owner="RequestsLibrary">
<msg time="2026-05-28T00:48:10.451383" level="INFO">GET Request : url=https://serverest.dev/usuarios/gIAQYIqzVc0wcj5M 
 path_url=/usuarios/gIAQYIqzVc0wcj5M 
 headers={'User-Agent': 'python-requests/2.34.2', 'Accept-Encoding': 'gzip, deflate', 'Accept': '*/*', 'Connection': 'keep-alive', 'Content-Type': 'application/json'} 
 body=None 
 </msg>
<msg time="2026-05-28T00:48:10.451459" level="INFO">GET Response : url=https://serverest.dev/usuarios/gIAQYIqzVc0wcj5M 
 status=200, reason=OK 
 headers={'access-control-allow-origin': '*', 'x-dns-prefetch-control': 'off', 'x-frame-options': 'SAMEORIGIN', 'strict-transport-security': 'max-age=15552000; includeSubDomains', 'x-download-options': 'noopen', 'x-content-type-options': 'nosniff', 'x-xss-protection': '1; mode=block', 'content-type': 'application/json; charset=utf-8', 'x-cloud-trace-context': '343f004b636ddb30ba5df7c967547342', 'date': 'Thu, 28 May 2026 00:48:10 GMT', 'server': 'Google Frontend', 'Content-Length': '169'} 
 body={
    "nome": "Usuário Teste",
    "email": "ct001_1779929290080127607@test.com",
    "password": "123456",
    "administrador": "true",
    "_id": "gIAQYIqzVc0wcj5M"
} 
 </msg>
<msg time="2026-05-28T00:48:10.451524" level="INFO">/opt/hostedtoolcache/Python/3.12.13/x64/lib/python3.12/site-packages/urllib3/connectionpool.py:1110: InsecureRequestWarning: Unverified HTTPS request is being made to host 'serverest.dev'. Adding certificate verification is strongly advised. See: https://urllib3.readthedocs.io/en/latest/advanced-usage.html#tls-warnings
  warnings.warn(</msg>
<msg time="2026-05-28T00:48:10.451665" level="INFO">${response} = &lt;Response [200]&gt;</msg>
<var>${response}</var>
<arg>alias=api</arg>
<arg>url=/usuarios/${id}</arg>
<arg>headers=${header}</arg>
<arg>expected_status=200</arg>
<doc>Sends a GET request on a previously created HTTP Session.</doc>
<status status="PASS" start="2026-05-28T00:48:10.405195" elapsed="0.046501"/>
</kw>
<arg>${id}</arg>
<status status="PASS" start="2026-05-28T00:48:10.404488" elapsed="0.047291"/>
</kw>
<kw name="Atualizar Usuario" owner="usuario">
<kw name="Get File" owner="OperatingSystem">
<msg time="2026-05-28T00:48:10.452416" level="INFO" html="true">Getting file '&lt;a href="file:///home/runner/work/api-automation-serverest/api-automation-serverest/Json/atlz_usuario.json"&gt;/home/runner/work/api-automation-serverest/api-automation-serverest/Json/atlz_usuario.json&lt;/a&gt;'.</msg>
<msg time="2026-05-28T00:48:10.452564" level="INFO">${body} = {
  "nome": "Usuário Teste Atualizado",
  "email": "user_updated_123456@test.com",
  "password": "123456",
  "administrador": "true"
}
</msg>
<var>${body}</var>
<arg>path=${EXECDIR}/Json/atlz_usuario.json</arg>
<doc>Returns the contents of a specified file.</doc>
<status status="PASS" start="2026-05-28T00:48:10.452249" elapsed="0.000334"/>
</kw>
<kw name="Create Dictionary" owner="BuiltIn">
<msg time="2026-05-28T00:48:10.452993" level="INFO">${header} = {'Content-Type': 'application/json'}</msg>
<var>${header}</var>
<arg>Content-Type=application/json</arg>
<doc>Creates and returns a dictionary based on the given ``items``.</doc>
<status status="PASS" start="2026-05-28T00:48:10.452721" elapsed="0.000289"/>
</kw>
<kw name="PUT On Session" owner="RequestsLibrary">
<msg time="2026-05-28T00:48:10.509356" level="INFO">PUT Request : url=https://serverest.dev/usuarios/gIAQYIqzVc0wcj5M 
 path_url=/usuarios/gIAQYIqzVc0wcj5M 
 headers={'User-Agent': 'python-requests/2.34.2', 'Accept-Encoding': 'gzip, deflate', 'Accept': '*/*', 'Connection': 'keep-alive', 'Content-Type': 'application/json', 'Content-Length': '136'} 
 body={
  "nome": "Usuário Teste Atualizado",
  "email": "user_updated_123456@test.com",
  "password": "123456",
  "administrador": "true"
}
 
 </msg>
<msg time="2026-05-28T00:48:10.509435" level="INFO">PUT Response : url=https://serverest.dev/usuarios/gIAQYIqzVc0wcj5M 
 status=200, reason=OK 
 headers={'access-control-allow-origin': '*', 'x-dns-prefetch-control': 'off', 'x-frame-options': 'SAMEORIGIN', 'strict-transport-security': 'max-age=15552000; includeSubDomains', 'x-download-options': 'noopen', 'x-content-type-options': 'nosniff', 'x-xss-protection': '1; mode=block', 'content-type': 'application/json; charset=utf-8', 'x-cloud-trace-context': 'd542d11b480105c9ba5df7c9675472a6', 'date': 'Thu, 28 May 2026 00:48:10 GMT', 'server': 'Google Frontend', 'Content-Length': '50'} 
 body={
    "message": "Registro alterado com sucesso"
} 
 </msg>
<msg time="2026-05-28T00:48:10.509501" level="INFO">/opt/hostedtoolcache/Python/3.12.13/x64/lib/python3.12/site-packages/urllib3/connectionpool.py:1110: InsecureRequestWarning: Unverified HTTPS request is being made to host 'serverest.dev'. Adding certificate verification is strongly advised. See: https://urllib3.readthedocs.io/en/latest/advanced-usage.html#tls-warnings
  warnings.warn(</msg>
<msg time="2026-05-28T00:48:10.509648" level="INFO">${response} = &lt;Response [200]&gt;</msg>
<var>${response}</var>
<arg>alias=api</arg>
<arg>url=/usuarios/${id}</arg>
<arg>headers=${header}</arg>
<arg>data=${body}</arg>
<arg>expected_status=200</arg>
<doc>Sends a PUT request on a previously created HTTP Session.</doc>
<status status="PASS" start="2026-05-28T00:48:10.453091" elapsed="0.056590"/>
</kw>
<kw name="Should Be Equal As Strings" owner="BuiltIn">
<arg>${response.json()['message']}</arg>
<arg>Registro alterado com sucesso</arg>
<doc>Fails if objects are unequal after converting them to strings.</doc>
<status status="PASS" start="2026-05-28T00:48:10.509848" elapsed="0.000796"/>
</kw>
<arg>${id}</arg>
<status status="PASS" start="2026-05-28T00:48:10.451965" elapsed="0.058738"/>
</kw>
<kw name="Deletar Usuario" owner="usuario">
<kw name="Create Dictionary" owner="BuiltIn">
<msg time="2026-05-28T00:48:10.511337" level="INFO">${header} = {'Content-Type': 'application/json'}</msg>
<var>${header}</var>
<arg>Content-Type=application/json</arg>
<doc>Creates and returns a dictionary based on the given ``items``.</doc>
<status status="PASS" start="2026-05-28T00:48:10.511080" elapsed="0.000277"/>
</kw>
<kw name="DELETE On Session" owner="RequestsLibrary">
<msg time="2026-05-28T00:48:10.558747" level="INFO">DELETE Request : url=https://serverest.dev/usuarios/gIAQYIqzVc0wcj5M 
 path_url=/usuarios/gIAQYIqzVc0wcj5M 
 headers={'User-Agent': 'python-requests/2.34.2', 'Accept-Encoding': 'gzip, deflate', 'Accept': '*/*', 'Connection': 'keep-alive', 'Content-Type': 'application/json', 'Content-Length': '0'} 
 body=None 
 </msg>
<msg time="2026-05-28T00:48:10.558825" level="INFO">DELETE Response : url=https://serverest.dev/usuarios/gIAQYIqzVc0wcj5M 
 status=200, reason=OK 
 headers={'access-control-allow-origin': '*', 'x-dns-prefetch-control': 'off', 'x-frame-options': 'SAMEORIGIN', 'strict-transport-security': 'max-age=15552000; includeSubDomains', 'x-download-options': 'noopen', 'x-content-type-options': 'nosniff', 'x-xss-protection': '1; mode=block', 'content-type': 'application/json; charset=utf-8', 'x-cloud-trace-context': '290edeb1aba41299ba5df7c96754765f', 'date': 'Thu, 28 May 2026 00:48:10 GMT', 'server': 'Google Frontend', 'Content-Length': '51'} 
 body={
    "message": "Registro excluído com sucesso"
} 
 </msg>
<msg time="2026-05-28T00:48:10.558879" level="INFO">/opt/hostedtoolcache/Python/3.12.13/x64/lib/python3.12/site-packages/urllib3/connectionpool.py:1110: InsecureRequestWarning: Unverified HTTPS request is being made to host 'serverest.dev'. Adding certificate verification is strongly advised. See: https://urllib3.readthedocs.io/en/latest/advanced-usage.html#tls-warnings
  warnings.warn(</msg>
<msg time="2026-05-28T00:48:10.559023" level="INFO">${response} = &lt;Response [200]&gt;</msg>
<var>${response}</var>
<arg>alias=api</arg>
<arg>url=/usuarios/${id}</arg>
<arg>headers=${header}</arg>
<arg>expected_status=200</arg>
<doc>Sends a DELETE request on a previously created HTTP Session.</doc>
<status status="PASS" start="2026-05-28T00:48:10.511438" elapsed="0.047627"/>
</kw>
<kw name="Should Be Equal As Strings" owner="BuiltIn">
<arg>${response.json()['message']}</arg>
<arg>Registro excluído com sucesso</arg>
<doc>Fails if objects are unequal after converting them to strings.</doc>
<status status="PASS" start="2026-05-28T00:48:10.559263" elapsed="0.000585"/>
</kw>
<arg>${id}</arg>
<status status="PASS" start="2026-05-28T00:48:10.510846" elapsed="0.049064"/>
</kw>
<tag>crud</tag>
<tag>regressao</tag>
<tag>usuario</tag>
<status status="PASS" start="2026-05-28T00:48:10.078656" elapsed="0.481348"/>
</test>
<test id="s1-t2" name="CT-002 Erro - Cadastrar Usuario com Email Duplicado" line="34">
<kw name="Gerar Email">
<kw name="Evaluate" owner="BuiltIn">
<msg time="2026-05-28T00:48:10.561235" level="INFO">${ts} = 1779929290561185967</msg>
<var>${ts}</var>
<arg>__import__('time').time_ns()</arg>
<doc>Evaluates the given expression in Python and returns the result.</doc>
<status status="PASS" start="2026-05-28T00:48:10.560922" elapsed="0.000341"/>
</kw>
<kw name="Set Variable" owner="BuiltIn">
<msg time="2026-05-28T00:48:10.561590" level="INFO">${email} = ct002_1779929290561185967@test.com</msg>
<var>${email}</var>
<arg>${prefixo}_${ts}@test.com</arg>
<doc>Returns the given values which can then be assigned to a variables.</doc>
<status status="PASS" start="2026-05-28T00:48:10.561357" elapsed="0.000251"/>
</kw>
<return>
<value>${email}</value>
<status status="PASS" start="2026-05-28T00:48:10.561644" elapsed="0.000037"/>
</return>
<msg time="2026-05-28T00:48:10.561768" level="INFO">${email} = ct002_1779929290561185967@test.com</msg>
<var>${email}</var>
<arg>ct002</arg>
<status status="PASS" start="2026-05-28T00:48:10.560695" elapsed="0.001089"/>
</kw>
<kw name="Cadastrar Usuario" owner="usuario">
<kw name="Create Dictionary" owner="BuiltIn">
<msg time="2026-05-28T00:48:10.562368" level="INFO">${header} = {'Content-Type': 'application/json'}</msg>
<var>${header}</var>
<arg>Content-Type=application/json</arg>
<doc>Creates and returns a dictionary based on the given ``items``.</doc>
<status status="PASS" start="2026-05-28T00:48:10.562142" elapsed="0.000245"/>
</kw>
<kw name="Set Variable" owner="BuiltIn">
<msg time="2026-05-28T00:48:10.562690" level="INFO">${body} = {"nome":"Usuário Teste","email":"ct002_1779929290561185967@test.com","password":"123456","administrador":"true"}</msg>
<var>${body}</var>
<arg>{"nome":"Usuário Teste","email":"${email}","password":"${password}","administrador":"true"}</arg>
<doc>Returns the given values which can then be assigned to a variables.</doc>
<status status="PASS" start="2026-05-28T00:48:10.562467" elapsed="0.000242"/>
</kw>
<kw name="POST On Session" owner="RequestsLibrary">
<msg time="2026-05-28T00:48:10.642339" level="INFO">POST Request : url=https://serverest.dev/usuarios 
 path_url=/usuarios 
 headers={'User-Agent': 'python-requests/2.34.2', 'Accept-Encoding': 'gzip, deflate', 'Accept': '*/*', 'Connection': 'keep-alive', 'Content-Type': 'application/json', 'Content-Length': '113'} 
 body={"nome":"Usuário Teste","email":"ct002_1779929290561185967@test.com","password":"123456","administrador":"true"} 
 </msg>
<msg time="2026-05-28T00:48:10.642463" level="INFO">POST Response : url=https://serverest.dev/usuarios 
 status=201, reason=Created 
 headers={'access-control-allow-origin': '*', 'x-dns-prefetch-control': 'off', 'x-frame-options': 'SAMEORIGIN', 'strict-transport-security': 'max-age=15552000; includeSubDomains', 'x-download-options': 'noopen', 'x-content-type-options': 'nosniff', 'x-xss-protection': '1; mode=block', 'content-type': 'application/json; charset=utf-8', 'x-cloud-trace-context': '984a97d7c8ec6ca7ba5df7c967547575', 'date': 'Thu, 28 May 2026 00:48:10 GMT', 'server': 'Google Frontend', 'Content-Length': '82'} 
 body={
    "message": "Cadastro realizado com sucesso",
    "_id": "MddQMpaPq0oO7D5H"
} 
 </msg>
<msg time="2026-05-28T00:48:10.642528" level="INFO">/opt/hostedtoolcache/Python/3.12.13/x64/lib/python3.12/site-packages/urllib3/connectionpool.py:1110: InsecureRequestWarning: Unverified HTTPS request is being made to host 'serverest.dev'. Adding certificate verification is strongly advised. See: https://urllib3.readthedocs.io/en/latest/advanced-usage.html#tls-warnings
  warnings.warn(</msg>
<msg time="2026-05-28T00:48:10.642670" level="INFO">${response} = &lt;Response [201]&gt;</msg>
<var>${response}</var>
<arg>alias=api</arg>
<arg>url=/usuarios</arg>
<arg>headers=${header}</arg>
<arg>data=${body}</arg>
<arg>expected_status=201</arg>
<doc>Sends a POST request on a previously created HTTP Session.</doc>
<status status="PASS" start="2026-05-28T00:48:10.562787" elapsed="0.079917"/>
</kw>
<kw name="Set Variable" owner="BuiltIn">
<msg time="2026-05-28T00:48:10.643484" level="INFO">${id} = MddQMpaPq0oO7D5H</msg>
<var>${id}</var>
<arg>${response.json()['_id']}</arg>
<doc>Returns the given values which can then be assigned to a variables.</doc>
<status status="PASS" start="2026-05-28T00:48:10.642872" elapsed="0.000633"/>
</kw>
<kw name="Should Be Equal As Strings" owner="BuiltIn">
<arg>${response.json()['message']}</arg>
<arg>Cadastro realizado com sucesso</arg>
<doc>Fails if objects are unequal after converting them to strings.</doc>
<status status="PASS" start="2026-05-28T00:48:10.643610" elapsed="0.000440"/>
</kw>
<return>
<value>${id}</value>
<status status="PASS" start="2026-05-28T00:48:10.644113" elapsed="0.000039"/>
</return>
<msg time="2026-05-28T00:48:10.644260" level="INFO">${id} = MddQMpaPq0oO7D5H</msg>
<var>${id}</var>
<arg>${email}</arg>
<arg>${PASSWORD}</arg>
<status status="PASS" start="2026-05-28T00:48:10.561910" elapsed="0.082369"/>
</kw>
<kw name="ERRO - Cadastrar Usuario Duplicado" owner="usuario">
<kw name="Create Dictionary" owner="BuiltIn">
<msg time="2026-05-28T00:48:10.644908" level="INFO">${header} = {'Content-Type': 'application/json'}</msg>
<var>${header}</var>
<arg>Content-Type=application/json</arg>
<doc>Creates and returns a dictionary based on the given ``items``.</doc>
<status status="PASS" start="2026-05-28T00:48:10.644674" elapsed="0.000252"/>
</kw>
<kw name="Set Variable" owner="BuiltIn">
<msg time="2026-05-28T00:48:10.645230" level="INFO">${body} = {"nome":"Usuário Teste","email":"ct002_1779929290561185967@test.com","password":"123456","administrador":"true"}</msg>
<var>${body}</var>
<arg>{"nome":"Usuário Teste","email":"${email}","password":"${password}","administrador":"true"}</arg>
<doc>Returns the given values which can then be assigned to a variables.</doc>
<status status="PASS" start="2026-05-28T00:48:10.645003" elapsed="0.000246"/>
</kw>
<kw name="POST On Session" owner="RequestsLibrary">
<msg time="2026-05-28T00:48:10.698602" level="INFO">POST Request : url=https://serverest.dev/usuarios 
 path_url=/usuarios 
 headers={'User-Agent': 'python-requests/2.34.2', 'Accept-Encoding': 'gzip, deflate', 'Accept': '*/*', 'Connection': 'keep-alive', 'Content-Type': 'application/json', 'Content-Length': '113'} 
 body={"nome":"Usuário Teste","email":"ct002_1779929290561185967@test.com","password":"123456","administrador":"true"} 
 </msg>
<msg time="2026-05-28T00:48:10.698682" level="INFO">POST Response : url=https://serverest.dev/usuarios 
 status=400, reason=Bad Request 
 headers={'access-control-allow-origin': '*', 'x-dns-prefetch-control': 'off', 'x-frame-options': 'SAMEORIGIN', 'strict-transport-security': 'max-age=15552000; includeSubDomains', 'x-download-options': 'noopen', 'x-content-type-options': 'nosniff', 'x-xss-protection': '1; mode=block', 'content-type': 'application/json; charset=utf-8', 'x-cloud-trace-context': '2c99918451a84950ba5df7c9675471d8', 'date': 'Thu, 28 May 2026 00:48:10 GMT', 'server': 'Google Frontend', 'Content-Length': '53'} 
 body={
    "message": "Este email já está sendo usado"
} 
 </msg>
<msg time="2026-05-28T00:48:10.698738" level="INFO">/opt/hostedtoolcache/Python/3.12.13/x64/lib/python3.12/site-packages/urllib3/connectionpool.py:1110: InsecureRequestWarning: Unverified HTTPS request is being made to host 'serverest.dev'. Adding certificate verification is strongly advised. See: https://urllib3.readthedocs.io/en/latest/advanced-usage.html#tls-warnings
  warnings.warn(</msg>
<msg time="2026-05-28T00:48:10.698885" level="INFO">${response} = &lt;Response [400]&gt;</msg>
<var>${response}</var>
<arg>alias=api</arg>
<arg>url=/usuarios</arg>
<arg>headers=${header}</arg>
<arg>data=${body}</arg>
<arg>expected_status=400</arg>
<doc>Sends a POST request on a previously created HTTP Session.</doc>
<status status="PASS" start="2026-05-28T00:48:10.645325" elapsed="0.053590"/>
</kw>
<kw name="Should Be Equal As Strings" owner="BuiltIn">
<arg>${response.json()['message']}</arg>
<arg>Este email já está sendo usado</arg>
<doc>Fails if objects are unequal after converting them to strings.</doc>
<status status="PASS" start="2026-05-28T00:48:10.699153" elapsed="0.000958"/>
</kw>
<arg>${email}</arg>
<arg>${PASSWORD}</arg>
<status status="PASS" start="2026-05-28T00:48:10.644423" elapsed="0.055789"/>
</kw>
<kw name="Deletar Usuario" owner="usuario">
<kw name="Create Dictionary" owner="BuiltIn">
<msg time="2026-05-28T00:48:10.701188" level="INFO">${header} = {'Content-Type': 'application/json'}</msg>
<var>${header}</var>
<arg>Content-Type=application/json</arg>
<doc>Creates and returns a dictionary based on the given ``items``.</doc>
<status status="PASS" start="2026-05-28T00:48:10.700832" elapsed="0.000380"/>
</kw>
<kw name="DELETE On Session" owner="RequestsLibrary">
<msg time="2026-05-28T00:48:10.750495" level="INFO">DELETE Request : url=https://serverest.dev/usuarios/MddQMpaPq0oO7D5H 
 path_url=/usuarios/MddQMpaPq0oO7D5H 
 headers={'User-Agent': 'python-requests/2.34.2', 'Accept-Encoding': 'gzip, deflate', 'Accept': '*/*', 'Connection': 'keep-alive', 'Content-Type': 'application/json', 'Content-Length': '0'} 
 body=None 
 </msg>
<msg time="2026-05-28T00:48:10.750578" level="INFO">DELETE Response : url=https://serverest.dev/usuarios/MddQMpaPq0oO7D5H 
 status=200, reason=OK 
 headers={'access-control-allow-origin': '*', 'x-dns-prefetch-control': 'off', 'x-frame-options': 'SAMEORIGIN', 'strict-transport-security': 'max-age=15552000; includeSubDomains', 'x-download-options': 'noopen', 'x-content-type-options': 'nosniff', 'x-xss-protection': '1; mode=block', 'content-type': 'application/json; charset=utf-8', 'x-cloud-trace-context': '6f66ac747a05d9ccba5df7c9675470a0', 'date': 'Thu, 28 May 2026 00:48:10 GMT', 'server': 'Google Frontend', 'Content-Length': '51'} 
 body={
    "message": "Registro excluído com sucesso"
} 
 </msg>
<msg time="2026-05-28T00:48:10.750655" level="INFO">/opt/hostedtoolcache/Python/3.12.13/x64/lib/python3.12/site-packages/urllib3/connectionpool.py:1110: InsecureRequestWarning: Unverified HTTPS request is being made to host 'serverest.dev'. Adding certificate verification is strongly advised. See: https://urllib3.readthedocs.io/en/latest/advanced-usage.html#tls-warnings
  warnings.warn(</msg>
<msg time="2026-05-28T00:48:10.750803" level="INFO">${response} = &lt;Response [200]&gt;</msg>
<var>${response}</var>
<arg>alias=api</arg>
<arg>url=/usuarios/${id}</arg>
<arg>headers=${header}</arg>
<arg>expected_status=200</arg>
<doc>Sends a DELETE request on a previously created HTTP Session.</doc>
<status status="PASS" start="2026-05-28T00:48:10.701308" elapsed="0.049529"/>
</kw>
<kw name="Should Be Equal As Strings" owner="BuiltIn">
<arg>${response.json()['message']}</arg>
<arg>Registro excluído com sucesso</arg>
<doc>Fails if objects are unequal after converting them to strings.</doc>
<status status="PASS" start="2026-05-28T00:48:10.751039" elapsed="0.000594"/>
</kw>
<arg>${id}</arg>
<status status="PASS" start="2026-05-28T00:48:10.700445" elapsed="0.051249"/>
</kw>
<tag>negativo</tag>
<tag>usuario</tag>
<status status="PASS" start="2026-05-28T00:48:10.560261" elapsed="0.191522"/>
</test>
<test id="s1-t3" name="CT-003 Erro - Login com Senha Invalida" line="41">
<kw name="Gerar Email">
<kw name="Evaluate" owner="BuiltIn">
<msg time="2026-05-28T00:48:10.752980" level="INFO">${ts} = 1779929290752930818</msg>
<var>${ts}</var>
<arg>__import__('time').time_ns()</arg>
<doc>Evaluates the given expression in Python and returns the result.</doc>
<status status="PASS" start="2026-05-28T00:48:10.752685" elapsed="0.000319"/>
</kw>
<kw name="Set Variable" owner="BuiltIn">
<msg time="2026-05-28T00:48:10.753342" level="INFO">${email} = ct003_1779929290752930818@test.com</msg>
<var>${email}</var>
<arg>${prefixo}_${ts}@test.com</arg>
<doc>Returns the given values which can then be assigned to a variables.</doc>
<status status="PASS" start="2026-05-28T00:48:10.753113" elapsed="0.000247"/>
</kw>
<return>
<value>${email}</value>
<status status="PASS" start="2026-05-28T00:48:10.753397" elapsed="0.000035"/>
</return>
<msg time="2026-05-28T00:48:10.753521" level="INFO">${email} = ct003_1779929290752930818@test.com</msg>
<var>${email}</var>
<arg>ct003</arg>
<status status="PASS" start="2026-05-28T00:48:10.752460" elapsed="0.001078"/>
</kw>
<kw name="ERRO - Login com Senha Invalida" owner="usuario">
<kw name="Create Dictionary" owner="BuiltIn">
<msg time="2026-05-28T00:48:10.754058" level="INFO">${header} = {'Content-Type': 'application/json'}</msg>
<var>${header}</var>
<arg>Content-Type=application/json</arg>
<doc>Creates and returns a dictionary based on the given ``items``.</doc>
<status status="PASS" start="2026-05-28T00:48:10.753845" elapsed="0.000230"/>
</kw>
<kw name="POST On Session" owner="RequestsLibrary">
<msg time="2026-05-28T00:48:10.808819" level="INFO">POST Request : url=https://serverest.dev/login 
 path_url=/login 
 headers={'User-Agent': 'python-requests/2.34.2', 'Accept-Encoding': 'gzip, deflate', 'Accept': '*/*', 'Connection': 'keep-alive', 'Content-Type': 'application/json', 'Content-Length': '72'} 
 body={"email":"ct003_1779929290752930818@test.com","password":"senha_errada"} 
 </msg>
<msg time="2026-05-28T00:48:10.808901" level="INFO">POST Response : url=https://serverest.dev/login 
 status=401, reason=Unauthorized 
 headers={'access-control-allow-origin': '*', 'x-dns-prefetch-control': 'off', 'x-frame-options': 'SAMEORIGIN', 'strict-transport-security': 'max-age=15552000; includeSubDomains', 'x-download-options': 'noopen', 'x-content-type-options': 'nosniff', 'x-xss-protection': '1; mode=block', 'content-type': 'application/json; charset=utf-8', 'x-cloud-trace-context': '77afd683028c2c15ba5df7c9675471cd', 'date': 'Thu, 28 May 2026 00:48:10 GMT', 'server': 'Google Frontend', 'Content-Length': '48'} 
 body={
    "message": "Email e/ou senha inválidos"
} 
 </msg>
<msg time="2026-05-28T00:48:10.808962" level="INFO">/opt/hostedtoolcache/Python/3.12.13/x64/lib/python3.12/site-packages/urllib3/connectionpool.py:1110: InsecureRequestWarning: Unverified HTTPS request is being made to host 'serverest.dev'. Adding certificate verification is strongly advised. See: https://urllib3.readthedocs.io/en/latest/advanced-usage.html#tls-warnings
  warnings.warn(</msg>
<msg time="2026-05-28T00:48:10.809137" level="INFO">${response} = &lt;Response [401]&gt;</msg>
<var>${response}</var>
<arg>alias=api</arg>
<arg>url=/login</arg>
<arg>headers=${header}</arg>
<arg>data={"email":"${email}","password":"senha_errada"}</arg>
<arg>expected_status=401</arg>
<doc>Sends a POST request on a previously created HTTP Session.</doc>
<status status="PASS" start="2026-05-28T00:48:10.754165" elapsed="0.055010"/>
</kw>
<kw name="Should Be Equal As Strings" owner="BuiltIn">
<arg>${response.json()['message']}</arg>
<arg>Email e/ou senha inválidos</arg>
<doc>Fails if objects are unequal after converting them to strings.</doc>
<status status="PASS" start="2026-05-28T00:48:10.809388" elapsed="0.000919"/>
</kw>
<arg>${email}</arg>
<status status="PASS" start="2026-05-28T00:48:10.753650" elapsed="0.056763"/>
</kw>
<tag>negativo</tag>
<tag>usuario</tag>
<status status="PASS" start="2026-05-28T00:48:10.752005" elapsed="0.058533"/>
</test>
<test id="s1-t4" name="CT-004 Erro - Consultar Usuario Inexistente" line="46">
<kw name="ERRO - Consultar Usuario Inexistente" owner="usuario">
<kw name="Create Dictionary" owner="BuiltIn">
<msg time="2026-05-28T00:48:10.811685" level="INFO">${header} = {'Content-Type': 'application/json'}</msg>
<var>${header}</var>
<arg>Content-Type=application/json</arg>
<doc>Creates and returns a dictionary based on the given ``items``.</doc>
<status status="PASS" start="2026-05-28T00:48:10.811422" elapsed="0.000284"/>
</kw>
<kw name="GET On Session" owner="RequestsLibrary">
<msg time="2026-05-28T00:48:10.865700" level="INFO">GET Request : url=https://serverest.dev/usuarios/id_invalido_000 
 path_url=/usuarios/id_invalido_000 
 headers={'User-Agent': 'python-requests/2.34.2', 'Accept-Encoding': 'gzip, deflate', 'Accept': '*/*', 'Connection': 'keep-alive', 'Content-Type': 'application/json'} 
 body=None 
 </msg>
<msg time="2026-05-28T00:48:10.865780" level="INFO">GET Response : url=https://serverest.dev/usuarios/id_invalido_000 
 status=400, reason=Bad Request 
 headers={'access-control-allow-origin': '*', 'x-dns-prefetch-control': 'off', 'x-frame-options': 'SAMEORIGIN', 'strict-transport-security': 'max-age=15552000; includeSubDomains', 'x-download-options': 'noopen', 'x-content-type-options': 'nosniff', 'x-xss-protection': '1; mode=block', 'content-type': 'application/json; charset=utf-8', 'x-cloud-trace-context': '0b335603a4e219d5ba5df7c967547586', 'date': 'Thu, 28 May 2026 00:48:10 GMT', 'server': 'Google Frontend', 'Content-Length': '67'} 
 body={
    "id": "id deve ter exatamente 16 caracteres alfanuméricos"
} 
 </msg>
<msg time="2026-05-28T00:48:10.865844" level="INFO">/opt/hostedtoolcache/Python/3.12.13/x64/lib/python3.12/site-packages/urllib3/connectionpool.py:1110: InsecureRequestWarning: Unverified HTTPS request is being made to host 'serverest.dev'. Adding certificate verification is strongly advised. See: https://urllib3.readthedocs.io/en/latest/advanced-usage.html#tls-warnings
  warnings.warn(</msg>
<msg time="2026-05-28T00:48:10.865992" level="INFO">${response} = &lt;Response [400]&gt;</msg>
<var>${response}</var>
<arg>alias=api</arg>
<arg>url=/usuarios/id_invalido_000</arg>
<arg>headers=${header}</arg>
<arg>expected_status=400</arg>
<doc>Sends a GET request on a previously created HTTP Session.</doc>
<status status="PASS" start="2026-05-28T00:48:10.811790" elapsed="0.054240"/>
</kw>
<kw name="Should Not Be Empty" owner="BuiltIn">
<msg time="2026-05-28T00:48:10.866986" level="INFO">Length is 1.</msg>
<arg>${response.json()}</arg>
<doc>Verifies that the given item is not empty.</doc>
<status status="PASS" start="2026-05-28T00:48:10.866209" elapsed="0.000818"/>
</kw>
<status status="PASS" start="2026-05-28T00:48:10.811211" elapsed="0.055871"/>
</kw>
<tag>negativo</tag>
<tag>usuario</tag>
<status status="PASS" start="2026-05-28T00:48:10.810765" elapsed="0.056415"/>
</test>
<test id="s1-t5" name="CT-005 CRUD Produto - Fluxo Completo" line="52">
<kw name="Gerar Email">
<kw name="Evaluate" owner="BuiltIn">
<msg time="2026-05-28T00:48:10.868187" level="INFO">${ts} = 1779929290868140925</msg>
<var>${ts}</var>
<arg>__import__('time').time_ns()</arg>
<doc>Evaluates the given expression in Python and returns the result.</doc>
<status status="PASS" start="2026-05-28T00:48:10.867903" elapsed="0.000306"/>
</kw>
<kw name="Set Variable" owner="BuiltIn">
<msg time="2026-05-28T00:48:10.868524" level="INFO">${email} = ct005_1779929290868140925@test.com</msg>
<var>${email}</var>
<arg>${prefixo}_${ts}@test.com</arg>
<doc>Returns the given values which can then be assigned to a variables.</doc>
<status status="PASS" start="2026-05-28T00:48:10.868296" elapsed="0.000246"/>
</kw>
<return>
<value>${email}</value>
<status status="PASS" start="2026-05-28T00:48:10.868621" elapsed="0.000035"/>
</return>
<msg time="2026-05-28T00:48:10.868748" level="INFO">${email} = ct005_1779929290868140925@test.com</msg>
<var>${email}</var>
<arg>ct005</arg>
<status status="PASS" start="2026-05-28T00:48:10.867690" elapsed="0.001075"/>
</kw>
<kw name="Cadastrar Usuario" owner="usuario">
<kw name="Create Dictionary" owner="BuiltIn">
<msg time="2026-05-28T00:48:10.869549" level="INFO">${header} = {'Content-Type': 'application/json'}</msg>
<var>${header}</var>
<arg>Content-Type=application/json</arg>
<doc>Creates and returns a dictionary based on the given ``items``.</doc>
<status status="PASS" start="2026-05-28T00:48:10.869129" elapsed="0.000442"/>
</kw>
<kw name="Set Variable" owner="BuiltIn">
<msg time="2026-05-28T00:48:10.869882" level="INFO">${body} = {"nome":"Usuário Teste","email":"ct005_1779929290868140925@test.com","password":"123456","administrador":"true"}</msg>
<var>${body}</var>
<arg>{"nome":"Usuário Teste","email":"${email}","password":"${password}","administrador":"true"}</arg>
<doc>Returns the given values which can then be assigned to a variables.</doc>
<status status="PASS" start="2026-05-28T00:48:10.869657" elapsed="0.000245"/>
</kw>
<kw name="POST On Session" owner="RequestsLibrary">
<msg time="2026-05-28T00:48:10.917140" level="INFO">POST Request : url=https://serverest.dev/usuarios 
 path_url=/usuarios 
 headers={'User-Agent': 'python-requests/2.34.2', 'Accept-Encoding': 'gzip, deflate', 'Accept': '*/*', 'Connection': 'keep-alive', 'Content-Type': 'application/json', 'Content-Length': '113'} 
 body={"nome":"Usuário Teste","email":"ct005_1779929290868140925@test.com","password":"123456","administrador":"true"} 
 </msg>
<msg time="2026-05-28T00:48:10.917218" level="INFO">POST Response : url=https://serverest.dev/usuarios 
 status=201, reason=Created 
 headers={'access-control-allow-origin': '*', 'x-dns-prefetch-control': 'off', 'x-frame-options': 'SAMEORIGIN', 'strict-transport-security': 'max-age=15552000; includeSubDomains', 'x-download-options': 'noopen', 'x-content-type-options': 'nosniff', 'x-xss-protection': '1; mode=block', 'content-type': 'application/json; charset=utf-8', 'x-cloud-trace-context': 'fb46f83aea030840ba5df7c967547701', 'date': 'Thu, 28 May 2026 00:48:10 GMT', 'server': 'Google Frontend', 'Content-Length': '82'} 
 body={
    "message": "Cadastro realizado com sucesso",
    "_id": "ucf9Wpxi1kaGKsoy"
} 
 </msg>
<msg time="2026-05-28T00:48:10.917298" level="INFO">/opt/hostedtoolcache/Python/3.12.13/x64/lib/python3.12/site-packages/urllib3/connectionpool.py:1110: InsecureRequestWarning: Unverified HTTPS request is being made to host 'serverest.dev'. Adding certificate verification is strongly advised. See: https://urllib3.readthedocs.io/en/latest/advanced-usage.html#tls-warnings
  warnings.warn(</msg>
<msg time="2026-05-28T00:48:10.917437" level="INFO">${response} = &lt;Response [201]&gt;</msg>
<var>${response}</var>
<arg>alias=api</arg>
<arg>url=/usuarios</arg>
<arg>headers=${header}</arg>
<arg>data=${body}</arg>
<arg>expected_status=201</arg>
<doc>Sends a POST request on a previously created HTTP Session.</doc>
<status status="PASS" start="2026-05-28T00:48:10.869979" elapsed="0.047492"/>
</kw>
<kw name="Set Variable" owner="BuiltIn">
<msg time="2026-05-28T00:48:10.918224" level="INFO">${id} = ucf9Wpxi1kaGKsoy</msg>
<var>${id}</var>
<arg>${response.json()['_id']}</arg>
<doc>Returns the given values which can then be assigned to a variables.</doc>
<status status="PASS" start="2026-05-28T00:48:10.917635" elapsed="0.000610"/>
</kw>
<kw name="Should Be Equal As Strings" owner="BuiltIn">
<arg>${response.json()['message']}</arg>
<arg>Cadastro realizado com sucesso</arg>
<doc>Fails if objects are unequal after converting them to strings.</doc>
<status status="PASS" start="2026-05-28T00:48:10.918346" elapsed="0.000430"/>
</kw>
<return>
<value>${id}</value>
<status status="PASS" start="2026-05-28T00:48:10.918820" elapsed="0.000035"/>
</return>
<msg time="2026-05-28T00:48:10.918956" level="INFO">${id} = ucf9Wpxi1kaGKsoy</msg>
<var>${id}</var>
<arg>${email}</arg>
<arg>${PASSWORD}</arg>
<status status="PASS" start="2026-05-28T00:48:10.868892" elapsed="0.050082"/>
</kw>
<kw name="Login do Usuario" owner="usuario">
<kw name="Create Dictionary" owner="BuiltIn">
<msg time="2026-05-28T00:48:10.919636" level="INFO">${header} = {'Content-Type': 'application/json'}</msg>
<var>${header}</var>
<arg>Content-Type=application/json</arg>
<doc>Creates and returns a dictionary based on the given ``items``.</doc>
<status status="PASS" start="2026-05-28T00:48:10.919391" elapsed="0.000265"/>
</kw>
<kw name="POST On Session" owner="RequestsLibrary">
<msg time="2026-05-28T00:48:10.971031" level="INFO">POST Request : url=https://serverest.dev/login 
 path_url=/login 
 headers={'User-Agent': 'python-requests/2.34.2', 'Accept-Encoding': 'gzip, deflate', 'Accept': '*/*', 'Connection': 'keep-alive', 'Content-Type': 'application/json', 'Content-Length': '66'} 
 body={"email":"ct005_1779929290868140925@test.com","password":"123456"} 
 </msg>
<msg time="2026-05-28T00:48:10.971137" level="INFO">POST Response : url=https://serverest.dev/login 
 status=200, reason=OK 
 headers={'access-control-allow-origin': '*', 'x-dns-prefetch-control': 'off', 'x-frame-options': 'SAMEORIGIN', 'strict-transport-security': 'max-age=15552000; includeSubDomains', 'x-download-options': 'noopen', 'x-content-type-options': 'nosniff', 'x-xss-protection': '1; mode=block', 'content-type': 'application/json; charset=utf-8', 'x-cloud-trace-context': '486744371abf7dddba5df7c967547174', 'date': 'Thu, 28 May 2026 00:48:10 GMT', 'server': 'Google Frontend', 'Content-Length': '295'} 
 body={
    "message": "Login realizado com sucesso",
    "authorization": "Bearer eyJhbGciOiJIUzI1NiIsInR5cCI6IkpXVCJ9.eyJlbWFpbCI6ImN0MDA1XzE3Nzk5MjkyOTA4NjgxNDA5MjVAdGVzdC5jb20iLCJwYXNzd29yZCI6IjEyMzQ1NiIsImlhdCI6MTc3OTkyOTI5MCwiZXhwIjoxNzc5OTI5ODkwfQ.5eBkxIa84Nc9zXitmvf0ish_9eZQjQWmrEmudnU9Vf0"
} 
 </msg>
<msg time="2026-05-28T00:48:10.971197" level="INFO">/opt/hostedtoolcache/Python/3.12.13/x64/lib/python3.12/site-packages/urllib3/connectionpool.py:1110: InsecureRequestWarning: Unverified HTTPS request is being made to host 'serverest.dev'. Adding certificate verification is strongly advised. See: https://urllib3.readthedocs.io/en/latest/advanced-usage.html#tls-warnings
  warnings.warn(</msg>
<msg time="2026-05-28T00:48:10.971339" level="INFO">${response} = &lt;Response [200]&gt;</msg>
<var>${response}</var>
<arg>alias=api</arg>
<arg>url=/login</arg>
<arg>headers=${header}</arg>
<arg>data={"email":"${email}","password":"${password}"}</arg>
<arg>expected_status=200</arg>
<doc>Sends a POST request on a previously created HTTP Session.</doc>
<status status="PASS" start="2026-05-28T00:48:10.919739" elapsed="0.051637"/>
</kw>
<kw name="Set Variable" owner="BuiltIn">
<msg time="2026-05-28T00:48:10.972162" level="INFO">${token} = Bearer eyJhbGciOiJIUzI1NiIsInR5cCI6IkpXVCJ9.eyJlbWFpbCI6ImN0MDA1XzE3Nzk5MjkyOTA4NjgxNDA5MjVAdGVzdC5jb20iLCJwYXNzd29yZCI6IjEyMzQ1NiIsImlhdCI6MTc3OTkyOTI5MCwiZXhwIjoxNzc5OTI5ODkwfQ.5eBkxIa84Nc9zXitmvf0i...</msg>
<var>${token}</var>
<arg>${response.json()['authorization']}</arg>
<doc>Returns the given values which can then be assigned to a variables.</doc>
<status status="PASS" start="2026-05-28T00:48:10.971550" elapsed="0.000636"/>
</kw>
<kw name="Should Be Equal As Strings" owner="BuiltIn">
<arg>${response.json()['message']}</arg>
<arg>Login realizado com sucesso</arg>
<doc>Fails if objects are unequal after converting them to strings.</doc>
<status status="PASS" start="2026-05-28T00:48:10.972297" elapsed="0.000443"/>
</kw>
<return>
<value>${token}</value>
<status status="PASS" start="2026-05-28T00:48:10.972786" elapsed="0.000035"/>
</return>
<msg time="2026-05-28T00:48:10.972929" level="INFO">${token} = Bearer eyJhbGciOiJIUzI1NiIsInR5cCI6IkpXVCJ9.eyJlbWFpbCI6ImN0MDA1XzE3Nzk5MjkyOTA4NjgxNDA5MjVAdGVzdC5jb20iLCJwYXNzd29yZCI6IjEyMzQ1NiIsImlhdCI6MTc3OTkyOTI5MCwiZXhwIjoxNzc5OTI5ODkwfQ.5eBkxIa84Nc9zXitmvf0i...</msg>
<var>${token}</var>
<arg>${email}</arg>
<arg>${PASSWORD}</arg>
<status status="PASS" start="2026-05-28T00:48:10.919137" elapsed="0.053849"/>
</kw>
<kw name="Cadastrar Produto" owner="produto">
<kw name="Get File" owner="OperatingSystem">
<msg time="2026-05-28T00:48:10.973516" level="INFO" html="true">Getting file '&lt;a href="file:///home/runner/work/api-automation-serverest/api-automation-serverest/Json/produto.json"&gt;/home/runner/work/api-automation-serverest/api-automation-serverest/Json/produto.json&lt;/a&gt;'.</msg>
<msg time="2026-05-28T00:48:10.973641" level="INFO">${body} = {
  "nome": "Curso RobotFramework",
  "preco": 500,
  "descricao": "Robot",
  "quantidade": 200
}</msg>
<var>${body}</var>
<arg>path=${EXECDIR}/Json/produto.json</arg>
<doc>Returns the contents of a specified file.</doc>
<status status="PASS" start="2026-05-28T00:48:10.973381" elapsed="0.000277"/>
</kw>
<kw name="Create Dictionary" owner="BuiltIn">
<msg time="2026-05-28T00:48:10.974026" level="INFO">${header} = {'Content-Type': 'application/json', 'Authorization': 'Bearer eyJhbGciOiJIUzI1NiIsInR5cCI6IkpXVCJ9.eyJlbWFpbCI6ImN0MDA1XzE3Nzk5MjkyOTA4NjgxNDA5MjVAdGVzdC5jb20iLCJwYXNzd29yZCI6IjEyMzQ1NiIsImlhdCI6MTc3O...</msg>
<var>${header}</var>
<arg>Content-Type=application/json</arg>
<arg>Authorization=${token}</arg>
<doc>Creates and returns a dictionary based on the given ``items``.</doc>
<status status="PASS" start="2026-05-28T00:48:10.973749" elapsed="0.000296"/>
</kw>
<kw name="POST On Session" owner="RequestsLibrary">
<msg time="2026-05-28T00:48:11.029074" level="INFO">POST Request : url=https://serverest.dev/produtos 
 path_url=/produtos 
 headers={'User-Agent': 'python-requests/2.34.2', 'Accept-Encoding': 'gzip, deflate', 'Accept': '*/*', 'Connection': 'keep-alive', 'Content-Type': 'application/json', 'Authorization': 'Bearer eyJhbGciOiJIUzI1NiIsInR5cCI6IkpXVCJ9.eyJlbWFpbCI6ImN0MDA1XzE3Nzk5MjkyOTA4NjgxNDA5MjVAdGVzdC5jb20iLCJwYXNzd29yZCI6IjEyMzQ1NiIsImlhdCI6MTc3OTkyOTI5MCwiZXhwIjoxNzc5OTI5ODkwfQ.5eBkxIa84Nc9zXitmvf0ish_9eZQjQWmrEmudnU9Vf0', 'Content-Length': '97'} 
 body={
  "nome": "Curso RobotFramework",
  "preco": 500,
  "descricao": "Robot",
  "quantidade": 200
} 
 </msg>
<msg time="2026-05-28T00:48:11.029181" level="INFO">POST Response : url=https://serverest.dev/produtos 
 status=400, reason=Bad Request 
 headers={'access-control-allow-origin': '*', 'x-dns-prefetch-control': 'off', 'x-frame-options': 'SAMEORIGIN', 'strict-transport-security': 'max-age=15552000; includeSubDomains', 'x-download-options': 'noopen', 'x-content-type-options': 'nosniff', 'x-xss-protection': '1; mode=block', 'content-type': 'application/json; charset=utf-8', 'x-cloud-trace-context': 'e4c3a20794dda1ebba5df7c967547744', 'date': 'Thu, 28 May 2026 00:48:11 GMT', 'server': 'Google Frontend', 'Content-Length': '53'} 
 body={
    "message": "Já existe produto com esse nome"
} 
 </msg>
<msg time="2026-05-28T00:48:11.029249" level="INFO">/opt/hostedtoolcache/Python/3.12.13/x64/lib/python3.12/site-packages/urllib3/connectionpool.py:1110: InsecureRequestWarning: Unverified HTTPS request is being made to host 'serverest.dev'. Adding certificate verification is strongly advised. See: https://urllib3.readthedocs.io/en/latest/advanced-usage.html#tls-warnings
  warnings.warn(</msg>
<msg time="2026-05-28T00:48:11.029409" level="FAIL">Url: https://serverest.dev/produtos Expected status: 400 != 201</msg>
<var>${response}</var>
<arg>alias=api</arg>
<arg>url=/produtos</arg>
<arg>headers=${header}</arg>
<arg>data=${body}</arg>
<arg>expected_status=201</arg>
<doc>Sends a POST request on a previously created HTTP Session.</doc>
<status status="FAIL" start="2026-05-28T00:48:10.974137" elapsed="0.056107">Url: https://serverest.dev/produtos Expected status: 400 != 201</status>
</kw>
<kw name="Set Variable" owner="BuiltIn">
<var>${idp}</var>
<arg>${response.json()['_id']}</arg>
<doc>Returns the given values which can then be assigned to a variables.</doc>
<status status="NOT RUN" start="2026-05-28T00:48:11.030428" elapsed="0.000024"/>
</kw>
<kw name="Should Be Equal As Strings" owner="BuiltIn">
<arg>${response.json()['message']}</arg>
<arg>Cadastro realizado com sucesso</arg>
<doc>Fails if objects are unequal after converting them to strings.</doc>
<status status="NOT RUN" start="2026-05-28T00:48:11.030528" elapsed="0.000015"/>
</kw>
<return>
<value>${idp}</value>
<status status="NOT RUN" start="2026-05-28T00:48:11.030579" elapsed="0.000018"/>
</return>
<var>${idp}</var>
<arg>${token}</arg>
<status status="FAIL" start="2026-05-28T00:48:10.973162" elapsed="0.057540">Url: https://serverest.dev/produtos Expected status: 400 != 201</status>
</kw>
<kw name="Consultar Produto Lista" owner="produto">
<status status="NOT RUN" start="2026-05-28T00:48:11.030849" elapsed="0.000019"/>
</kw>
<kw name="Consultar Produto ID" owner="produto">
<arg>${idp}</arg>
<status status="NOT RUN" start="2026-05-28T00:48:11.030961" elapsed="0.000015"/>
</kw>
<kw name="Atualizar Produto" owner="produto">
<arg>${idp}</arg>
<arg>${token}</arg>
<status status="NOT RUN" start="2026-05-28T00:48:11.031075" elapsed="0.000016"/>
</kw>
<kw name="Deletar Produto" owner="produto">
<arg>${idp}</arg>
<arg>${token}</arg>
<status status="NOT RUN" start="2026-05-28T00:48:11.031189" elapsed="0.000015"/>
</kw>
<kw name="Deletar Usuario" owner="usuario">
<arg>${id}</arg>
<status status="NOT RUN" start="2026-05-28T00:48:11.031294" elapsed="0.000017"/>
</kw>
<tag>crud</tag>
<tag>produto</tag>
<tag>regressao</tag>
<status status="FAIL" start="2026-05-28T00:48:10.867360" elapsed="0.164074">Url: https://serverest.dev/produtos Expected status: 400 != 201</status>
</test>
<test id="s1-t6" name="CT-006 Erro - Cadastrar Produto Sem Token" line="64">
<kw name="ERRO - Cadastrar Produto Sem Autorizacao" owner="produto">
<kw name="Get File" owner="OperatingSystem">
<msg time="2026-05-28T00:48:11.032522" level="INFO" html="true">Getting file '&lt;a href="file:///home/runner/work/api-automation-serverest/api-automation-serverest/Json/produto.json"&gt;/home/runner/work/api-automation-serverest/api-automation-serverest/Json/produto.json&lt;/a&gt;'.</msg>
<msg time="2026-05-28T00:48:11.032645" level="INFO">${body} = {
  "nome": "Curso RobotFramework",
  "preco": 500,
  "descricao": "Robot",
  "quantidade": 200
}</msg>
<var>${body}</var>
<arg>path=${EXECDIR}/Json/produto.json</arg>
<doc>Returns the contents of a specified file.</doc>
<status status="PASS" start="2026-05-28T00:48:11.032147" elapsed="0.000517"/>
</kw>
<kw name="Create Dictionary" owner="BuiltIn">
<msg time="2026-05-28T00:48:11.033032" level="INFO">${header} = {'Content-Type': 'application/json'}</msg>
<var>${header}</var>
<arg>Content-Type=application/json</arg>
<doc>Creates and returns a dictionary based on the given ``items``.</doc>
<status status="PASS" start="2026-05-28T00:48:11.032765" elapsed="0.000286"/>
</kw>
<kw name="POST On Session" owner="RequestsLibrary">
<msg time="2026-05-28T00:48:11.080815" level="INFO">POST Request : url=https://serverest.dev/produtos 
 path_url=/produtos 
 headers={'User-Agent': 'python-requests/2.34.2', 'Accept-Encoding': 'gzip, deflate', 'Accept': '*/*', 'Connection': 'keep-alive', 'Content-Type': 'application/json', 'Content-Length': '97'} 
 body={
  "nome": "Curso RobotFramework",
  "preco": 500,
  "descricao": "Robot",
  "quantidade": 200
} 
 </msg>
<msg time="2026-05-28T00:48:11.080896" level="INFO">POST Response : url=https://serverest.dev/produtos 
 status=401, reason=Unauthorized 
 headers={'access-control-allow-origin': '*', 'x-dns-prefetch-control': 'off', 'x-frame-options': 'SAMEORIGIN', 'strict-transport-security': 'max-age=15552000; includeSubDomains', 'x-download-options': 'noopen', 'x-content-type-options': 'nosniff', 'x-xss-protection': '1; mode=block', 'content-type': 'application/json; charset=utf-8', 'x-cloud-trace-context': '8a5f49f5b3c858ecba5df7c967547d62', 'date': 'Thu, 28 May 2026 00:48:11 GMT', 'server': 'Google Frontend', 'Content-Length': '103'} 
 body={
    "message": "Token de acesso ausente, inválido, expirado ou usuário do token não existe mais"
} 
 </msg>
<msg time="2026-05-28T00:48:11.080960" level="INFO">/opt/hostedtoolcache/Python/3.12.13/x64/lib/python3.12/site-packages/urllib3/connectionpool.py:1110: InsecureRequestWarning: Unverified HTTPS request is being made to host 'serverest.dev'. Adding certificate verification is strongly advised. See: https://urllib3.readthedocs.io/en/latest/advanced-usage.html#tls-warnings
  warnings.warn(</msg>
<msg time="2026-05-28T00:48:11.081160" level="INFO">${response} = &lt;Response [401]&gt;</msg>
<var>${response}</var>
<arg>alias=api</arg>
<arg>url=/produtos</arg>
<arg>headers=${header}</arg>
<arg>data=${body}</arg>
<arg>expected_status=401</arg>
<doc>Sends a POST request on a previously created HTTP Session.</doc>
<status status="PASS" start="2026-05-28T00:48:11.033149" elapsed="0.048051"/>
</kw>
<kw name="Should Be Equal As Strings" owner="BuiltIn">
<arg>${response.json()['message']}</arg>
<arg>Token de acesso ausente, inválido, expirado ou usuário do token não existe mais</arg>
<doc>Fails if objects are unequal after converting them to strings.</doc>
<status status="PASS" start="2026-05-28T00:48:11.081361" elapsed="0.000571"/>
</kw>
<status status="PASS" start="2026-05-28T00:48:11.031938" elapsed="0.050051"/>
</kw>
<tag>negativo</tag>
<tag>produto</tag>
<status status="PASS" start="2026-05-28T00:48:11.031633" elapsed="0.050435"/>
</test>
<test id="s1-t7" name="CT-007 Erro - Consultar Produto Inexistente" line="68">
<kw name="ERRO - Consultar Produto Inexistente" owner="produto">
<kw name="Create Dictionary" owner="BuiltIn">
<msg time="2026-05-28T00:48:11.083047" level="INFO">${header} = {'Content-Type': 'application/json'}</msg>
<var>${header}</var>
<arg>Content-Type=application/json</arg>
<doc>Creates and returns a dictionary based on the given ``items``.</doc>
<status status="PASS" start="2026-05-28T00:48:11.082790" elapsed="0.000278"/>
</kw>
<kw name="GET On Session" owner="RequestsLibrary">
<msg time="2026-05-28T00:48:11.131763" level="INFO">GET Request : url=https://serverest.dev/produtos/id_invalido_000 
 path_url=/produtos/id_invalido_000 
 headers={'User-Agent': 'python-requests/2.34.2', 'Accept-Encoding': 'gzip, deflate', 'Accept': '*/*', 'Connection': 'keep-alive', 'Content-Type': 'application/json'} 
 body=None 
 </msg>
<msg time="2026-05-28T00:48:11.131840" level="INFO">GET Response : url=https://serverest.dev/produtos/id_invalido_000 
 status=400, reason=Bad Request 
 headers={'access-control-allow-origin': '*', 'x-dns-prefetch-control': 'off', 'x-frame-options': 'SAMEORIGIN', 'strict-transport-security': 'max-age=15552000; includeSubDomains', 'x-download-options': 'noopen', 'x-content-type-options': 'nosniff', 'x-xss-protection': '1; mode=block', 'content-type': 'application/json; charset=utf-8', 'x-cloud-trace-context': '31f1efb952359194ba5df7c967547c9f', 'date': 'Thu, 28 May 2026 00:48:11 GMT', 'server': 'Google Frontend', 'Content-Length': '67'} 
 body={
    "id": "id deve ter exatamente 16 caracteres alfanuméricos"
} 
 </msg>
<msg time="2026-05-28T00:48:11.131898" level="INFO">/opt/hostedtoolcache/Python/3.12.13/x64/lib/python3.12/site-packages/urllib3/connectionpool.py:1110: InsecureRequestWarning: Unverified HTTPS request is being made to host 'serverest.dev'. Adding certificate verification is strongly advised. See: https://urllib3.readthedocs.io/en/latest/advanced-usage.html#tls-warnings
  warnings.warn(</msg>
<msg time="2026-05-28T00:48:11.132045" level="INFO">${response} = &lt;Response [400]&gt;</msg>
<var>${response}</var>
<arg>alias=api</arg>
<arg>url=/produtos/id_invalido_000</arg>
<arg>headers=${header}</arg>
<arg>expected_status=400</arg>
<doc>Sends a GET request on a previously created HTTP Session.</doc>
<status status="PASS" start="2026-05-28T00:48:11.083168" elapsed="0.048912"/>
</kw>
<kw name="Should Not Be Empty" owner="BuiltIn">
<msg time="2026-05-28T00:48:11.132861" level="INFO">Length is 1.</msg>
<arg>${response.json()}</arg>
<doc>Verifies that the given item is not empty.</doc>
<status status="PASS" start="2026-05-28T00:48:11.132260" elapsed="0.000642"/>
</kw>
<status status="PASS" start="2026-05-28T00:48:11.082594" elapsed="0.050361"/>
</kw>
<tag>negativo</tag>
<tag>produto</tag>
<status status="PASS" start="2026-05-28T00:48:11.082265" elapsed="0.050767"/>
</test>
<test id="s1-t8" name="CT-008 Carrinho - Concluir Compra com Sucesso" line="74">
<kw name="Gerar Email">
<kw name="Evaluate" owner="BuiltIn">
<msg time="2026-05-28T00:48:11.134031" level="INFO">${ts} = 1779929291133986732</msg>
<var>${ts}</var>
<arg>__import__('time').time_ns()</arg>
<doc>Evaluates the given expression in Python and returns the result.</doc>
<status status="PASS" start="2026-05-28T00:48:11.133770" elapsed="0.000282"/>
</kw>
<kw name="Set Variable" owner="BuiltIn">
<msg time="2026-05-28T00:48:11.134402" level="INFO">${email} = ct008_1779929291133986732@test.com</msg>
<var>${email}</var>
<arg>${prefixo}_${ts}@test.com</arg>
<doc>Returns the given values which can then be assigned to a variables.</doc>
<status status="PASS" start="2026-05-28T00:48:11.134160" elapsed="0.000261"/>
</kw>
<return>
<value>${email}</value>
<status status="PASS" start="2026-05-28T00:48:11.134457" elapsed="0.000039"/>
</return>
<msg time="2026-05-28T00:48:11.134583" level="INFO">${email} = ct008_1779929291133986732@test.com</msg>
<var>${email}</var>
<arg>ct008</arg>
<status status="PASS" start="2026-05-28T00:48:11.133567" elapsed="0.001032"/>
</kw>
<kw name="Cadastrar Usuario" owner="usuario">
<kw name="Create Dictionary" owner="BuiltIn">
<msg time="2026-05-28T00:48:11.135175" level="INFO">${header} = {'Content-Type': 'application/json'}</msg>
<var>${header}</var>
<arg>Content-Type=application/json</arg>
<doc>Creates and returns a dictionary based on the given ``items``.</doc>
<status status="PASS" start="2026-05-28T00:48:11.134945" elapsed="0.000248"/>
</kw>
<kw name="Set Variable" owner="BuiltIn">
<msg time="2026-05-28T00:48:11.135476" level="INFO">${body} = {"nome":"Usuário Teste","email":"ct008_1779929291133986732@test.com","password":"123456","administrador":"true"}</msg>
<var>${body}</var>
<arg>{"nome":"Usuário Teste","email":"${email}","password":"${password}","administrador":"true"}</arg>
<doc>Returns the given values which can then be assigned to a variables.</doc>
<status status="PASS" start="2026-05-28T00:48:11.135270" elapsed="0.000224"/>
</kw>
<kw name="POST On Session" owner="RequestsLibrary">
<msg time="2026-05-28T00:48:11.182725" level="INFO">POST Request : url=https://serverest.dev/usuarios 
 path_url=/usuarios 
 headers={'User-Agent': 'python-requests/2.34.2', 'Accept-Encoding': 'gzip, deflate', 'Accept': '*/*', 'Connection': 'keep-alive', 'Content-Type': 'application/json', 'Content-Length': '113'} 
 body={"nome":"Usuário Teste","email":"ct008_1779929291133986732@test.com","password":"123456","administrador":"true"} 
 </msg>
<msg time="2026-05-28T00:48:11.182805" level="INFO">POST Response : url=https://serverest.dev/usuarios 
 status=201, reason=Created 
 headers={'access-control-allow-origin': '*', 'x-dns-prefetch-control': 'off', 'x-frame-options': 'SAMEORIGIN', 'strict-transport-security': 'max-age=15552000; includeSubDomains', 'x-download-options': 'noopen', 'x-content-type-options': 'nosniff', 'x-xss-protection': '1; mode=block', 'content-type': 'application/json; charset=utf-8', 'x-cloud-trace-context': '918b80f82e837bdcba5df7c967547760', 'date': 'Thu, 28 May 2026 00:48:11 GMT', 'server': 'Google Frontend', 'Content-Length': '82'} 
 body={
    "message": "Cadastro realizado com sucesso",
    "_id": "vezxi9Q8LP2e3mV2"
} 
 </msg>
<msg time="2026-05-28T00:48:11.182863" level="INFO">/opt/hostedtoolcache/Python/3.12.13/x64/lib/python3.12/site-packages/urllib3/connectionpool.py:1110: InsecureRequestWarning: Unverified HTTPS request is being made to host 'serverest.dev'. Adding certificate verification is strongly advised. See: https://urllib3.readthedocs.io/en/latest/advanced-usage.html#tls-warnings
  warnings.warn(</msg>
<msg time="2026-05-28T00:48:11.183005" level="INFO">${response} = &lt;Response [201]&gt;</msg>
<var>${response}</var>
<arg>alias=api</arg>
<arg>url=/usuarios</arg>
<arg>headers=${header}</arg>
<arg>data=${body}</arg>
<arg>expected_status=201</arg>
<doc>Sends a POST request on a previously created HTTP Session.</doc>
<status status="PASS" start="2026-05-28T00:48:11.135571" elapsed="0.047459"/>
</kw>
<kw name="Set Variable" owner="BuiltIn">
<msg time="2026-05-28T00:48:11.183805" level="INFO">${id} = vezxi9Q8LP2e3mV2</msg>
<var>${id}</var>
<arg>${response.json()['_id']}</arg>
<doc>Returns the given values which can then be assigned to a variables.</doc>
<status status="PASS" start="2026-05-28T00:48:11.183212" elapsed="0.000615"/>
</kw>
<kw name="Should Be Equal As Strings" owner="BuiltIn">
<arg>${response.json()['message']}</arg>
<arg>Cadastro realizado com sucesso</arg>
<doc>Fails if objects are unequal after converting them to strings.</doc>
<status status="PASS" start="2026-05-28T00:48:11.183967" elapsed="0.000466"/>
</kw>
<return>
<value>${id}</value>
<status status="PASS" start="2026-05-28T00:48:11.184479" elapsed="0.000037"/>
</return>
<msg time="2026-05-28T00:48:11.184617" level="INFO">${id} = vezxi9Q8LP2e3mV2</msg>
<var>${id}</var>
<arg>${email}</arg>
<arg>${PASSWORD}</arg>
<status status="PASS" start="2026-05-28T00:48:11.134727" elapsed="0.049907"/>
</kw>
<kw name="Login do Usuario" owner="usuario">
<kw name="Create Dictionary" owner="BuiltIn">
<msg time="2026-05-28T00:48:11.185274" level="INFO">${header} = {'Content-Type': 'application/json'}</msg>
<var>${header}</var>
<arg>Content-Type=application/json</arg>
<doc>Creates and returns a dictionary based on the given ``items``.</doc>
<status status="PASS" start="2026-05-28T00:48:11.185027" elapsed="0.000267"/>
</kw>
<kw name="POST On Session" owner="RequestsLibrary">
<msg time="2026-05-28T00:48:11.235238" level="INFO">POST Request : url=https://serverest.dev/login 
 path_url=/login 
 headers={'User-Agent': 'python-requests/2.34.2', 'Accept-Encoding': 'gzip, deflate', 'Accept': '*/*', 'Connection': 'keep-alive', 'Content-Type': 'application/json', 'Content-Length': '66'} 
 body={"email":"ct008_1779929291133986732@test.com","password":"123456"} 
 </msg>
<msg time="2026-05-28T00:48:11.235317" level="INFO">POST Response : url=https://serverest.dev/login 
 status=200, reason=OK 
 headers={'access-control-allow-origin': '*', 'x-dns-prefetch-control': 'off', 'x-frame-options': 'SAMEORIGIN', 'strict-transport-security': 'max-age=15552000; includeSubDomains', 'x-download-options': 'noopen', 'x-content-type-options': 'nosniff', 'x-xss-protection': '1; mode=block', 'content-type': 'application/json; charset=utf-8', 'x-cloud-trace-context': 'f4d6301762ff2dcfba5df7c967547b67', 'date': 'Thu, 28 May 2026 00:48:11 GMT', 'server': 'Google Frontend', 'Content-Length': '295'} 
 body={
    "message": "Login realizado com sucesso",
    "authorization": "Bearer eyJhbGciOiJIUzI1NiIsInR5cCI6IkpXVCJ9.eyJlbWFpbCI6ImN0MDA4XzE3Nzk5MjkyOTExMzM5ODY3MzJAdGVzdC5jb20iLCJwYXNzd29yZCI6IjEyMzQ1NiIsImlhdCI6MTc3OTkyOTI5MSwiZXhwIjoxNzc5OTI5ODkxfQ.yeK-Vlga01sKgSq8yYXr5oRFRZb1tfWA4mDCy_DG8OU"
} 
 </msg>
<msg time="2026-05-28T00:48:11.235401" level="INFO">/opt/hostedtoolcache/Python/3.12.13/x64/lib/python3.12/site-packages/urllib3/connectionpool.py:1110: InsecureRequestWarning: Unverified HTTPS request is being made to host 'serverest.dev'. Adding certificate verification is strongly advised. See: https://urllib3.readthedocs.io/en/latest/advanced-usage.html#tls-warnings
  warnings.warn(</msg>
<msg time="2026-05-28T00:48:11.235544" level="INFO">${response} = &lt;Response [200]&gt;</msg>
<var>${response}</var>
<arg>alias=api</arg>
<arg>url=/login</arg>
<arg>headers=${header}</arg>
<arg>data={"email":"${email}","password":"${password}"}</arg>
<arg>expected_status=200</arg>
<doc>Sends a POST request on a previously created HTTP Session.</doc>
<status status="PASS" start="2026-05-28T00:48:11.185377" elapsed="0.050198"/>
</kw>
<kw name="Set Variable" owner="BuiltIn">
<msg time="2026-05-28T00:48:11.236354" level="INFO">${token} = Bearer eyJhbGciOiJIUzI1NiIsInR5cCI6IkpXVCJ9.eyJlbWFpbCI6ImN0MDA4XzE3Nzk5MjkyOTExMzM5ODY3MzJAdGVzdC5jb20iLCJwYXNzd29yZCI6IjEyMzQ1NiIsImlhdCI6MTc3OTkyOTI5MSwiZXhwIjoxNzc5OTI5ODkxfQ.yeK-Vlga01sKgSq8yYXr5...</msg>
<var>${token}</var>
<arg>${response.json()['authorization']}</arg>
<doc>Returns the given values which can then be assigned to a variables.</doc>
<status status="PASS" start="2026-05-28T00:48:11.235751" elapsed="0.000626"/>
</kw>
<kw name="Should Be Equal As Strings" owner="BuiltIn">
<arg>${response.json()['message']}</arg>
<arg>Login realizado com sucesso</arg>
<doc>Fails if objects are unequal after converting them to strings.</doc>
<status status="PASS" start="2026-05-28T00:48:11.236479" elapsed="0.000430"/>
</kw>
<return>
<value>${token}</value>
<status status="PASS" start="2026-05-28T00:48:11.236954" elapsed="0.000036"/>
</return>
<msg time="2026-05-28T00:48:11.237107" level="INFO">${token} = Bearer eyJhbGciOiJIUzI1NiIsInR5cCI6IkpXVCJ9.eyJlbWFpbCI6ImN0MDA4XzE3Nzk5MjkyOTExMzM5ODY3MzJAdGVzdC5jb20iLCJwYXNzd29yZCI6IjEyMzQ1NiIsImlhdCI6MTc3OTkyOTI5MSwiZXhwIjoxNzc5OTI5ODkxfQ.yeK-Vlga01sKgSq8yYXr5...</msg>
<var>${token}</var>
<arg>${email}</arg>
<arg>${PASSWORD}</arg>
<status status="PASS" start="2026-05-28T00:48:11.184782" elapsed="0.052345"/>
</kw>
<kw name="Cadastrar Produto" owner="produto">
<kw name="Get File" owner="OperatingSystem">
<msg time="2026-05-28T00:48:11.237627" level="INFO" html="true">Getting file '&lt;a href="file:///home/runner/work/api-automation-serverest/api-automation-serverest/Json/produto.json"&gt;/home/runner/work/api-automation-serverest/api-automation-serverest/Json/produto.json&lt;/a&gt;'.</msg>
<msg time="2026-05-28T00:48:11.237756" level="INFO">${body} = {
  "nome": "Curso RobotFramework",
  "preco": 500,
  "descricao": "Robot",
  "quantidade": 200
}</msg>
<var>${body}</var>
<arg>path=${EXECDIR}/Json/produto.json</arg>
<doc>Returns the contents of a specified file.</doc>
<status status="PASS" start="2026-05-28T00:48:11.237495" elapsed="0.000278"/>
</kw>
<kw name="Create Dictionary" owner="BuiltIn">
<msg time="2026-05-28T00:48:11.238160" level="INFO">${header} = {'Content-Type': 'application/json', 'Authorization': 'Bearer eyJhbGciOiJIUzI1NiIsInR5cCI6IkpXVCJ9.eyJlbWFpbCI6ImN0MDA4XzE3Nzk5MjkyOTExMzM5ODY3MzJAdGVzdC5jb20iLCJwYXNzd29yZCI6IjEyMzQ1NiIsImlhdCI6MTc3O...</msg>
<var>${header}</var>
<arg>Content-Type=application/json</arg>
<arg>Authorization=${token}</arg>
<doc>Creates and returns a dictionary based on the given ``items``.</doc>
<status status="PASS" start="2026-05-28T00:48:11.237866" elapsed="0.000316"/>
</kw>
<kw name="POST On Session" owner="RequestsLibrary">
<msg time="2026-05-28T00:48:11.290908" level="INFO">POST Request : url=https://serverest.dev/produtos 
 path_url=/produtos 
 headers={'User-Agent': 'python-requests/2.34.2', 'Accept-Encoding': 'gzip, deflate', 'Accept': '*/*', 'Connection': 'keep-alive', 'Content-Type': 'application/json', 'Authorization': 'Bearer eyJhbGciOiJIUzI1NiIsInR5cCI6IkpXVCJ9.eyJlbWFpbCI6ImN0MDA4XzE3Nzk5MjkyOTExMzM5ODY3MzJAdGVzdC5jb20iLCJwYXNzd29yZCI6IjEyMzQ1NiIsImlhdCI6MTc3OTkyOTI5MSwiZXhwIjoxNzc5OTI5ODkxfQ.yeK-Vlga01sKgSq8yYXr5oRFRZb1tfWA4mDCy_DG8OU', 'Content-Length': '97'} 
 body={
  "nome": "Curso RobotFramework",
  "preco": 500,
  "descricao": "Robot",
  "quantidade": 200
} 
 </msg>
<msg time="2026-05-28T00:48:11.290992" level="INFO">POST Response : url=https://serverest.dev/produtos 
 status=400, reason=Bad Request 
 headers={'access-control-allow-origin': '*', 'x-dns-prefetch-control': 'off', 'x-frame-options': 'SAMEORIGIN', 'strict-transport-security': 'max-age=15552000; includeSubDomains', 'x-download-options': 'noopen', 'x-content-type-options': 'nosniff', 'x-xss-protection': '1; mode=block', 'content-type': 'application/json; charset=utf-8', 'x-cloud-trace-context': '020b629960a6df36ba5df7c967547628', 'date': 'Thu, 28 May 2026 00:48:11 GMT', 'server': 'Google Frontend', 'Content-Length': '53'} 
 body={
    "message": "Já existe produto com esse nome"
} 
 </msg>
<msg time="2026-05-28T00:48:11.291058" level="INFO">/opt/hostedtoolcache/Python/3.12.13/x64/lib/python3.12/site-packages/urllib3/connectionpool.py:1110: InsecureRequestWarning: Unverified HTTPS request is being made to host 'serverest.dev'. Adding certificate verification is strongly advised. See: https://urllib3.readthedocs.io/en/latest/advanced-usage.html#tls-warnings
  warnings.warn(</msg>
<msg time="2026-05-28T00:48:11.291221" level="FAIL">Url: https://serverest.dev/produtos Expected status: 400 != 201</msg>
<var>${response}</var>
<arg>alias=api</arg>
<arg>url=/produtos</arg>
<arg>headers=${header}</arg>
<arg>data=${body}</arg>
<arg>expected_status=201</arg>
<doc>Sends a POST request on a previously created HTTP Session.</doc>
<status status="FAIL" start="2026-05-28T00:48:11.238263" elapsed="0.053388">Url: https://serverest.dev/produtos Expected status: 400 != 201</status>
</kw>
<kw name="Set Variable" owner="BuiltIn">
<var>${idp}</var>
<arg>${response.json()['_id']}</arg>
<doc>Returns the given values which can then be assigned to a variables.</doc>
<status status="NOT RUN" start="2026-05-28T00:48:11.291863" elapsed="0.000027"/>
</kw>
<kw name="Should Be Equal As Strings" owner="BuiltIn">
<arg>${response.json()['message']}</arg>
<arg>Cadastro realizado com sucesso</arg>
<doc>Fails if objects are unequal after converting them to strings.</doc>
<status status="NOT RUN" start="2026-05-28T00:48:11.291966" elapsed="0.000014"/>
</kw>
<return>
<value>${idp}</value>
<status status="NOT RUN" start="2026-05-28T00:48:11.292014" elapsed="0.000019"/>
</return>
<var>${idp}</var>
<arg>${token}</arg>
<status status="FAIL" start="2026-05-28T00:48:11.237286" elapsed="0.054859">Url: https://serverest.dev/produtos Expected status: 400 != 201</status>
</kw>
<kw name="Cadastrar Carrinho" owner="carrinho">
<var>${idc}</var>
<arg>${token}</arg>
<arg>${idp}</arg>
<status status="NOT RUN" start="2026-05-28T00:48:11.292316" elapsed="0.000020"/>
</kw>
<kw name="Consultar Carrinho Lista" owner="carrinho">
<status status="NOT RUN" start="2026-05-28T00:48:11.292428" elapsed="0.000015"/>
</kw>
<kw name="Consultar Carrinho ID" owner="carrinho">
<arg>${idc}</arg>
<status status="NOT RUN" start="2026-05-28T00:48:11.292526" elapsed="0.000016"/>
</kw>
<kw name="Deletar Carrinho Concluir Compra" owner="carrinho">
<arg>${token}</arg>
<status status="NOT RUN" start="2026-05-28T00:48:11.292628" elapsed="0.000015"/>
</kw>
<kw name="Deletar Produto" owner="produto">
<arg>${idp}</arg>
<arg>${token}</arg>
<status status="NOT RUN" start="2026-05-28T00:48:11.292725" elapsed="0.000014"/>
</kw>
<kw name="Deletar Usuario" owner="usuario">
<arg>${id}</arg>
<status status="NOT RUN" start="2026-05-28T00:48:11.292821" elapsed="0.000014"/>
</kw>
<tag>carrinho</tag>
<tag>crud</tag>
<tag>regressao</tag>
<status status="FAIL" start="2026-05-28T00:48:11.133233" elapsed="0.159718">Url: https://serverest.dev/produtos Expected status: 400 != 201</status>
</test>
<test id="s1-t9" name="CT-009 Carrinho - Cancelar Compra" line="87">
<kw name="Gerar Email">
<kw name="Evaluate" owner="BuiltIn">
<msg time="2026-05-28T00:48:11.293962" level="INFO">${ts} = 1779929291293913573</msg>
<var>${ts}</var>
<arg>__import__('time').time_ns()</arg>
<doc>Evaluates the given expression in Python and returns the result.</doc>
<status status="PASS" start="2026-05-28T00:48:11.293650" elapsed="0.000332"/>
</kw>
<kw name="Set Variable" owner="BuiltIn">
<msg time="2026-05-28T00:48:11.294332" level="INFO">${email} = ct009_1779929291293913573@test.com</msg>
<var>${email}</var>
<arg>${prefixo}_${ts}@test.com</arg>
<doc>Returns the given values which can then be assigned to a variables.</doc>
<status status="PASS" start="2026-05-28T00:48:11.294069" elapsed="0.000283"/>
</kw>
<return>
<value>${email}</value>
<status status="PASS" start="2026-05-28T00:48:11.294388" elapsed="0.000027"/>
</return>
<msg time="2026-05-28T00:48:11.294504" level="INFO">${email} = ct009_1779929291293913573@test.com</msg>
<var>${email}</var>
<arg>ct009</arg>
<status status="PASS" start="2026-05-28T00:48:11.293441" elapsed="0.001078"/>
</kw>
<kw name="Cadastrar Usuario" owner="usuario">
<kw name="Create Dictionary" owner="BuiltIn">
<msg time="2026-05-28T00:48:11.295089" level="INFO">${header} = {'Content-Type': 'application/json'}</msg>
<var>${header}</var>
<arg>Content-Type=application/json</arg>
<doc>Creates and returns a dictionary based on the given ``items``.</doc>
<status status="PASS" start="2026-05-28T00:48:11.294870" elapsed="0.000249"/>
</kw>
<kw name="Set Variable" owner="BuiltIn">
<msg time="2026-05-28T00:48:11.295405" level="INFO">${body} = {"nome":"Usuário Teste","email":"ct009_1779929291293913573@test.com","password":"123456","administrador":"true"}</msg>
<var>${body}</var>
<arg>{"nome":"Usuário Teste","email":"${email}","password":"${password}","administrador":"true"}</arg>
<doc>Returns the given values which can then be assigned to a variables.</doc>
<status status="PASS" start="2026-05-28T00:48:11.295196" elapsed="0.000226"/>
</kw>
<kw name="POST On Session" owner="RequestsLibrary">
<msg time="2026-05-28T00:48:11.343447" level="INFO">POST Request : url=https://serverest.dev/usuarios 
 path_url=/usuarios 
 headers={'User-Agent': 'python-requests/2.34.2', 'Accept-Encoding': 'gzip, deflate', 'Accept': '*/*', 'Connection': 'keep-alive', 'Content-Type': 'application/json', 'Content-Length': '113'} 
 body={"nome":"Usuário Teste","email":"ct009_1779929291293913573@test.com","password":"123456","administrador":"true"} 
 </msg>
<msg time="2026-05-28T00:48:11.343528" level="INFO">POST Response : url=https://serverest.dev/usuarios 
 status=201, reason=Created 
 headers={'access-control-allow-origin': '*', 'x-dns-prefetch-control': 'off', 'x-frame-options': 'SAMEORIGIN', 'strict-transport-security': 'max-age=15552000; includeSubDomains', 'x-download-options': 'noopen', 'x-content-type-options': 'nosniff', 'x-xss-protection': '1; mode=block', 'content-type': 'application/json; charset=utf-8', 'x-cloud-trace-context': '3924291caafdb7b8ba5df7c9675470e9', 'date': 'Thu, 28 May 2026 00:48:11 GMT', 'server': 'Google Frontend', 'Content-Length': '82'} 
 body={
    "message": "Cadastro realizado com sucesso",
    "_id": "ochS6xMQpVq8Frf7"
} 
 </msg>
<msg time="2026-05-28T00:48:11.343587" level="INFO">/opt/hostedtoolcache/Python/3.12.13/x64/lib/python3.12/site-packages/urllib3/connectionpool.py:1110: InsecureRequestWarning: Unverified HTTPS request is being made to host 'serverest.dev'. Adding certificate verification is strongly advised. See: https://urllib3.readthedocs.io/en/latest/advanced-usage.html#tls-warnings
  warnings.warn(</msg>
<msg time="2026-05-28T00:48:11.343712" level="INFO">${response} = &lt;Response [201]&gt;</msg>
<var>${response}</var>
<arg>alias=api</arg>
<arg>url=/usuarios</arg>
<arg>headers=${header}</arg>
<arg>data=${body}</arg>
<arg>expected_status=201</arg>
<doc>Sends a POST request on a previously created HTTP Session.</doc>
<status status="PASS" start="2026-05-28T00:48:11.295493" elapsed="0.048246"/>
</kw>
<kw name="Set Variable" owner="BuiltIn">
<msg time="2026-05-28T00:48:11.344706" level="INFO">${id} = ochS6xMQpVq8Frf7</msg>
<var>${id}</var>
<arg>${response.json()['_id']}</arg>
<doc>Returns the given values which can then be assigned to a variables.</doc>
<status status="PASS" start="2026-05-28T00:48:11.343918" elapsed="0.000810"/>
</kw>
<kw name="Should Be Equal As Strings" owner="BuiltIn">
<arg>${response.json()['message']}</arg>
<arg>Cadastro realizado com sucesso</arg>
<doc>Fails if objects are unequal after converting them to strings.</doc>
<status status="PASS" start="2026-05-28T00:48:11.344830" elapsed="0.000478"/>
</kw>
<return>
<value>${id}</value>
<status status="PASS" start="2026-05-28T00:48:11.345355" elapsed="0.000036"/>
</return>
<msg time="2026-05-28T00:48:11.345494" level="INFO">${id} = ochS6xMQpVq8Frf7</msg>
<var>${id}</var>
<arg>${email}</arg>
<arg>${PASSWORD}</arg>
<status status="PASS" start="2026-05-28T00:48:11.294641" elapsed="0.050872"/>
</kw>
<kw name="Login do Usuario" owner="usuario">
<kw name="Create Dictionary" owner="BuiltIn">
<msg time="2026-05-28T00:48:11.346129" level="INFO">${header} = {'Content-Type': 'application/json'}</msg>
<var>${header}</var>
<arg>Content-Type=application/json</arg>
<doc>Creates and returns a dictionary based on the given ``items``.</doc>
<status status="PASS" start="2026-05-28T00:48:11.345897" elapsed="0.000252"/>
</kw>
<kw name="POST On Session" owner="RequestsLibrary">
<msg time="2026-05-28T00:48:11.394985" level="INFO">POST Request : url=https://serverest.dev/login 
 path_url=/login 
 headers={'User-Agent': 'python-requests/2.34.2', 'Accept-Encoding': 'gzip, deflate', 'Accept': '*/*', 'Connection': 'keep-alive', 'Content-Type': 'application/json', 'Content-Length': '66'} 
 body={"email":"ct009_1779929291293913573@test.com","password":"123456"} 
 </msg>
<msg time="2026-05-28T00:48:11.395066" level="INFO">POST Response : url=https://serverest.dev/login 
 status=200, reason=OK 
 headers={'access-control-allow-origin': '*', 'x-dns-prefetch-control': 'off', 'x-frame-options': 'SAMEORIGIN', 'strict-transport-security': 'max-age=15552000; includeSubDomains', 'x-download-options': 'noopen', 'x-content-type-options': 'nosniff', 'x-xss-protection': '1; mode=block', 'content-type': 'application/json; charset=utf-8', 'x-cloud-trace-context': '8546bf48fbccd41eba5df7c967547de8', 'date': 'Thu, 28 May 2026 00:48:11 GMT', 'server': 'Google Frontend', 'Content-Length': '295'} 
 body={
    "message": "Login realizado com sucesso",
    "authorization": "Bearer eyJhbGciOiJIUzI1NiIsInR5cCI6IkpXVCJ9.eyJlbWFpbCI6ImN0MDA5XzE3Nzk5MjkyOTEyOTM5MTM1NzNAdGVzdC5jb20iLCJwYXNzd29yZCI6IjEyMzQ1NiIsImlhdCI6MTc3OTkyOTI5MSwiZXhwIjoxNzc5OTI5ODkxfQ.o5SeSXUKEjzhgIyzpQs5KnF50Odi40efp61hevIkAq8"
} 
 </msg>
<msg time="2026-05-28T00:48:11.395218" level="INFO">/opt/hostedtoolcache/Python/3.12.13/x64/lib/python3.12/site-packages/urllib3/connectionpool.py:1110: InsecureRequestWarning: Unverified HTTPS request is being made to host 'serverest.dev'. Adding certificate verification is strongly advised. See: https://urllib3.readthedocs.io/en/latest/advanced-usage.html#tls-warnings
  warnings.warn(</msg>
<msg time="2026-05-28T00:48:11.395353" level="INFO">${response} = &lt;Response [200]&gt;</msg>
<var>${response}</var>
<arg>alias=api</arg>
<arg>url=/login</arg>
<arg>headers=${header}</arg>
<arg>data={"email":"${email}","password":"${password}"}</arg>
<arg>expected_status=200</arg>
<doc>Sends a POST request on a previously created HTTP Session.</doc>
<status status="PASS" start="2026-05-28T00:48:11.346228" elapsed="0.049154"/>
</kw>
<kw name="Set Variable" owner="BuiltIn">
<msg time="2026-05-28T00:48:11.396133" level="INFO">${token} = Bearer eyJhbGciOiJIUzI1NiIsInR5cCI6IkpXVCJ9.eyJlbWFpbCI6ImN0MDA5XzE3Nzk5MjkyOTEyOTM5MTM1NzNAdGVzdC5jb20iLCJwYXNzd29yZCI6IjEyMzQ1NiIsImlhdCI6MTc3OTkyOTI5MSwiZXhwIjoxNzc5OTI5ODkxfQ.o5SeSXUKEjzhgIyzpQs5K...</msg>
<var>${token}</var>
<arg>${response.json()['authorization']}</arg>
<doc>Returns the given values which can then be assigned to a variables.</doc>
<status status="PASS" start="2026-05-28T00:48:11.395561" elapsed="0.000595"/>
</kw>
<kw name="Should Be Equal As Strings" owner="BuiltIn">
<arg>${response.json()['message']}</arg>
<arg>Login realizado com sucesso</arg>
<doc>Fails if objects are unequal after converting them to strings.</doc>
<status status="PASS" start="2026-05-28T00:48:11.396262" elapsed="0.000429"/>
</kw>
<return>
<value>${token}</value>
<status status="PASS" start="2026-05-28T00:48:11.396738" elapsed="0.000035"/>
</return>
<msg time="2026-05-28T00:48:11.396878" level="INFO">${token} = Bearer eyJhbGciOiJIUzI1NiIsInR5cCI6IkpXVCJ9.eyJlbWFpbCI6ImN0MDA5XzE3Nzk5MjkyOTEyOTM5MTM1NzNAdGVzdC5jb20iLCJwYXNzd29yZCI6IjEyMzQ1NiIsImlhdCI6MTc3OTkyOTI5MSwiZXhwIjoxNzc5OTI5ODkxfQ.o5SeSXUKEjzhgIyzpQs5K...</msg>
<var>${token}</var>
<arg>${email}</arg>
<arg>${PASSWORD}</arg>
<status status="PASS" start="2026-05-28T00:48:11.345657" elapsed="0.051241"/>
</kw>
<kw name="Cadastrar Produto" owner="produto">
<kw name="Get File" owner="OperatingSystem">
<msg time="2026-05-28T00:48:11.397408" level="INFO" html="true">Getting file '&lt;a href="file:///home/runner/work/api-automation-serverest/api-automation-serverest/Json/produto.json"&gt;/home/runner/work/api-automation-serverest/api-automation-serverest/Json/produto.json&lt;/a&gt;'.</msg>
<msg time="2026-05-28T00:48:11.397538" level="INFO">${body} = {
  "nome": "Curso RobotFramework",
  "preco": 500,
  "descricao": "Robot",
  "quantidade": 200
}</msg>
<var>${body}</var>
<arg>path=${EXECDIR}/Json/produto.json</arg>
<doc>Returns the contents of a specified file.</doc>
<status status="PASS" start="2026-05-28T00:48:11.397274" elapsed="0.000282"/>
</kw>
<kw name="Create Dictionary" owner="BuiltIn">
<msg time="2026-05-28T00:48:11.397916" level="INFO">${header} = {'Content-Type': 'application/json', 'Authorization': 'Bearer eyJhbGciOiJIUzI1NiIsInR5cCI6IkpXVCJ9.eyJlbWFpbCI6ImN0MDA5XzE3Nzk5MjkyOTEyOTM5MTM1NzNAdGVzdC5jb20iLCJwYXNzd29yZCI6IjEyMzQ1NiIsImlhdCI6MTc3O...</msg>
<var>${header}</var>
<arg>Content-Type=application/json</arg>
<arg>Authorization=${token}</arg>
<doc>Creates and returns a dictionary based on the given ``items``.</doc>
<status status="PASS" start="2026-05-28T00:48:11.397645" elapsed="0.000290"/>
</kw>
<kw name="POST On Session" owner="RequestsLibrary">
<msg time="2026-05-28T00:48:11.448033" level="INFO">POST Request : url=https://serverest.dev/produtos 
 path_url=/produtos 
 headers={'User-Agent': 'python-requests/2.34.2', 'Accept-Encoding': 'gzip, deflate', 'Accept': '*/*', 'Connection': 'keep-alive', 'Content-Type': 'application/json', 'Authorization': 'Bearer eyJhbGciOiJIUzI1NiIsInR5cCI6IkpXVCJ9.eyJlbWFpbCI6ImN0MDA5XzE3Nzk5MjkyOTEyOTM5MTM1NzNAdGVzdC5jb20iLCJwYXNzd29yZCI6IjEyMzQ1NiIsImlhdCI6MTc3OTkyOTI5MSwiZXhwIjoxNzc5OTI5ODkxfQ.o5SeSXUKEjzhgIyzpQs5KnF50Odi40efp61hevIkAq8', 'Content-Length': '97'} 
 body={
  "nome": "Curso RobotFramework",
  "preco": 500,
  "descricao": "Robot",
  "quantidade": 200
} 
 </msg>
<msg time="2026-05-28T00:48:11.448143" level="INFO">POST Response : url=https://serverest.dev/produtos 
 status=400, reason=Bad Request 
 headers={'access-control-allow-origin': '*', 'x-dns-prefetch-control': 'off', 'x-frame-options': 'SAMEORIGIN', 'strict-transport-security': 'max-age=15552000; includeSubDomains', 'x-download-options': 'noopen', 'x-content-type-options': 'nosniff', 'x-xss-protection': '1; mode=block', 'content-type': 'application/json; charset=utf-8', 'x-cloud-trace-context': '971874478a4067ccba5df7c967547d25', 'date': 'Thu, 28 May 2026 00:48:11 GMT', 'server': 'Google Frontend', 'Content-Length': '53'} 
 body={
    "message": "Já existe produto com esse nome"
} 
 </msg>
<msg time="2026-05-28T00:48:11.448217" level="INFO">/opt/hostedtoolcache/Python/3.12.13/x64/lib/python3.12/site-packages/urllib3/connectionpool.py:1110: InsecureRequestWarning: Unverified HTTPS request is being made to host 'serverest.dev'. Adding certificate verification is strongly advised. See: https://urllib3.readthedocs.io/en/latest/advanced-usage.html#tls-warnings
  warnings.warn(</msg>
<msg time="2026-05-28T00:48:11.448327" level="FAIL">Url: https://serverest.dev/produtos Expected status: 400 != 201</msg>
<var>${response}</var>
<arg>alias=api</arg>
<arg>url=/produtos</arg>
<arg>headers=${header}</arg>
<arg>data=${body}</arg>
<arg>expected_status=201</arg>
<doc>Sends a POST request on a previously created HTTP Session.</doc>
<status status="FAIL" start="2026-05-28T00:48:11.398013" elapsed="0.050720">Url: https://serverest.dev/produtos Expected status: 400 != 201</status>
</kw>
<kw name="Set Variable" owner="BuiltIn">
<var>${idp}</var>
<arg>${response.json()['_id']}</arg>
<doc>Returns the given values which can then be assigned to a variables.</doc>
<status status="NOT RUN" start="2026-05-28T00:48:11.448899" elapsed="0.000025"/>
</kw>
<kw name="Should Be Equal As Strings" owner="BuiltIn">
<arg>${response.json()['message']}</arg>
<arg>Cadastro realizado com sucesso</arg>
<doc>Fails if objects are unequal after converting them to strings.</doc>
<status status="NOT RUN" start="2026-05-28T00:48:11.448997" elapsed="0.000013"/>
</kw>
<return>
<value>${idp}</value>
<status status="NOT RUN" start="2026-05-28T00:48:11.449045" elapsed="0.000017"/>
</return>
<var>${idp}</var>
<arg>${token}</arg>
<status status="FAIL" start="2026-05-28T00:48:11.397050" elapsed="0.052117">Url: https://serverest.dev/produtos Expected status: 400 != 201</status>
</kw>
<kw name="Cadastrar Carrinho" owner="carrinho">
<var>${idc}</var>
<arg>${token}</arg>
<arg>${idp}</arg>
<status status="NOT RUN" start="2026-05-28T00:48:11.449348" elapsed="0.000019"/>
</kw>
<kw name="Consultar Carrinho Lista" owner="carrinho">
<status status="NOT RUN" start="2026-05-28T00:48:11.449458" elapsed="0.000014"/>
</kw>
<kw name="Consultar Carrinho ID" owner="carrinho">
<arg>${idc}</arg>
<status status="NOT RUN" start="2026-05-28T00:48:11.449560" elapsed="0.000014"/>
</kw>
<kw name="Deletar Carrinho Cancelar Compra" owner="carrinho">
<arg>${token}</arg>
<status status="NOT RUN" start="2026-05-28T00:48:11.449658" elapsed="0.000014"/>
</kw>
<kw name="Deletar Produto" owner="produto">
<arg>${idp}</arg>
<arg>${token}</arg>
<status status="NOT RUN" start="2026-05-28T00:48:11.449794" elapsed="0.000015"/>
</kw>
<kw name="Deletar Usuario" owner="usuario">
<arg>${id}</arg>
<status status="NOT RUN" start="2026-05-28T00:48:11.449894" elapsed="0.000014"/>
</kw>
<tag>carrinho</tag>
<tag>regressao</tag>
<status status="FAIL" start="2026-05-28T00:48:11.293151" elapsed="0.156870">Url: https://serverest.dev/produtos Expected status: 400 != 201</status>
</test>
<kw name="Encerrar Sessão" owner="usuario" type="TEARDOWN">
<kw name="Delete All Sessions" owner="RequestsLibrary">
<msg time="2026-05-28T00:48:11.450750" level="INFO">Deleting All Sessions</msg>
<doc>Removes all the session objects</doc>
<status status="PASS" start="2026-05-28T00:48:11.450686" elapsed="0.000131"/>
</kw>
<status status="PASS" start="2026-05-28T00:48:11.450524" elapsed="0.000336"/>
</kw>
<status status="FAIL" start="2026-05-28T00:48:09.370116" elapsed="2.080763"/>
</suite>
<statistics>
<total>
<stat pass="6" fail="3" skip="0">All Tests</stat>
</total>
<tag>
<stat pass="0" fail="2" skip="0">carrinho</stat>
<stat pass="1" fail="2" skip="0">crud</stat>
<stat pass="5" fail="0" skip="0">negativo</stat>
<stat pass="2" fail="1" skip="0">produto</stat>
<stat pass="1" fail="3" skip="0">regressao</stat>
<stat pass="4" fail="0" skip="0">usuario</stat>
</tag>
<suite>
<stat name="API Serverrest" id="s1" pass="6" fail="3" skip="0">API Serverrest</stat>
</suite>
</statistics>
<errors>
</errors>
</robot>
